<?xml version="1.0" encoding="UTF-8"?>
<!DOCTYPE coverage SYSTEM "http://cobertura.sourceforge.net/xml/coverage-04.dtd">
<coverage line-rate="1" branch-rate="0" lines-covered="750" lines-valid="750" branches-covered="0" branches-valid="0" complexity="181" version="0.4" timestamp="1759101150">
  <sources>
    <source>/app/src</source>
  </sources>
  <packages>
    <package name="Http/Controllers/ClientController.php" line-rate="1" branch-rate="0" complexity="17">
      <classes>
        <class name="Playground\Crm\Api\Http\Controllers\ClientController" filename="Http/Controllers/ClientController.php" line-rate="1" branch-rate="0" complexity="17">
          <methods>
            <method name="create" signature="Requests\Client\CreateRequest $request" line-rate="1" branch-rate="0" complexity="1">
              <lines>
                <line number="49" hits="1"/>
                <line number="51" hits="1"/>
                <line number="53" hits="1"/>
                <line number="55" hits="1"/>
                <line number="56" hits="1"/>
                <line number="57" hits="1"/>
              </lines>
            </method>
            <method name="edit" signature="Client $client, Requests\Client\EditRequest $request" line-rate="1" branch-rate="0" complexity="1">
              <lines>
                <line number="70" hits="1"/>
                <line number="72" hits="1"/>
                <line number="73" hits="1"/>
                <line number="74" hits="1"/>
              </lines>
            </method>
            <method name="destroy" signature="Client $client, Requests\Client\DestroyRequest $request" line-rate="1" branch-rate="0" complexity="3">
              <lines>
                <line number="87" hits="4"/>
                <line number="89" hits="4"/>
                <line number="91" hits="4"/>
                <line number="92" hits="4"/>
                <line number="95" hits="4"/>
                <line number="96" hits="3"/>
                <line number="98" hits="1"/>
                <line number="101" hits="4"/>
              </lines>
            </method>
            <method name="lock" signature="Client $client, Requests\Client\LockRequest $request" line-rate="1" branch-rate="0" complexity="2">
              <lines>
                <line number="114" hits="2"/>
                <line number="116" hits="2"/>
                <line number="118" hits="2"/>
                <line number="119" hits="2"/>
                <line number="122" hits="2"/>
                <line number="124" hits="2"/>
                <line number="126" hits="2"/>
                <line number="127" hits="2"/>
                <line number="128" hits="2"/>
              </lines>
            </method>
            <method name="index" signature="Requests\Client\IndexRequest $request" line-rate="1" branch-rate="0" complexity="5">
              <lines>
                <line number="140" hits="2"/>
                <line number="151" hits="2"/>
                <line number="153" hits="2"/>
                <line number="155" hits="2"/>
                <line number="157" hits="2"/>
                <line number="159" hits="1"/>
                <line number="161" hits="1"/>
                <line number="162" hits="1"/>
                <line number="163" hits="1"/>
                <line number="164" hits="1"/>
                <line number="166" hits="1"/>
                <line number="167" hits="1"/>
                <line number="168" hits="1"/>
                <line number="169" hits="1"/>
                <line number="171" hits="1"/>
                <line number="172" hits="1"/>
                <line number="173" hits="1"/>
                <line number="174" hits="1"/>
                <line number="176" hits="1"/>
                <line number="177" hits="1"/>
                <line number="178" hits="1"/>
                <line number="179" hits="1"/>
                <line number="182" hits="2"/>
                <line number="183" hits="2"/>
                <line number="185" hits="2"/>
                <line number="187" hits="2"/>
              </lines>
            </method>
            <method name="restore" signature="Client $client, Requests\Client\RestoreRequest $request" line-rate="1" branch-rate="0" complexity="1">
              <lines>
                <line number="200" hits="2"/>
                <line number="202" hits="2"/>
                <line number="204" hits="2"/>
                <line number="206" hits="2"/>
                <line number="208" hits="2"/>
                <line number="209" hits="2"/>
                <line number="210" hits="2"/>
              </lines>
            </method>
            <method name="show" signature="Client $client, Requests\Client\ShowRequest $request" line-rate="1" branch-rate="0" complexity="1">
              <lines>
                <line number="223" hits="1"/>
                <line number="225" hits="1"/>
                <line number="226" hits="1"/>
                <line number="227" hits="1"/>
              </lines>
            </method>
            <method name="store" signature="Requests\Client\StoreRequest $request" line-rate="1" branch-rate="0" complexity="1">
              <lines>
                <line number="239" hits="1"/>
                <line number="241" hits="1"/>
                <line number="243" hits="1"/>
                <line number="245" hits="1"/>
                <line number="247" hits="1"/>
                <line number="249" hits="1"/>
                <line number="251" hits="1"/>
                <line number="252" hits="1"/>
                <line number="253" hits="1"/>
              </lines>
            </method>
            <method name="unlock" signature="Client $client, Requests\Client\UnlockRequest $request" line-rate="1" branch-rate="0" complexity="1">
              <lines>
                <line number="266" hits="2"/>
                <line number="268" hits="2"/>
                <line number="270" hits="2"/>
                <line number="272" hits="2"/>
                <line number="274" hits="2"/>
                <line number="276" hits="2"/>
                <line number="277" hits="2"/>
                <line number="278" hits="2"/>
              </lines>
            </method>
            <method name="update" signature="Client $client, Requests\Client\UpdateRequest $request" line-rate="1" branch-rate="0" complexity="1">
              <lines>
                <line number="291" hits="2"/>
                <line number="293" hits="2"/>
                <line number="295" hits="2"/>
                <line number="297" hits="2"/>
                <line number="299" hits="2"/>
                <line number="301" hits="2"/>
                <line number="302" hits="2"/>
                <line number="303" hits="2"/>
              </lines>
            </method>
          </methods>
          <lines>
            <line number="49" hits="1"/>
            <line number="51" hits="1"/>
            <line number="53" hits="1"/>
            <line number="55" hits="1"/>
            <line number="56" hits="1"/>
            <line number="57" hits="1"/>
            <line number="70" hits="1"/>
            <line number="72" hits="1"/>
            <line number="73" hits="1"/>
            <line number="74" hits="1"/>
            <line number="87" hits="4"/>
            <line number="89" hits="4"/>
            <line number="91" hits="4"/>
            <line number="92" hits="4"/>
            <line number="95" hits="4"/>
            <line number="96" hits="3"/>
            <line number="98" hits="1"/>
            <line number="101" hits="4"/>
            <line number="114" hits="2"/>
            <line number="116" hits="2"/>
            <line number="118" hits="2"/>
            <line number="119" hits="2"/>
            <line number="122" hits="2"/>
            <line number="124" hits="2"/>
            <line number="126" hits="2"/>
            <line number="127" hits="2"/>
            <line number="128" hits="2"/>
            <line number="140" hits="2"/>
            <line number="151" hits="2"/>
            <line number="153" hits="2"/>
            <line number="155" hits="2"/>
            <line number="157" hits="2"/>
            <line number="159" hits="1"/>
            <line number="161" hits="1"/>
            <line number="162" hits="1"/>
            <line number="163" hits="1"/>
            <line number="164" hits="1"/>
            <line number="166" hits="1"/>
            <line number="167" hits="1"/>
            <line number="168" hits="1"/>
            <line number="169" hits="1"/>
            <line number="171" hits="1"/>
            <line number="172" hits="1"/>
            <line number="173" hits="1"/>
            <line number="174" hits="1"/>
            <line number="176" hits="1"/>
            <line number="177" hits="1"/>
            <line number="178" hits="1"/>
            <line number="179" hits="1"/>
            <line number="182" hits="2"/>
            <line number="183" hits="2"/>
            <line number="185" hits="2"/>
            <line number="187" hits="2"/>
            <line number="200" hits="2"/>
            <line number="202" hits="2"/>
            <line number="204" hits="2"/>
            <line number="206" hits="2"/>
            <line number="208" hits="2"/>
            <line number="209" hits="2"/>
            <line number="210" hits="2"/>
            <line number="223" hits="1"/>
            <line number="225" hits="1"/>
            <line number="226" hits="1"/>
            <line number="227" hits="1"/>
            <line number="239" hits="1"/>
            <line number="241" hits="1"/>
            <line number="243" hits="1"/>
            <line number="245" hits="1"/>
            <line number="247" hits="1"/>
            <line number="249" hits="1"/>
            <line number="251" hits="1"/>
            <line number="252" hits="1"/>
            <line number="253" hits="1"/>
            <line number="266" hits="2"/>
            <line number="268" hits="2"/>
            <line number="270" hits="2"/>
            <line number="272" hits="2"/>
            <line number="274" hits="2"/>
            <line number="276" hits="2"/>
            <line number="277" hits="2"/>
            <line number="278" hits="2"/>
            <line number="291" hits="2"/>
            <line number="293" hits="2"/>
            <line number="295" hits="2"/>
            <line number="297" hits="2"/>
            <line number="299" hits="2"/>
            <line number="301" hits="2"/>
            <line number="302" hits="2"/>
            <line number="303" hits="2"/>
          </lines>
        </class>
      </classes>
    </package>
    <package name="Http/Controllers/ContactController.php" line-rate="1" branch-rate="0" complexity="17">
      <classes>
        <class name="Playground\Crm\Api\Http\Controllers\ContactController" filename="Http/Controllers/ContactController.php" line-rate="1" branch-rate="0" complexity="17">
          <methods>
            <method name="create" signature="Requests\Contact\CreateRequest $request" line-rate="1" branch-rate="0" complexity="1">
              <lines>
                <line number="49" hits="1"/>
                <line number="51" hits="1"/>
                <line number="53" hits="1"/>
                <line number="55" hits="1"/>
                <line number="56" hits="1"/>
                <line number="57" hits="1"/>
              </lines>
            </method>
            <method name="edit" signature="Contact $contact, Requests\Contact\EditRequest $request" line-rate="1" branch-rate="0" complexity="1">
              <lines>
                <line number="70" hits="1"/>
                <line number="72" hits="1"/>
                <line number="73" hits="1"/>
                <line number="74" hits="1"/>
              </lines>
            </method>
            <method name="destroy" signature="Contact $contact, Requests\Contact\DestroyRequest $request" line-rate="1" branch-rate="0" complexity="3">
              <lines>
                <line number="87" hits="4"/>
                <line number="89" hits="4"/>
                <line number="91" hits="4"/>
                <line number="92" hits="4"/>
                <line number="95" hits="4"/>
                <line number="96" hits="3"/>
                <line number="98" hits="1"/>
                <line number="101" hits="4"/>
              </lines>
            </method>
            <method name="lock" signature="Contact $contact, Requests\Contact\LockRequest $request" line-rate="1" branch-rate="0" complexity="2">
              <lines>
                <line number="114" hits="2"/>
                <line number="116" hits="2"/>
                <line number="118" hits="2"/>
                <line number="119" hits="2"/>
                <line number="122" hits="2"/>
                <line number="124" hits="2"/>
                <line number="126" hits="2"/>
                <line number="127" hits="2"/>
                <line number="128" hits="2"/>
              </lines>
            </method>
            <method name="index" signature="Requests\Contact\IndexRequest $request" line-rate="1" branch-rate="0" complexity="5">
              <lines>
                <line number="140" hits="2"/>
                <line number="151" hits="2"/>
                <line number="153" hits="2"/>
                <line number="155" hits="2"/>
                <line number="157" hits="2"/>
                <line number="159" hits="1"/>
                <line number="161" hits="1"/>
                <line number="162" hits="1"/>
                <line number="163" hits="1"/>
                <line number="164" hits="1"/>
                <line number="166" hits="1"/>
                <line number="167" hits="1"/>
                <line number="168" hits="1"/>
                <line number="169" hits="1"/>
                <line number="171" hits="1"/>
                <line number="172" hits="1"/>
                <line number="173" hits="1"/>
                <line number="174" hits="1"/>
                <line number="176" hits="1"/>
                <line number="177" hits="1"/>
                <line number="178" hits="1"/>
                <line number="179" hits="1"/>
                <line number="182" hits="2"/>
                <line number="183" hits="2"/>
                <line number="185" hits="2"/>
                <line number="187" hits="2"/>
              </lines>
            </method>
            <method name="restore" signature="Contact $contact, Requests\Contact\RestoreRequest $request" line-rate="1" branch-rate="0" complexity="1">
              <lines>
                <line number="200" hits="2"/>
                <line number="202" hits="2"/>
                <line number="204" hits="2"/>
                <line number="206" hits="2"/>
                <line number="208" hits="2"/>
                <line number="209" hits="2"/>
                <line number="210" hits="2"/>
              </lines>
            </method>
            <method name="show" signature="Contact $contact, Requests\Contact\ShowRequest $request" line-rate="1" branch-rate="0" complexity="1">
              <lines>
                <line number="223" hits="1"/>
                <line number="225" hits="1"/>
                <line number="226" hits="1"/>
                <line number="227" hits="1"/>
              </lines>
            </method>
            <method name="store" signature="Requests\Contact\StoreRequest $request" line-rate="1" branch-rate="0" complexity="1">
              <lines>
                <line number="239" hits="1"/>
                <line number="241" hits="1"/>
                <line number="243" hits="1"/>
                <line number="245" hits="1"/>
                <line number="247" hits="1"/>
                <line number="249" hits="1"/>
                <line number="251" hits="1"/>
                <line number="252" hits="1"/>
                <line number="253" hits="1"/>
              </lines>
            </method>
            <method name="unlock" signature="Contact $contact, Requests\Contact\UnlockRequest $request" line-rate="1" branch-rate="0" complexity="1">
              <lines>
                <line number="266" hits="2"/>
                <line number="268" hits="2"/>
                <line number="270" hits="2"/>
                <line number="272" hits="2"/>
                <line number="274" hits="2"/>
                <line number="276" hits="2"/>
                <line number="277" hits="2"/>
                <line number="278" hits="2"/>
              </lines>
            </method>
            <method name="update" signature="Contact $contact, Requests\Contact\UpdateRequest $request" line-rate="1" branch-rate="0" complexity="1">
              <lines>
                <line number="291" hits="2"/>
                <line number="293" hits="2"/>
                <line number="295" hits="2"/>
                <line number="297" hits="2"/>
                <line number="299" hits="2"/>
                <line number="301" hits="2"/>
                <line number="302" hits="2"/>
                <line number="303" hits="2"/>
              </lines>
            </method>
          </methods>
          <lines>
            <line number="49" hits="1"/>
            <line number="51" hits="1"/>
            <line number="53" hits="1"/>
            <line number="55" hits="1"/>
            <line number="56" hits="1"/>
            <line number="57" hits="1"/>
            <line number="70" hits="1"/>
            <line number="72" hits="1"/>
            <line number="73" hits="1"/>
            <line number="74" hits="1"/>
            <line number="87" hits="4"/>
            <line number="89" hits="4"/>
            <line number="91" hits="4"/>
            <line number="92" hits="4"/>
            <line number="95" hits="4"/>
            <line number="96" hits="3"/>
            <line number="98" hits="1"/>
            <line number="101" hits="4"/>
            <line number="114" hits="2"/>
            <line number="116" hits="2"/>
            <line number="118" hits="2"/>
            <line number="119" hits="2"/>
            <line number="122" hits="2"/>
            <line number="124" hits="2"/>
            <line number="126" hits="2"/>
            <line number="127" hits="2"/>
            <line number="128" hits="2"/>
            <line number="140" hits="2"/>
            <line number="151" hits="2"/>
            <line number="153" hits="2"/>
            <line number="155" hits="2"/>
            <line number="157" hits="2"/>
            <line number="159" hits="1"/>
            <line number="161" hits="1"/>
            <line number="162" hits="1"/>
            <line number="163" hits="1"/>
            <line number="164" hits="1"/>
            <line number="166" hits="1"/>
            <line number="167" hits="1"/>
            <line number="168" hits="1"/>
            <line number="169" hits="1"/>
            <line number="171" hits="1"/>
            <line number="172" hits="1"/>
            <line number="173" hits="1"/>
            <line number="174" hits="1"/>
            <line number="176" hits="1"/>
            <line number="177" hits="1"/>
            <line number="178" hits="1"/>
            <line number="179" hits="1"/>
            <line number="182" hits="2"/>
            <line number="183" hits="2"/>
            <line number="185" hits="2"/>
            <line number="187" hits="2"/>
            <line number="200" hits="2"/>
            <line number="202" hits="2"/>
            <line number="204" hits="2"/>
            <line number="206" hits="2"/>
            <line number="208" hits="2"/>
            <line number="209" hits="2"/>
            <line number="210" hits="2"/>
            <line number="223" hits="1"/>
            <line number="225" hits="1"/>
            <line number="226" hits="1"/>
            <line number="227" hits="1"/>
            <line number="239" hits="1"/>
            <line number="241" hits="1"/>
            <line number="243" hits="1"/>
            <line number="245" hits="1"/>
            <line number="247" hits="1"/>
            <line number="249" hits="1"/>
            <line number="251" hits="1"/>
            <line number="252" hits="1"/>
            <line number="253" hits="1"/>
            <line number="266" hits="2"/>
            <line number="268" hits="2"/>
            <line number="270" hits="2"/>
            <line number="272" hits="2"/>
            <line number="274" hits="2"/>
            <line number="276" hits="2"/>
            <line number="277" hits="2"/>
            <line number="278" hits="2"/>
            <line number="291" hits="2"/>
            <line number="293" hits="2"/>
            <line number="295" hits="2"/>
            <line number="297" hits="2"/>
            <line number="299" hits="2"/>
            <line number="301" hits="2"/>
            <line number="302" hits="2"/>
            <line number="303" hits="2"/>
          </lines>
        </class>
      </classes>
    </package>
    <package name="Http/Controllers/Controller.php" line-rate="1" branch-rate="0" complexity="1">
      <classes>
        <class name="Playground\Crm\Api\Http\Controllers\Controller" filename="Http/Controllers/Controller.php" line-rate="1" branch-rate="0" complexity="1">
          <methods>
            <method name="packageInfo" signature="" line-rate="1" branch-rate="0" complexity="1">
              <lines>
                <line number="39" hits="70"/>
              </lines>
            </method>
          </methods>
          <lines>
            <line number="39" hits="70"/>
          </lines>
        </class>
      </classes>
    </package>
    <package name="Http/Controllers/LocationController.php" line-rate="1" branch-rate="0" complexity="17">
      <classes>
        <class name="Playground\Crm\Api\Http\Controllers\LocationController" filename="Http/Controllers/LocationController.php" line-rate="1" branch-rate="0" complexity="17">
          <methods>
            <method name="create" signature="Requests\Location\CreateRequest $request" line-rate="1" branch-rate="0" complexity="1">
              <lines>
                <line number="49" hits="1"/>
                <line number="51" hits="1"/>
                <line number="53" hits="1"/>
                <line number="55" hits="1"/>
                <line number="56" hits="1"/>
                <line number="57" hits="1"/>
              </lines>
            </method>
            <method name="edit" signature="Location $location, Requests\Location\EditRequest $request" line-rate="1" branch-rate="0" complexity="1">
              <lines>
                <line number="70" hits="1"/>
                <line number="72" hits="1"/>
                <line number="73" hits="1"/>
                <line number="74" hits="1"/>
              </lines>
            </method>
            <method name="destroy" signature="Location $location, Requests\Location\DestroyRequest $request" line-rate="1" branch-rate="0" complexity="3">
              <lines>
                <line number="87" hits="4"/>
                <line number="89" hits="4"/>
                <line number="91" hits="4"/>
                <line number="92" hits="4"/>
                <line number="95" hits="4"/>
                <line number="96" hits="3"/>
                <line number="98" hits="1"/>
                <line number="101" hits="4"/>
              </lines>
            </method>
            <method name="lock" signature="Location $location, Requests\Location\LockRequest $request" line-rate="1" branch-rate="0" complexity="2">
              <lines>
                <line number="114" hits="2"/>
                <line number="116" hits="2"/>
                <line number="118" hits="2"/>
                <line number="119" hits="2"/>
                <line number="122" hits="2"/>
                <line number="124" hits="2"/>
                <line number="126" hits="2"/>
                <line number="127" hits="2"/>
                <line number="128" hits="2"/>
              </lines>
            </method>
            <method name="index" signature="Requests\Location\IndexRequest $request" line-rate="1" branch-rate="0" complexity="5">
              <lines>
                <line number="140" hits="2"/>
                <line number="151" hits="2"/>
                <line number="153" hits="2"/>
                <line number="155" hits="2"/>
                <line number="157" hits="2"/>
                <line number="159" hits="1"/>
                <line number="161" hits="1"/>
                <line number="162" hits="1"/>
                <line number="163" hits="1"/>
                <line number="164" hits="1"/>
                <line number="166" hits="1"/>
                <line number="167" hits="1"/>
                <line number="168" hits="1"/>
                <line number="169" hits="1"/>
                <line number="171" hits="1"/>
                <line number="172" hits="1"/>
                <line number="173" hits="1"/>
                <line number="174" hits="1"/>
                <line number="176" hits="1"/>
                <line number="177" hits="1"/>
                <line number="178" hits="1"/>
                <line number="179" hits="1"/>
                <line number="182" hits="2"/>
                <line number="183" hits="2"/>
                <line number="185" hits="2"/>
                <line number="187" hits="2"/>
              </lines>
            </method>
            <method name="restore" signature="Location $location, Requests\Location\RestoreRequest $request" line-rate="1" branch-rate="0" complexity="1">
              <lines>
                <line number="200" hits="2"/>
                <line number="202" hits="2"/>
                <line number="204" hits="2"/>
                <line number="206" hits="2"/>
                <line number="208" hits="2"/>
                <line number="209" hits="2"/>
                <line number="210" hits="2"/>
              </lines>
            </method>
            <method name="show" signature="Location $location, Requests\Location\ShowRequest $request" line-rate="1" branch-rate="0" complexity="1">
              <lines>
                <line number="223" hits="1"/>
                <line number="225" hits="1"/>
                <line number="226" hits="1"/>
                <line number="227" hits="1"/>
              </lines>
            </method>
            <method name="store" signature="Requests\Location\StoreRequest $request" line-rate="1" branch-rate="0" complexity="1">
              <lines>
                <line number="239" hits="1"/>
                <line number="241" hits="1"/>
                <line number="243" hits="1"/>
                <line number="245" hits="1"/>
                <line number="247" hits="1"/>
                <line number="249" hits="1"/>
                <line number="251" hits="1"/>
                <line number="252" hits="1"/>
                <line number="253" hits="1"/>
              </lines>
            </method>
            <method name="unlock" signature="Location $location, Requests\Location\UnlockRequest $request" line-rate="1" branch-rate="0" complexity="1">
              <lines>
                <line number="266" hits="2"/>
                <line number="268" hits="2"/>
                <line number="270" hits="2"/>
                <line number="272" hits="2"/>
                <line number="274" hits="2"/>
                <line number="276" hits="2"/>
                <line number="277" hits="2"/>
                <line number="278" hits="2"/>
              </lines>
            </method>
            <method name="update" signature="Location $location, Requests\Location\UpdateRequest $request" line-rate="1" branch-rate="0" complexity="1">
              <lines>
                <line number="291" hits="2"/>
                <line number="293" hits="2"/>
                <line number="295" hits="2"/>
                <line number="297" hits="2"/>
                <line number="299" hits="2"/>
                <line number="301" hits="2"/>
                <line number="302" hits="2"/>
                <line number="303" hits="2"/>
              </lines>
            </method>
          </methods>
          <lines>
            <line number="49" hits="1"/>
            <line number="51" hits="1"/>
            <line number="53" hits="1"/>
            <line number="55" hits="1"/>
            <line number="56" hits="1"/>
            <line number="57" hits="1"/>
            <line number="70" hits="1"/>
            <line number="72" hits="1"/>
            <line number="73" hits="1"/>
            <line number="74" hits="1"/>
            <line number="87" hits="4"/>
            <line number="89" hits="4"/>
            <line number="91" hits="4"/>
            <line number="92" hits="4"/>
            <line number="95" hits="4"/>
            <line number="96" hits="3"/>
            <line number="98" hits="1"/>
            <line number="101" hits="4"/>
            <line number="114" hits="2"/>
            <line number="116" hits="2"/>
            <line number="118" hits="2"/>
            <line number="119" hits="2"/>
            <line number="122" hits="2"/>
            <line number="124" hits="2"/>
            <line number="126" hits="2"/>
            <line number="127" hits="2"/>
            <line number="128" hits="2"/>
            <line number="140" hits="2"/>
            <line number="151" hits="2"/>
            <line number="153" hits="2"/>
            <line number="155" hits="2"/>
            <line number="157" hits="2"/>
            <line number="159" hits="1"/>
            <line number="161" hits="1"/>
            <line number="162" hits="1"/>
            <line number="163" hits="1"/>
            <line number="164" hits="1"/>
            <line number="166" hits="1"/>
            <line number="167" hits="1"/>
            <line number="168" hits="1"/>
            <line number="169" hits="1"/>
            <line number="171" hits="1"/>
            <line number="172" hits="1"/>
            <line number="173" hits="1"/>
            <line number="174" hits="1"/>
            <line number="176" hits="1"/>
            <line number="177" hits="1"/>
            <line number="178" hits="1"/>
            <line number="179" hits="1"/>
            <line number="182" hits="2"/>
            <line number="183" hits="2"/>
            <line number="185" hits="2"/>
            <line number="187" hits="2"/>
            <line number="200" hits="2"/>
            <line number="202" hits="2"/>
            <line number="204" hits="2"/>
            <line number="206" hits="2"/>
            <line number="208" hits="2"/>
            <line number="209" hits="2"/>
            <line number="210" hits="2"/>
            <line number="223" hits="1"/>
            <line number="225" hits="1"/>
            <line number="226" hits="1"/>
            <line number="227" hits="1"/>
            <line number="239" hits="1"/>
            <line number="241" hits="1"/>
            <line number="243" hits="1"/>
            <line number="245" hits="1"/>
            <line number="247" hits="1"/>
            <line number="249" hits="1"/>
            <line number="251" hits="1"/>
            <line number="252" hits="1"/>
            <line number="253" hits="1"/>
            <line number="266" hits="2"/>
            <line number="268" hits="2"/>
            <line number="270" hits="2"/>
            <line number="272" hits="2"/>
            <line number="274" hits="2"/>
            <line number="276" hits="2"/>
            <line number="277" hits="2"/>
            <line number="278" hits="2"/>
            <line number="291" hits="2"/>
            <line number="293" hits="2"/>
            <line number="295" hits="2"/>
            <line number="297" hits="2"/>
            <line number="299" hits="2"/>
            <line number="301" hits="2"/>
            <line number="302" hits="2"/>
            <line number="303" hits="2"/>
          </lines>
        </class>
      </classes>
    </package>
    <package name="Http/Controllers/OrganizationController.php" line-rate="1" branch-rate="0" complexity="17">
      <classes>
        <class name="Playground\Crm\Api\Http\Controllers\OrganizationController" filename="Http/Controllers/OrganizationController.php" line-rate="1" branch-rate="0" complexity="17">
          <methods>
            <method name="create" signature="Requests\Organization\CreateRequest $request" line-rate="1" branch-rate="0" complexity="1">
              <lines>
                <line number="49" hits="1"/>
                <line number="51" hits="1"/>
                <line number="53" hits="1"/>
                <line number="55" hits="1"/>
                <line number="56" hits="1"/>
                <line number="57" hits="1"/>
              </lines>
            </method>
            <method name="edit" signature="Organization $organization, Requests\Organization\EditRequest $request" line-rate="1" branch-rate="0" complexity="1">
              <lines>
                <line number="70" hits="1"/>
                <line number="72" hits="1"/>
                <line number="73" hits="1"/>
                <line number="74" hits="1"/>
              </lines>
            </method>
            <method name="destroy" signature="Organization $organization, Requests\Organization\DestroyRequest $request" line-rate="1" branch-rate="0" complexity="3">
              <lines>
                <line number="87" hits="4"/>
                <line number="89" hits="4"/>
                <line number="91" hits="4"/>
                <line number="92" hits="4"/>
                <line number="95" hits="4"/>
                <line number="96" hits="3"/>
                <line number="98" hits="1"/>
                <line number="101" hits="4"/>
              </lines>
            </method>
            <method name="lock" signature="Organization $organization, Requests\Organization\LockRequest $request" line-rate="1" branch-rate="0" complexity="2">
              <lines>
                <line number="114" hits="2"/>
                <line number="116" hits="2"/>
                <line number="118" hits="2"/>
                <line number="119" hits="2"/>
                <line number="122" hits="2"/>
                <line number="124" hits="2"/>
                <line number="126" hits="2"/>
                <line number="127" hits="2"/>
                <line number="128" hits="2"/>
              </lines>
            </method>
            <method name="index" signature="Requests\Organization\IndexRequest $request" line-rate="1" branch-rate="0" complexity="5">
              <lines>
                <line number="140" hits="2"/>
                <line number="151" hits="2"/>
                <line number="153" hits="2"/>
                <line number="155" hits="2"/>
                <line number="157" hits="2"/>
                <line number="159" hits="1"/>
                <line number="161" hits="1"/>
                <line number="162" hits="1"/>
                <line number="163" hits="1"/>
                <line number="164" hits="1"/>
                <line number="166" hits="1"/>
                <line number="167" hits="1"/>
                <line number="168" hits="1"/>
                <line number="169" hits="1"/>
                <line number="171" hits="1"/>
                <line number="172" hits="1"/>
                <line number="173" hits="1"/>
                <line number="174" hits="1"/>
                <line number="176" hits="1"/>
                <line number="177" hits="1"/>
                <line number="178" hits="1"/>
                <line number="179" hits="1"/>
                <line number="182" hits="2"/>
                <line number="183" hits="2"/>
                <line number="185" hits="2"/>
                <line number="187" hits="2"/>
              </lines>
            </method>
            <method name="restore" signature="Organization $organization, Requests\Organization\RestoreRequest $request" line-rate="1" branch-rate="0" complexity="1">
              <lines>
                <line number="200" hits="2"/>
                <line number="202" hits="2"/>
                <line number="204" hits="2"/>
                <line number="206" hits="2"/>
                <line number="208" hits="2"/>
                <line number="209" hits="2"/>
                <line number="210" hits="2"/>
              </lines>
            </method>
            <method name="show" signature="Organization $organization, Requests\Organization\ShowRequest $request" line-rate="1" branch-rate="0" complexity="1">
              <lines>
                <line number="223" hits="1"/>
                <line number="225" hits="1"/>
                <line number="226" hits="1"/>
                <line number="227" hits="1"/>
              </lines>
            </method>
            <method name="store" signature="Requests\Organization\StoreRequest $request" line-rate="1" branch-rate="0" complexity="1">
              <lines>
                <line number="239" hits="1"/>
                <line number="241" hits="1"/>
                <line number="243" hits="1"/>
                <line number="245" hits="1"/>
                <line number="247" hits="1"/>
                <line number="249" hits="1"/>
                <line number="251" hits="1"/>
                <line number="252" hits="1"/>
                <line number="253" hits="1"/>
              </lines>
            </method>
            <method name="unlock" signature="Organization $organization, Requests\Organization\UnlockRequest $request" line-rate="1" branch-rate="0" complexity="1">
              <lines>
                <line number="266" hits="2"/>
                <line number="268" hits="2"/>
                <line number="270" hits="2"/>
                <line number="272" hits="2"/>
                <line number="274" hits="2"/>
                <line number="276" hits="2"/>
                <line number="277" hits="2"/>
                <line number="278" hits="2"/>
              </lines>
            </method>
            <method name="update" signature="Organization $organization, Requests\Organization\UpdateRequest $request" line-rate="1" branch-rate="0" complexity="1">
              <lines>
                <line number="291" hits="2"/>
                <line number="293" hits="2"/>
                <line number="295" hits="2"/>
                <line number="297" hits="2"/>
                <line number="299" hits="2"/>
                <line number="301" hits="2"/>
                <line number="302" hits="2"/>
                <line number="303" hits="2"/>
              </lines>
            </method>
          </methods>
          <lines>
            <line number="49" hits="1"/>
            <line number="51" hits="1"/>
            <line number="53" hits="1"/>
            <line number="55" hits="1"/>
            <line number="56" hits="1"/>
            <line number="57" hits="1"/>
            <line number="70" hits="1"/>
            <line number="72" hits="1"/>
            <line number="73" hits="1"/>
            <line number="74" hits="1"/>
            <line number="87" hits="4"/>
            <line number="89" hits="4"/>
            <line number="91" hits="4"/>
            <line number="92" hits="4"/>
            <line number="95" hits="4"/>
            <line number="96" hits="3"/>
            <line number="98" hits="1"/>
            <line number="101" hits="4"/>
            <line number="114" hits="2"/>
            <line number="116" hits="2"/>
            <line number="118" hits="2"/>
            <line number="119" hits="2"/>
            <line number="122" hits="2"/>
            <line number="124" hits="2"/>
            <line number="126" hits="2"/>
            <line number="127" hits="2"/>
            <line number="128" hits="2"/>
            <line number="140" hits="2"/>
            <line number="151" hits="2"/>
            <line number="153" hits="2"/>
            <line number="155" hits="2"/>
            <line number="157" hits="2"/>
            <line number="159" hits="1"/>
            <line number="161" hits="1"/>
            <line number="162" hits="1"/>
            <line number="163" hits="1"/>
            <line number="164" hits="1"/>
            <line number="166" hits="1"/>
            <line number="167" hits="1"/>
            <line number="168" hits="1"/>
            <line number="169" hits="1"/>
            <line number="171" hits="1"/>
            <line number="172" hits="1"/>
            <line number="173" hits="1"/>
            <line number="174" hits="1"/>
            <line number="176" hits="1"/>
            <line number="177" hits="1"/>
            <line number="178" hits="1"/>
            <line number="179" hits="1"/>
            <line number="182" hits="2"/>
            <line number="183" hits="2"/>
            <line number="185" hits="2"/>
            <line number="187" hits="2"/>
            <line number="200" hits="2"/>
            <line number="202" hits="2"/>
            <line number="204" hits="2"/>
            <line number="206" hits="2"/>
            <line number="208" hits="2"/>
            <line number="209" hits="2"/>
            <line number="210" hits="2"/>
            <line number="223" hits="1"/>
            <line number="225" hits="1"/>
            <line number="226" hits="1"/>
            <line number="227" hits="1"/>
            <line number="239" hits="1"/>
            <line number="241" hits="1"/>
            <line number="243" hits="1"/>
            <line number="245" hits="1"/>
            <line number="247" hits="1"/>
            <line number="249" hits="1"/>
            <line number="251" hits="1"/>
            <line number="252" hits="1"/>
            <line number="253" hits="1"/>
            <line number="266" hits="2"/>
            <line number="268" hits="2"/>
            <line number="270" hits="2"/>
            <line number="272" hits="2"/>
            <line number="274" hits="2"/>
            <line number="276" hits="2"/>
            <line number="277" hits="2"/>
            <line number="278" hits="2"/>
            <line number="291" hits="2"/>
            <line number="293" hits="2"/>
            <line number="295" hits="2"/>
            <line number="297" hits="2"/>
            <line number="299" hits="2"/>
            <line number="301" hits="2"/>
            <line number="302" hits="2"/>
            <line number="303" hits="2"/>
          </lines>
        </class>
      </classes>
    </package>
    <package name="Http/Controllers/PeopleController.php" line-rate="1" branch-rate="0" complexity="17">
      <classes>
        <class name="Playground\Crm\Api\Http\Controllers\PeopleController" filename="Http/Controllers/PeopleController.php" line-rate="1" branch-rate="0" complexity="17">
          <methods>
            <method name="create" signature="Requests\People\CreateRequest $request" line-rate="1" branch-rate="0" complexity="1">
              <lines>
                <line number="49" hits="1"/>
                <line number="51" hits="1"/>
                <line number="53" hits="1"/>
                <line number="55" hits="1"/>
                <line number="56" hits="1"/>
                <line number="57" hits="1"/>
              </lines>
            </method>
            <method name="edit" signature="People $people, Requests\People\EditRequest $request" line-rate="1" branch-rate="0" complexity="1">
              <lines>
                <line number="70" hits="1"/>
                <line number="72" hits="1"/>
                <line number="73" hits="1"/>
                <line number="74" hits="1"/>
              </lines>
            </method>
            <method name="destroy" signature="People $people, Requests\People\DestroyRequest $request" line-rate="1" branch-rate="0" complexity="3">
              <lines>
                <line number="87" hits="4"/>
                <line number="89" hits="4"/>
                <line number="91" hits="4"/>
                <line number="92" hits="4"/>
                <line number="95" hits="4"/>
                <line number="96" hits="3"/>
                <line number="98" hits="1"/>
                <line number="101" hits="4"/>
              </lines>
            </method>
            <method name="lock" signature="People $people, Requests\People\LockRequest $request" line-rate="1" branch-rate="0" complexity="2">
              <lines>
                <line number="114" hits="2"/>
                <line number="116" hits="2"/>
                <line number="118" hits="2"/>
                <line number="119" hits="2"/>
                <line number="122" hits="2"/>
                <line number="124" hits="2"/>
                <line number="126" hits="2"/>
                <line number="127" hits="2"/>
                <line number="128" hits="2"/>
              </lines>
            </method>
            <method name="index" signature="Requests\People\IndexRequest $request" line-rate="1" branch-rate="0" complexity="5">
              <lines>
                <line number="140" hits="2"/>
                <line number="151" hits="2"/>
                <line number="153" hits="2"/>
                <line number="155" hits="2"/>
                <line number="157" hits="2"/>
                <line number="159" hits="1"/>
                <line number="161" hits="1"/>
                <line number="162" hits="1"/>
                <line number="163" hits="1"/>
                <line number="164" hits="1"/>
                <line number="166" hits="1"/>
                <line number="167" hits="1"/>
                <line number="168" hits="1"/>
                <line number="169" hits="1"/>
                <line number="171" hits="1"/>
                <line number="172" hits="1"/>
                <line number="173" hits="1"/>
                <line number="174" hits="1"/>
                <line number="176" hits="1"/>
                <line number="177" hits="1"/>
                <line number="178" hits="1"/>
                <line number="179" hits="1"/>
                <line number="182" hits="2"/>
                <line number="183" hits="2"/>
                <line number="185" hits="2"/>
                <line number="187" hits="2"/>
              </lines>
            </method>
            <method name="restore" signature="People $people, Requests\People\RestoreRequest $request" line-rate="1" branch-rate="0" complexity="1">
              <lines>
                <line number="200" hits="2"/>
                <line number="202" hits="2"/>
                <line number="204" hits="2"/>
                <line number="206" hits="2"/>
                <line number="208" hits="2"/>
                <line number="209" hits="2"/>
                <line number="210" hits="2"/>
              </lines>
            </method>
            <method name="show" signature="People $people, Requests\People\ShowRequest $request" line-rate="1" branch-rate="0" complexity="1">
              <lines>
                <line number="223" hits="1"/>
                <line number="225" hits="1"/>
                <line number="226" hits="1"/>
                <line number="227" hits="1"/>
              </lines>
            </method>
            <method name="store" signature="Requests\People\StoreRequest $request" line-rate="1" branch-rate="0" complexity="1">
              <lines>
                <line number="239" hits="1"/>
                <line number="241" hits="1"/>
                <line number="243" hits="1"/>
                <line number="245" hits="1"/>
                <line number="247" hits="1"/>
                <line number="249" hits="1"/>
                <line number="251" hits="1"/>
                <line number="252" hits="1"/>
                <line number="253" hits="1"/>
              </lines>
            </method>
            <method name="unlock" signature="People $people, Requests\People\UnlockRequest $request" line-rate="1" branch-rate="0" complexity="1">
              <lines>
                <line number="266" hits="2"/>
                <line number="268" hits="2"/>
                <line number="270" hits="2"/>
                <line number="272" hits="2"/>
                <line number="274" hits="2"/>
                <line number="276" hits="2"/>
                <line number="277" hits="2"/>
                <line number="278" hits="2"/>
              </lines>
            </method>
            <method name="update" signature="People $people, Requests\People\UpdateRequest $request" line-rate="1" branch-rate="0" complexity="1">
              <lines>
                <line number="291" hits="2"/>
                <line number="293" hits="2"/>
                <line number="295" hits="2"/>
                <line number="297" hits="2"/>
                <line number="299" hits="2"/>
                <line number="301" hits="2"/>
                <line number="302" hits="2"/>
                <line number="303" hits="2"/>
              </lines>
            </method>
          </methods>
          <lines>
            <line number="49" hits="1"/>
            <line number="51" hits="1"/>
            <line number="53" hits="1"/>
            <line number="55" hits="1"/>
            <line number="56" hits="1"/>
            <line number="57" hits="1"/>
            <line number="70" hits="1"/>
            <line number="72" hits="1"/>
            <line number="73" hits="1"/>
            <line number="74" hits="1"/>
            <line number="87" hits="4"/>
            <line number="89" hits="4"/>
            <line number="91" hits="4"/>
            <line number="92" hits="4"/>
            <line number="95" hits="4"/>
            <line number="96" hits="3"/>
            <line number="98" hits="1"/>
            <line number="101" hits="4"/>
            <line number="114" hits="2"/>
            <line number="116" hits="2"/>
            <line number="118" hits="2"/>
            <line number="119" hits="2"/>
            <line number="122" hits="2"/>
            <line number="124" hits="2"/>
            <line number="126" hits="2"/>
            <line number="127" hits="2"/>
            <line number="128" hits="2"/>
            <line number="140" hits="2"/>
            <line number="151" hits="2"/>
            <line number="153" hits="2"/>
            <line number="155" hits="2"/>
            <line number="157" hits="2"/>
            <line number="159" hits="1"/>
            <line number="161" hits="1"/>
            <line number="162" hits="1"/>
            <line number="163" hits="1"/>
            <line number="164" hits="1"/>
            <line number="166" hits="1"/>
            <line number="167" hits="1"/>
            <line number="168" hits="1"/>
            <line number="169" hits="1"/>
            <line number="171" hits="1"/>
            <line number="172" hits="1"/>
            <line number="173" hits="1"/>
            <line number="174" hits="1"/>
            <line number="176" hits="1"/>
            <line number="177" hits="1"/>
            <line number="178" hits="1"/>
            <line number="179" hits="1"/>
            <line number="182" hits="2"/>
            <line number="183" hits="2"/>
            <line number="185" hits="2"/>
            <line number="187" hits="2"/>
            <line number="200" hits="2"/>
            <line number="202" hits="2"/>
            <line number="204" hits="2"/>
            <line number="206" hits="2"/>
            <line number="208" hits="2"/>
            <line number="209" hits="2"/>
            <line number="210" hits="2"/>
            <line number="223" hits="1"/>
            <line number="225" hits="1"/>
            <line number="226" hits="1"/>
            <line number="227" hits="1"/>
            <line number="239" hits="1"/>
            <line number="241" hits="1"/>
            <line number="243" hits="1"/>
            <line number="245" hits="1"/>
            <line number="247" hits="1"/>
            <line number="249" hits="1"/>
            <line number="251" hits="1"/>
            <line number="252" hits="1"/>
            <line number="253" hits="1"/>
            <line number="266" hits="2"/>
            <line number="268" hits="2"/>
            <line number="270" hits="2"/>
            <line number="272" hits="2"/>
            <line number="274" hits="2"/>
            <line number="276" hits="2"/>
            <line number="277" hits="2"/>
            <line number="278" hits="2"/>
            <line number="291" hits="2"/>
            <line number="293" hits="2"/>
            <line number="295" hits="2"/>
            <line number="297" hits="2"/>
            <line number="299" hits="2"/>
            <line number="301" hits="2"/>
            <line number="302" hits="2"/>
            <line number="303" hits="2"/>
          </lines>
        </class>
      </classes>
    </package>
    <package name="Http/Requests/Client/CreateRequest.php" line-rate="0" branch-rate="0" complexity="0">
      <classes>
        <class name="Playground\Crm\Api\Http\Requests\Client\CreateRequest" filename="Http/Requests/Client/CreateRequest.php" line-rate="0" branch-rate="0" complexity="0">
          <methods/>
          <lines/>
        </class>
      </classes>
    </package>
    <package name="Http/Requests/Client/DestroyRequest.php" line-rate="1" branch-rate="0" complexity="2">
      <classes>
        <class name="Playground\Crm\Api\Http\Requests\Client\DestroyRequest" filename="Http/Requests/Client/DestroyRequest.php" line-rate="1" branch-rate="0" complexity="2">
          <methods>
            <method name="rules" signature="" line-rate="1" branch-rate="0" complexity="2">
              <lines>
                <line number="32" hits="4"/>
                <line number="34" hits="4"/>
                <line number="36" hits="4"/>
                <line number="37" hits="4"/>
                <line number="40" hits="4"/>
              </lines>
            </method>
          </methods>
          <lines>
            <line number="32" hits="4"/>
            <line number="34" hits="4"/>
            <line number="36" hits="4"/>
            <line number="37" hits="4"/>
            <line number="40" hits="4"/>
          </lines>
        </class>
      </classes>
    </package>
    <package name="Http/Requests/Client/EditRequest.php" line-rate="0" branch-rate="0" complexity="0">
      <classes>
        <class name="Playground\Crm\Api\Http\Requests\Client\EditRequest" filename="Http/Requests/Client/EditRequest.php" line-rate="0" branch-rate="0" complexity="0">
          <methods/>
          <lines/>
        </class>
      </classes>
    </package>
    <package name="Http/Requests/Client/IndexRequest.php" line-rate="0" branch-rate="0" complexity="0">
      <classes>
        <class name="Playground\Crm\Api\Http\Requests\Client\IndexRequest" filename="Http/Requests/Client/IndexRequest.php" line-rate="0" branch-rate="0" complexity="0">
          <methods/>
          <lines/>
        </class>
      </classes>
    </package>
    <package name="Http/Requests/Client/LockRequest.php" line-rate="0" branch-rate="0" complexity="0">
      <classes>
        <class name="Playground\Crm\Api\Http\Requests\Client\LockRequest" filename="Http/Requests/Client/LockRequest.php" line-rate="0" branch-rate="0" complexity="0">
          <methods/>
          <lines/>
        </class>
      </classes>
    </package>
    <package name="Http/Requests/Client/RestoreRequest.php" line-rate="0" branch-rate="0" complexity="0">
      <classes>
        <class name="Playground\Crm\Api\Http\Requests\Client\RestoreRequest" filename="Http/Requests/Client/RestoreRequest.php" line-rate="0" branch-rate="0" complexity="0">
          <methods/>
          <lines/>
        </class>
      </classes>
    </package>
    <package name="Http/Requests/Client/ShowRequest.php" line-rate="0" branch-rate="0" complexity="0">
      <classes>
        <class name="Playground\Crm\Api\Http\Requests\Client\ShowRequest" filename="Http/Requests/Client/ShowRequest.php" line-rate="0" branch-rate="0" complexity="0">
          <methods/>
          <lines/>
        </class>
      </classes>
    </package>
    <package name="Http/Requests/Client/StoreRequest.php" line-rate="1" branch-rate="0" complexity="2">
      <classes>
        <class name="Playground\Crm\Api\Http\Requests\Client\StoreRequest" filename="Http/Requests/Client/StoreRequest.php" line-rate="1" branch-rate="0" complexity="2">
          <methods>
            <method name="prepareForValidation" signature="" line-rate="1" branch-rate="0" complexity="2">
              <lines>
                <line number="117" hits="2"/>
                <line number="119" hits="2"/>
                <line number="121" hits="2"/>
                <line number="122" hits="2"/>
                <line number="123" hits="2"/>
                <line number="124" hits="2"/>
                <line number="126" hits="2"/>
                <line number="127" hits="1"/>
              </lines>
            </method>
          </methods>
          <lines>
            <line number="117" hits="2"/>
            <line number="119" hits="2"/>
            <line number="121" hits="2"/>
            <line number="122" hits="2"/>
            <line number="123" hits="2"/>
            <line number="124" hits="2"/>
            <line number="126" hits="2"/>
            <line number="127" hits="1"/>
          </lines>
        </class>
      </classes>
    </package>
    <package name="Http/Requests/Client/UnlockRequest.php" line-rate="0" branch-rate="0" complexity="0">
      <classes>
        <class name="Playground\Crm\Api\Http\Requests\Client\UnlockRequest" filename="Http/Requests/Client/UnlockRequest.php" line-rate="0" branch-rate="0" complexity="0">
          <methods/>
          <lines/>
        </class>
      </classes>
    </package>
    <package name="Http/Requests/Client/UpdateRequest.php" line-rate="1" branch-rate="0" complexity="2">
      <classes>
        <class name="Playground\Crm\Api\Http\Requests\Client\UpdateRequest" filename="Http/Requests/Client/UpdateRequest.php" line-rate="1" branch-rate="0" complexity="2">
          <methods>
            <method name="prepareForValidation" signature="" line-rate="1" branch-rate="0" complexity="2">
              <lines>
                <line number="117" hits="2"/>
                <line number="119" hits="2"/>
                <line number="121" hits="2"/>
                <line number="122" hits="2"/>
                <line number="123" hits="2"/>
                <line number="124" hits="2"/>
                <line number="126" hits="2"/>
                <line number="127" hits="1"/>
              </lines>
            </method>
          </methods>
          <lines>
            <line number="117" hits="2"/>
            <line number="119" hits="2"/>
            <line number="121" hits="2"/>
            <line number="122" hits="2"/>
            <line number="123" hits="2"/>
            <line number="124" hits="2"/>
            <line number="126" hits="2"/>
            <line number="127" hits="1"/>
          </lines>
        </class>
      </classes>
    </package>
    <package name="Http/Requests/Contact/CreateRequest.php" line-rate="0" branch-rate="0" complexity="0">
      <classes>
        <class name="Playground\Crm\Api\Http\Requests\Contact\CreateRequest" filename="Http/Requests/Contact/CreateRequest.php" line-rate="0" branch-rate="0" complexity="0">
          <methods/>
          <lines/>
        </class>
      </classes>
    </package>
    <package name="Http/Requests/Contact/DestroyRequest.php" line-rate="1" branch-rate="0" complexity="2">
      <classes>
        <class name="Playground\Crm\Api\Http\Requests\Contact\DestroyRequest" filename="Http/Requests/Contact/DestroyRequest.php" line-rate="1" branch-rate="0" complexity="2">
          <methods>
            <method name="rules" signature="" line-rate="1" branch-rate="0" complexity="2">
              <lines>
                <line number="32" hits="4"/>
                <line number="34" hits="4"/>
                <line number="36" hits="4"/>
                <line number="37" hits="4"/>
                <line number="40" hits="4"/>
              </lines>
            </method>
          </methods>
          <lines>
            <line number="32" hits="4"/>
            <line number="34" hits="4"/>
            <line number="36" hits="4"/>
            <line number="37" hits="4"/>
            <line number="40" hits="4"/>
          </lines>
        </class>
      </classes>
    </package>
    <package name="Http/Requests/Contact/EditRequest.php" line-rate="0" branch-rate="0" complexity="0">
      <classes>
        <class name="Playground\Crm\Api\Http\Requests\Contact\EditRequest" filename="Http/Requests/Contact/EditRequest.php" line-rate="0" branch-rate="0" complexity="0">
          <methods/>
          <lines/>
        </class>
      </classes>
    </package>
    <package name="Http/Requests/Contact/IndexRequest.php" line-rate="0" branch-rate="0" complexity="0">
      <classes>
        <class name="Playground\Crm\Api\Http\Requests\Contact\IndexRequest" filename="Http/Requests/Contact/IndexRequest.php" line-rate="0" branch-rate="0" complexity="0">
          <methods/>
          <lines/>
        </class>
      </classes>
    </package>
    <package name="Http/Requests/Contact/LockRequest.php" line-rate="0" branch-rate="0" complexity="0">
      <classes>
        <class name="Playground\Crm\Api\Http\Requests\Contact\LockRequest" filename="Http/Requests/Contact/LockRequest.php" line-rate="0" branch-rate="0" complexity="0">
          <methods/>
          <lines/>
        </class>
      </classes>
    </package>
    <package name="Http/Requests/Contact/RestoreRequest.php" line-rate="0" branch-rate="0" complexity="0">
      <classes>
        <class name="Playground\Crm\Api\Http\Requests\Contact\RestoreRequest" filename="Http/Requests/Contact/RestoreRequest.php" line-rate="0" branch-rate="0" complexity="0">
          <methods/>
          <lines/>
        </class>
      </classes>
    </package>
    <package name="Http/Requests/Contact/ShowRequest.php" line-rate="0" branch-rate="0" complexity="0">
      <classes>
        <class name="Playground\Crm\Api\Http\Requests\Contact\ShowRequest" filename="Http/Requests/Contact/ShowRequest.php" line-rate="0" branch-rate="0" complexity="0">
          <methods/>
          <lines/>
        </class>
      </classes>
    </package>
    <package name="Http/Requests/Contact/StoreRequest.php" line-rate="1" branch-rate="0" complexity="2">
      <classes>
        <class name="Playground\Crm\Api\Http\Requests\Contact\StoreRequest" filename="Http/Requests/Contact/StoreRequest.php" line-rate="1" branch-rate="0" complexity="2">
          <methods>
            <method name="prepareForValidation" signature="" line-rate="1" branch-rate="0" complexity="2">
              <lines>
                <line number="117" hits="2"/>
                <line number="119" hits="2"/>
                <line number="121" hits="2"/>
                <line number="122" hits="2"/>
                <line number="123" hits="2"/>
                <line number="124" hits="2"/>
                <line number="126" hits="2"/>
                <line number="127" hits="1"/>
              </lines>
            </method>
          </methods>
          <lines>
            <line number="117" hits="2"/>
            <line number="119" hits="2"/>
            <line number="121" hits="2"/>
            <line number="122" hits="2"/>
            <line number="123" hits="2"/>
            <line number="124" hits="2"/>
            <line number="126" hits="2"/>
            <line number="127" hits="1"/>
          </lines>
        </class>
      </classes>
    </package>
    <package name="Http/Requests/Contact/UnlockRequest.php" line-rate="0" branch-rate="0" complexity="0">
      <classes>
        <class name="Playground\Crm\Api\Http\Requests\Contact\UnlockRequest" filename="Http/Requests/Contact/UnlockRequest.php" line-rate="0" branch-rate="0" complexity="0">
          <methods/>
          <lines/>
        </class>
      </classes>
    </package>
    <package name="Http/Requests/Contact/UpdateRequest.php" line-rate="1" branch-rate="0" complexity="2">
      <classes>
        <class name="Playground\Crm\Api\Http\Requests\Contact\UpdateRequest" filename="Http/Requests/Contact/UpdateRequest.php" line-rate="1" branch-rate="0" complexity="2">
          <methods>
            <method name="prepareForValidation" signature="" line-rate="1" branch-rate="0" complexity="2">
              <lines>
                <line number="117" hits="2"/>
                <line number="119" hits="2"/>
                <line number="121" hits="2"/>
                <line number="122" hits="2"/>
                <line number="123" hits="2"/>
                <line number="124" hits="2"/>
                <line number="126" hits="2"/>
                <line number="127" hits="1"/>
              </lines>
            </method>
          </methods>
          <lines>
            <line number="117" hits="2"/>
            <line number="119" hits="2"/>
            <line number="121" hits="2"/>
            <line number="122" hits="2"/>
            <line number="123" hits="2"/>
            <line number="124" hits="2"/>
            <line number="126" hits="2"/>
            <line number="127" hits="1"/>
          </lines>
        </class>
      </classes>
    </package>
    <package name="Http/Requests/FormRequest.php" line-rate="1" branch-rate="0" complexity="6">
      <classes>
        <class name="Playground\Crm\Api\Http\Requests\FormRequest" filename="Http/Requests/FormRequest.php" line-rate="1" branch-rate="0" complexity="6">
          <methods>
            <method name="authorize" signature="" line-rate="1" branch-rate="0" complexity="2">
              <lines>
                <line number="29" hits="77"/>
                <line number="31" hits="77"/>
                <line number="32" hits="1"/>
                <line number="35" hits="76"/>
              </lines>
            </method>
            <method name="rules" signature="" line-rate="1" branch-rate="0" complexity="1">
              <lines>
                <line number="45" hits="76"/>
              </lines>
            </method>
            <method name="userHasAdminPrivileges" signature="?Authenticatable $user" line-rate="1" branch-rate="0" complexity="3">
              <lines>
                <line number="50" hits="23"/>
                <line number="51" hits="23"/>
                <line number="52" hits="22"/>
                <line number="53" hits="21"/>
                <line number="56" hits="1"/>
                <line number="60" hits="23"/>
              </lines>
            </method>
          </methods>
          <lines>
            <line number="29" hits="77"/>
            <line number="31" hits="77"/>
            <line number="32" hits="1"/>
            <line number="35" hits="76"/>
            <line number="45" hits="76"/>
            <line number="50" hits="23"/>
            <line number="51" hits="23"/>
            <line number="52" hits="22"/>
            <line number="53" hits="21"/>
            <line number="56" hits="1"/>
            <line number="60" hits="23"/>
          </lines>
        </class>
      </classes>
    </package>
    <package name="Http/Requests/Location/CreateRequest.php" line-rate="0" branch-rate="0" complexity="0">
      <classes>
        <class name="Playground\Crm\Api\Http\Requests\Location\CreateRequest" filename="Http/Requests/Location/CreateRequest.php" line-rate="0" branch-rate="0" complexity="0">
          <methods/>
          <lines/>
        </class>
      </classes>
    </package>
    <package name="Http/Requests/Location/DestroyRequest.php" line-rate="1" branch-rate="0" complexity="2">
      <classes>
        <class name="Playground\Crm\Api\Http\Requests\Location\DestroyRequest" filename="Http/Requests/Location/DestroyRequest.php" line-rate="1" branch-rate="0" complexity="2">
          <methods>
            <method name="rules" signature="" line-rate="1" branch-rate="0" complexity="2">
              <lines>
                <line number="32" hits="4"/>
                <line number="34" hits="4"/>
                <line number="36" hits="4"/>
                <line number="37" hits="4"/>
                <line number="40" hits="4"/>
              </lines>
            </method>
          </methods>
          <lines>
            <line number="32" hits="4"/>
            <line number="34" hits="4"/>
            <line number="36" hits="4"/>
            <line number="37" hits="4"/>
            <line number="40" hits="4"/>
          </lines>
        </class>
      </classes>
    </package>
    <package name="Http/Requests/Location/EditRequest.php" line-rate="0" branch-rate="0" complexity="0">
      <classes>
        <class name="Playground\Crm\Api\Http\Requests\Location\EditRequest" filename="Http/Requests/Location/EditRequest.php" line-rate="0" branch-rate="0" complexity="0">
          <methods/>
          <lines/>
        </class>
      </classes>
    </package>
    <package name="Http/Requests/Location/IndexRequest.php" line-rate="0" branch-rate="0" complexity="0">
      <classes>
        <class name="Playground\Crm\Api\Http\Requests\Location\IndexRequest" filename="Http/Requests/Location/IndexRequest.php" line-rate="0" branch-rate="0" complexity="0">
          <methods/>
          <lines/>
        </class>
      </classes>
    </package>
    <package name="Http/Requests/Location/LockRequest.php" line-rate="0" branch-rate="0" complexity="0">
      <classes>
        <class name="Playground\Crm\Api\Http\Requests\Location\LockRequest" filename="Http/Requests/Location/LockRequest.php" line-rate="0" branch-rate="0" complexity="0">
          <methods/>
          <lines/>
        </class>
      </classes>
    </package>
    <package name="Http/Requests/Location/RestoreRequest.php" line-rate="0" branch-rate="0" complexity="0">
      <classes>
        <class name="Playground\Crm\Api\Http\Requests\Location\RestoreRequest" filename="Http/Requests/Location/RestoreRequest.php" line-rate="0" branch-rate="0" complexity="0">
          <methods/>
          <lines/>
        </class>
      </classes>
    </package>
    <package name="Http/Requests/Location/ShowRequest.php" line-rate="0" branch-rate="0" complexity="0">
      <classes>
        <class name="Playground\Crm\Api\Http\Requests\Location\ShowRequest" filename="Http/Requests/Location/ShowRequest.php" line-rate="0" branch-rate="0" complexity="0">
          <methods/>
          <lines/>
        </class>
      </classes>
    </package>
    <package name="Http/Requests/Location/StoreRequest.php" line-rate="1" branch-rate="0" complexity="2">
      <classes>
        <class name="Playground\Crm\Api\Http\Requests\Location\StoreRequest" filename="Http/Requests/Location/StoreRequest.php" line-rate="1" branch-rate="0" complexity="2">
          <methods>
            <method name="prepareForValidation" signature="" line-rate="1" branch-rate="0" complexity="2">
              <lines>
                <line number="117" hits="2"/>
                <line number="119" hits="2"/>
                <line number="121" hits="2"/>
                <line number="122" hits="2"/>
                <line number="123" hits="2"/>
                <line number="124" hits="2"/>
                <line number="126" hits="2"/>
                <line number="127" hits="1"/>
              </lines>
            </method>
          </methods>
          <lines>
            <line number="117" hits="2"/>
            <line number="119" hits="2"/>
            <line number="121" hits="2"/>
            <line number="122" hits="2"/>
            <line number="123" hits="2"/>
            <line number="124" hits="2"/>
            <line number="126" hits="2"/>
            <line number="127" hits="1"/>
          </lines>
        </class>
      </classes>
    </package>
    <package name="Http/Requests/Location/UnlockRequest.php" line-rate="0" branch-rate="0" complexity="0">
      <classes>
        <class name="Playground\Crm\Api\Http\Requests\Location\UnlockRequest" filename="Http/Requests/Location/UnlockRequest.php" line-rate="0" branch-rate="0" complexity="0">
          <methods/>
          <lines/>
        </class>
      </classes>
    </package>
    <package name="Http/Requests/Location/UpdateRequest.php" line-rate="1" branch-rate="0" complexity="2">
      <classes>
        <class name="Playground\Crm\Api\Http\Requests\Location\UpdateRequest" filename="Http/Requests/Location/UpdateRequest.php" line-rate="1" branch-rate="0" complexity="2">
          <methods>
            <method name="prepareForValidation" signature="" line-rate="1" branch-rate="0" complexity="2">
              <lines>
                <line number="117" hits="2"/>
                <line number="119" hits="2"/>
                <line number="121" hits="2"/>
                <line number="122" hits="2"/>
                <line number="123" hits="2"/>
                <line number="124" hits="2"/>
                <line number="126" hits="2"/>
                <line number="127" hits="1"/>
              </lines>
            </method>
          </methods>
          <lines>
            <line number="117" hits="2"/>
            <line number="119" hits="2"/>
            <line number="121" hits="2"/>
            <line number="122" hits="2"/>
            <line number="123" hits="2"/>
            <line number="124" hits="2"/>
            <line number="126" hits="2"/>
            <line number="127" hits="1"/>
          </lines>
        </class>
      </classes>
    </package>
    <package name="Http/Requests/Organization/CreateRequest.php" line-rate="0" branch-rate="0" complexity="0">
      <classes>
        <class name="Playground\Crm\Api\Http\Requests\Organization\CreateRequest" filename="Http/Requests/Organization/CreateRequest.php" line-rate="0" branch-rate="0" complexity="0">
          <methods/>
          <lines/>
        </class>
      </classes>
    </package>
    <package name="Http/Requests/Organization/DestroyRequest.php" line-rate="1" branch-rate="0" complexity="2">
      <classes>
        <class name="Playground\Crm\Api\Http\Requests\Organization\DestroyRequest" filename="Http/Requests/Organization/DestroyRequest.php" line-rate="1" branch-rate="0" complexity="2">
          <methods>
            <method name="rules" signature="" line-rate="1" branch-rate="0" complexity="2">
              <lines>
                <line number="32" hits="4"/>
                <line number="34" hits="4"/>
                <line number="36" hits="4"/>
                <line number="37" hits="4"/>
                <line number="40" hits="4"/>
              </lines>
            </method>
          </methods>
          <lines>
            <line number="32" hits="4"/>
            <line number="34" hits="4"/>
            <line number="36" hits="4"/>
            <line number="37" hits="4"/>
            <line number="40" hits="4"/>
          </lines>
        </class>
      </classes>
    </package>
    <package name="Http/Requests/Organization/EditRequest.php" line-rate="0" branch-rate="0" complexity="0">
      <classes>
        <class name="Playground\Crm\Api\Http\Requests\Organization\EditRequest" filename="Http/Requests/Organization/EditRequest.php" line-rate="0" branch-rate="0" complexity="0">
          <methods/>
          <lines/>
        </class>
      </classes>
    </package>
    <package name="Http/Requests/Organization/IndexRequest.php" line-rate="0" branch-rate="0" complexity="0">
      <classes>
        <class name="Playground\Crm\Api\Http\Requests\Organization\IndexRequest" filename="Http/Requests/Organization/IndexRequest.php" line-rate="0" branch-rate="0" complexity="0">
          <methods/>
          <lines/>
        </class>
      </classes>
    </package>
    <package name="Http/Requests/Organization/LockRequest.php" line-rate="0" branch-rate="0" complexity="0">
      <classes>
        <class name="Playground\Crm\Api\Http\Requests\Organization\LockRequest" filename="Http/Requests/Organization/LockRequest.php" line-rate="0" branch-rate="0" complexity="0">
          <methods/>
          <lines/>
        </class>
      </classes>
    </package>
    <package name="Http/Requests/Organization/RestoreRequest.php" line-rate="0" branch-rate="0" complexity="0">
      <classes>
        <class name="Playground\Crm\Api\Http\Requests\Organization\RestoreRequest" filename="Http/Requests/Organization/RestoreRequest.php" line-rate="0" branch-rate="0" complexity="0">
          <methods/>
          <lines/>
        </class>
      </classes>
    </package>
    <package name="Http/Requests/Organization/ShowRequest.php" line-rate="0" branch-rate="0" complexity="0">
      <classes>
        <class name="Playground\Crm\Api\Http\Requests\Organization\ShowRequest" filename="Http/Requests/Organization/ShowRequest.php" line-rate="0" branch-rate="0" complexity="0">
          <methods/>
          <lines/>
        </class>
      </classes>
    </package>
    <package name="Http/Requests/Organization/StoreRequest.php" line-rate="1" branch-rate="0" complexity="2">
      <classes>
        <class name="Playground\Crm\Api\Http\Requests\Organization\StoreRequest" filename="Http/Requests/Organization/StoreRequest.php" line-rate="1" branch-rate="0" complexity="2">
          <methods>
            <method name="prepareForValidation" signature="" line-rate="1" branch-rate="0" complexity="2">
              <lines>
                <line number="117" hits="2"/>
                <line number="119" hits="2"/>
                <line number="121" hits="2"/>
                <line number="122" hits="2"/>
                <line number="123" hits="2"/>
                <line number="124" hits="2"/>
                <line number="126" hits="2"/>
                <line number="127" hits="1"/>
              </lines>
            </method>
          </methods>
          <lines>
            <line number="117" hits="2"/>
            <line number="119" hits="2"/>
            <line number="121" hits="2"/>
            <line number="122" hits="2"/>
            <line number="123" hits="2"/>
            <line number="124" hits="2"/>
            <line number="126" hits="2"/>
            <line number="127" hits="1"/>
          </lines>
        </class>
      </classes>
    </package>
    <package name="Http/Requests/Organization/UnlockRequest.php" line-rate="0" branch-rate="0" complexity="0">
      <classes>
        <class name="Playground\Crm\Api\Http\Requests\Organization\UnlockRequest" filename="Http/Requests/Organization/UnlockRequest.php" line-rate="0" branch-rate="0" complexity="0">
          <methods/>
          <lines/>
        </class>
      </classes>
    </package>
    <package name="Http/Requests/Organization/UpdateRequest.php" line-rate="1" branch-rate="0" complexity="2">
      <classes>
        <class name="Playground\Crm\Api\Http\Requests\Organization\UpdateRequest" filename="Http/Requests/Organization/UpdateRequest.php" line-rate="1" branch-rate="0" complexity="2">
          <methods>
            <method name="prepareForValidation" signature="" line-rate="1" branch-rate="0" complexity="2">
              <lines>
                <line number="117" hits="2"/>
                <line number="119" hits="2"/>
                <line number="121" hits="2"/>
                <line number="122" hits="2"/>
                <line number="123" hits="2"/>
                <line number="124" hits="2"/>
                <line number="126" hits="2"/>
                <line number="127" hits="1"/>
              </lines>
            </method>
          </methods>
          <lines>
            <line number="117" hits="2"/>
            <line number="119" hits="2"/>
            <line number="121" hits="2"/>
            <line number="122" hits="2"/>
            <line number="123" hits="2"/>
            <line number="124" hits="2"/>
            <line number="126" hits="2"/>
            <line number="127" hits="1"/>
          </lines>
        </class>
      </classes>
    </package>
[...]
                <line number="39" hits="2"/>
                <line number="40" hits="2"/>
              </lines>
            </method>
          </methods>
          <lines>
            <line number="29" hits="2"/>
            <line number="30" hits="2"/>
            <line number="31" hits="2"/>
            <line number="32" hits="2"/>
            <line number="33" hits="2"/>
            <line number="34" hits="2"/>
            <line number="35" hits="2"/>
            <line number="36" hits="2"/>
            <line number="37" hits="2"/>
            <line number="38" hits="2"/>
            <line number="39" hits="2"/>
            <line number="40" hits="2"/>
          </lines>
        </class>
      </classes>
    </package>
    <package name="Http/Resources/Location.php" line-rate="1" branch-rate="0" complexity="1">
      <classes>
        <class name="Playground\Crm\Api\Http\Resources\Location" filename="Http/Resources/Location.php" line-rate="1" branch-rate="0" complexity="1">
          <methods>
            <method name="with" signature="Request $request" line-rate="1" branch-rate="0" complexity="1">
              <lines>
                <line number="34" hits="12"/>
                <line number="39" hits="12"/>
                <line number="41" hits="12"/>
                <line number="42" hits="12"/>
                <line number="43" hits="12"/>
                <line number="44" hits="12"/>
                <line number="45" hits="12"/>
                <line number="46" hits="12"/>
                <line number="47" hits="12"/>
                <line number="48" hits="12"/>
              </lines>
            </method>
          </methods>
          <lines>
            <line number="34" hits="12"/>
            <line number="39" hits="12"/>
            <line number="41" hits="12"/>
            <line number="42" hits="12"/>
            <line number="43" hits="12"/>
            <line number="44" hits="12"/>
            <line number="45" hits="12"/>
            <line number="46" hits="12"/>
            <line number="47" hits="12"/>
            <line number="48" hits="12"/>
          </lines>
        </class>
      </classes>
    </package>
    <package name="Http/Resources/LocationCollection.php" line-rate="1" branch-rate="0" complexity="1">
      <classes>
        <class name="Playground\Crm\Api\Http\Resources\LocationCollection" filename="Http/Resources/LocationCollection.php" line-rate="1" branch-rate="0" complexity="1">
          <methods>
            <method name="with" signature="Request $request" line-rate="1" branch-rate="0" complexity="1">
              <lines>
                <line number="29" hits="2"/>
                <line number="30" hits="2"/>
                <line number="31" hits="2"/>
                <line number="32" hits="2"/>
                <line number="33" hits="2"/>
                <line number="34" hits="2"/>
                <line number="35" hits="2"/>
                <line number="36" hits="2"/>
                <line number="37" hits="2"/>
                <line number="38" hits="2"/>
                <line number="39" hits="2"/>
                <line number="40" hits="2"/>
              </lines>
            </method>
          </methods>
          <lines>
            <line number="29" hits="2"/>
            <line number="30" hits="2"/>
            <line number="31" hits="2"/>
            <line number="32" hits="2"/>
            <line number="33" hits="2"/>
            <line number="34" hits="2"/>
            <line number="35" hits="2"/>
            <line number="36" hits="2"/>
            <line number="37" hits="2"/>
            <line number="38" hits="2"/>
            <line number="39" hits="2"/>
            <line number="40" hits="2"/>
          </lines>
        </class>
      </classes>
    </package>
    <package name="Http/Resources/Organization.php" line-rate="1" branch-rate="0" complexity="1">
      <classes>
        <class name="Playground\Crm\Api\Http\Resources\Organization" filename="Http/Resources/Organization.php" line-rate="1" branch-rate="0" complexity="1">
          <methods>
            <method name="with" signature="Request $request" line-rate="1" branch-rate="0" complexity="1">
              <lines>
                <line number="34" hits="12"/>
                <line number="39" hits="12"/>
                <line number="41" hits="12"/>
                <line number="42" hits="12"/>
                <line number="43" hits="12"/>
                <line number="44" hits="12"/>
                <line number="45" hits="12"/>
                <line number="46" hits="12"/>
                <line number="47" hits="12"/>
                <line number="48" hits="12"/>
              </lines>
            </method>
          </methods>
          <lines>
            <line number="34" hits="12"/>
            <line number="39" hits="12"/>
            <line number="41" hits="12"/>
            <line number="42" hits="12"/>
            <line number="43" hits="12"/>
            <line number="44" hits="12"/>
            <line number="45" hits="12"/>
            <line number="46" hits="12"/>
            <line number="47" hits="12"/>
            <line number="48" hits="12"/>
          </lines>
        </class>
      </classes>
    </package>
    <package name="Http/Resources/OrganizationCollection.php" line-rate="1" branch-rate="0" complexity="1">
      <classes>
        <class name="Playground\Crm\Api\Http\Resources\OrganizationCollection" filename="Http/Resources/OrganizationCollection.php" line-rate="1" branch-rate="0" complexity="1">
          <methods>
            <method name="with" signature="Request $request" line-rate="1" branch-rate="0" complexity="1">
              <lines>
                <line number="29" hits="2"/>
                <line number="30" hits="2"/>
                <line number="31" hits="2"/>
                <line number="32" hits="2"/>
                <line number="33" hits="2"/>
                <line number="34" hits="2"/>
                <line number="35" hits="2"/>
                <line number="36" hits="2"/>
                <line number="37" hits="2"/>
                <line number="38" hits="2"/>
                <line number="39" hits="2"/>
                <line number="40" hits="2"/>
              </lines>
            </method>
          </methods>
          <lines>
            <line number="29" hits="2"/>
            <line number="30" hits="2"/>
            <line number="31" hits="2"/>
            <line number="32" hits="2"/>
            <line number="33" hits="2"/>
            <line number="34" hits="2"/>
            <line number="35" hits="2"/>
            <line number="36" hits="2"/>
            <line number="37" hits="2"/>
            <line number="38" hits="2"/>
            <line number="39" hits="2"/>
            <line number="40" hits="2"/>
          </lines>
        </class>
      </classes>
    </package>
    <package name="Http/Resources/People.php" line-rate="1" branch-rate="0" complexity="1">
      <classes>
        <class name="Playground\Crm\Api\Http\Resources\People" filename="Http/Resources/People.php" line-rate="1" branch-rate="0" complexity="1">
          <methods>
            <method name="with" signature="Request $request" line-rate="1" branch-rate="0" complexity="1">
              <lines>
                <line number="34" hits="12"/>
                <line number="39" hits="12"/>
                <line number="41" hits="12"/>
                <line number="42" hits="12"/>
                <line number="43" hits="12"/>
                <line number="44" hits="12"/>
                <line number="45" hits="12"/>
                <line number="46" hits="12"/>
                <line number="47" hits="12"/>
                <line number="48" hits="12"/>
              </lines>
            </method>
          </methods>
          <lines>
            <line number="34" hits="12"/>
            <line number="39" hits="12"/>
            <line number="41" hits="12"/>
            <line number="42" hits="12"/>
            <line number="43" hits="12"/>
            <line number="44" hits="12"/>
            <line number="45" hits="12"/>
            <line number="46" hits="12"/>
            <line number="47" hits="12"/>
            <line number="48" hits="12"/>
          </lines>
        </class>
      </classes>
    </package>
    <package name="Http/Resources/PeopleCollection.php" line-rate="1" branch-rate="0" complexity="1">
      <classes>
        <class name="Playground\Crm\Api\Http\Resources\PeopleCollection" filename="Http/Resources/PeopleCollection.php" line-rate="1" branch-rate="0" complexity="1">
          <methods>
            <method name="with" signature="Request $request" line-rate="1" branch-rate="0" complexity="1">
              <lines>
                <line number="29" hits="2"/>
                <line number="30" hits="2"/>
                <line number="31" hits="2"/>
                <line number="32" hits="2"/>
                <line number="33" hits="2"/>
                <line number="34" hits="2"/>
                <line number="35" hits="2"/>
                <line number="36" hits="2"/>
                <line number="37" hits="2"/>
                <line number="38" hits="2"/>
                <line number="39" hits="2"/>
                <line number="40" hits="2"/>
              </lines>
            </method>
          </methods>
          <lines>
            <line number="29" hits="2"/>
            <line number="30" hits="2"/>
            <line number="31" hits="2"/>
            <line number="32" hits="2"/>
            <line number="33" hits="2"/>
            <line number="34" hits="2"/>
            <line number="35" hits="2"/>
            <line number="36" hits="2"/>
            <line number="37" hits="2"/>
            <line number="38" hits="2"/>
            <line number="39" hits="2"/>
            <line number="40" hits="2"/>
          </lines>
        </class>
      </classes>
    </package>
    <package name="Policies/ClientPolicy.php" line-rate="0" branch-rate="0" complexity="0">
      <classes>
        <class name="Playground\Crm\Api\Policies\ClientPolicy" filename="Policies/ClientPolicy.php" line-rate="0" branch-rate="0" complexity="0">
          <methods/>
          <lines/>
        </class>
      </classes>
    </package>
    <package name="Policies/ContactPolicy.php" line-rate="0" branch-rate="0" complexity="0">
      <classes>
        <class name="Playground\Crm\Api\Policies\ContactPolicy" filename="Policies/ContactPolicy.php" line-rate="0" branch-rate="0" complexity="0">
          <methods/>
          <lines/>
        </class>
      </classes>
    </package>
    <package name="Policies/LocationPolicy.php" line-rate="0" branch-rate="0" complexity="0">
      <classes>
        <class name="Playground\Crm\Api\Policies\LocationPolicy" filename="Policies/LocationPolicy.php" line-rate="0" branch-rate="0" complexity="0">
          <methods/>
          <lines/>
        </class>
      </classes>
    </package>
    <package name="Policies/OrganizationPolicy.php" line-rate="0" branch-rate="0" complexity="0">
      <classes>
        <class name="Playground\Crm\Api\Policies\OrganizationPolicy" filename="Policies/OrganizationPolicy.php" line-rate="0" branch-rate="0" complexity="0">
          <methods/>
          <lines/>
        </class>
      </classes>
    </package>
    <package name="Policies/PeoplePolicy.php" line-rate="0" branch-rate="0" complexity="0">
      <classes>
        <class name="Playground\Crm\Api\Policies\PeoplePolicy" filename="Policies/PeoplePolicy.php" line-rate="0" branch-rate="0" complexity="0">
          <methods/>
          <lines/>
        </class>
      </classes>
    </package>
    <package name="ServiceProvider.php" line-rate="1" branch-rate="0" complexity="49">
      <classes>
        <class name="Playground\Crm\Api\ServiceProvider" filename="ServiceProvider.php" line-rate="1" branch-rate="0" complexity="49">
          <methods>
            <method name="boot" signature="" line-rate="1" branch-rate="0" complexity="12">
              <lines>
                <line number="59" hits="236"/>
                <line number="61" hits="236"/>
                <line number="63" hits="236"/>
                <line number="64" hits="236"/>
                <line number="65" hits="236"/>
                <line number="66" hits="236"/>
                <line number="67" hits="236"/>
                <line number="70" hits="236"/>
                <line number="71" hits="236"/>
                <line number="72" hits="236"/>
                <line number="74" hits="236"/>
                <line number="75" hits="236"/>
                <line number="78" hits="236"/>
                <line number="79" hits="236"/>
                <line number="80" hits="236"/>
                <line number="82" hits="236"/>
                <line number="86" hits="236"/>
                <line number="88" hits="236"/>
                <line number="89" hits="236"/>
                <line number="90" hits="236"/>
                <line number="93" hits="236"/>
                <line number="94" hits="236"/>
                <line number="95" hits="236"/>
                <line number="98" hits="236"/>
                <line number="99" hits="236"/>
              </lines>
            </method>
            <method name="register" signature="" line-rate="1" branch-rate="0" complexity="1">
              <lines>
                <line number="108" hits="236"/>
                <line number="109" hits="236"/>
                <line number="110" hits="236"/>
                <line number="111" hits="236"/>
              </lines>
            </method>
            <method name="setPolicies" signature="array $policies" line-rate="1" branch-rate="0" complexity="9">
              <lines>
                <line number="121" hits="236"/>
                <line number="122" hits="236"/>
                <line number="123" hits="1"/>
                <line number="124" hits="1"/>
                <line number="125" hits="1"/>
                <line number="126" hits="1"/>
                <line number="127" hits="1"/>
                <line number="128" hits="1"/>
                <line number="130" hits="1"/>
                <line number="132" hits="236"/>
                <line number="133" hits="1"/>
                <line number="134" hits="1"/>
                <line number="135" hits="1"/>
                <line number="136" hits="1"/>
                <line number="137" hits="1"/>
                <line number="138" hits="1"/>
                <line number="140" hits="1"/>
                <line number="142" hits="236"/>
              </lines>
            </method>
            <method name="routes" signature="array $config" line-rate="1" branch-rate="0" complexity="6">
              <lines>
                <line number="151" hits="236"/>
                <line number="152" hits="236"/>
                <line number="154" hits="236"/>
                <line number="155" hits="236"/>
                <line number="157" hits="236"/>
                <line number="158" hits="236"/>
                <line number="160" hits="236"/>
                <line number="161" hits="236"/>
                <line number="163" hits="236"/>
                <line number="164" hits="236"/>
              </lines>
            </method>
            <method name="about" signature="" line-rate="1" branch-rate="0" complexity="21">
              <lines>
                <line number="170" hits="236"/>
                <line number="171" hits="236"/>
                <line number="173" hits="236"/>
                <line number="175" hits="236"/>
                <line number="177" hits="236"/>
                <line number="179" hits="236"/>
                <line number="181" hits="236"/>
                <line number="183" hits="236"/>
                <line number="184" hits="236"/>
                <line number="185" hits="236"/>
                <line number="187" hits="236"/>
                <line number="188" hits="236"/>
                <line number="189" hits="236"/>
                <line number="191" hits="236"/>
                <line number="192" hits="236"/>
                <line number="193" hits="236"/>
                <line number="194" hits="236"/>
                <line number="195" hits="236"/>
                <line number="197" hits="236"/>
                <line number="198" hits="236"/>
                <line number="199" hits="236"/>
              </lines>
            </method>
          </methods>
          <lines>
            <line number="59" hits="236"/>
            <line number="61" hits="236"/>
            <line number="63" hits="236"/>
            <line number="64" hits="236"/>
            <line number="65" hits="236"/>
            <line number="66" hits="236"/>
            <line number="67" hits="236"/>
            <line number="70" hits="236"/>
            <line number="71" hits="236"/>
            <line number="72" hits="236"/>
            <line number="74" hits="236"/>
            <line number="75" hits="236"/>
            <line number="78" hits="236"/>
            <line number="79" hits="236"/>
            <line number="80" hits="236"/>
            <line number="82" hits="236"/>
            <line number="86" hits="236"/>
            <line number="88" hits="236"/>
            <line number="89" hits="236"/>
            <line number="90" hits="236"/>
            <line number="93" hits="236"/>
            <line number="94" hits="236"/>
            <line number="95" hits="236"/>
            <line number="98" hits="236"/>
            <line number="99" hits="236"/>
            <line number="108" hits="236"/>
            <line number="109" hits="236"/>
            <line number="110" hits="236"/>
            <line number="111" hits="236"/>
            <line number="121" hits="236"/>
            <line number="122" hits="236"/>
            <line number="123" hits="1"/>
            <line number="124" hits="1"/>
            <line number="125" hits="1"/>
            <line number="126" hits="1"/>
            <line number="127" hits="1"/>
            <line number="128" hits="1"/>
            <line number="130" hits="1"/>
            <line number="132" hits="236"/>
            <line number="133" hits="1"/>
            <line number="134" hits="1"/>
            <line number="135" hits="1"/>
            <line number="136" hits="1"/>
            <line number="137" hits="1"/>
            <line number="138" hits="1"/>
            <line number="140" hits="1"/>
            <line number="142" hits="236"/>
            <line number="151" hits="236"/>
            <line number="152" hits="236"/>
            <line number="154" hits="236"/>
            <line number="155" hits="236"/>
            <line number="157" hits="236"/>
            <line number="158" hits="236"/>
            <line number="160" hits="236"/>
            <line number="161" hits="236"/>
            <line number="163" hits="236"/>
            <line number="164" hits="236"/>
            <line number="170" hits="236"/>
            <line number="171" hits="236"/>
            <line number="173" hits="236"/>
            <line number="175" hits="236"/>
            <line number="177" hits="236"/>
            <line number="179" hits="236"/>
            <line number="181" hits="236"/>
            <line number="183" hits="236"/>
            <line number="184" hits="236"/>
            <line number="185" hits="236"/>
            <line number="187" hits="236"/>
            <line number="188" hits="236"/>
            <line number="189" hits="236"/>
            <line number="191" hits="236"/>
            <line number="192" hits="236"/>
            <line number="193" hits="236"/>
            <line number="194" hits="236"/>
            <line number="195" hits="236"/>
            <line number="197" hits="236"/>
            <line number="198" hits="236"/>
            <line number="199" hits="236"/>
          </lines>
        </class>
      </classes>
    </package>
  </packages>
</coverage>
