<?xml version="1.0" encoding="UTF-8"?>
<!DOCTYPE coverage SYSTEM "http://cobertura.sourceforge.net/xml/coverage-04.dtd">
<coverage line-rate="1" branch-rate="0" lines-covered="800" lines-valid="800" branches-covered="0" branches-valid="0" complexity="217" version="0.4" timestamp="1723794312">
  <sources>
    <source>/app/src</source>
  </sources>
  <packages>
    <package name="Http/Controllers/ClientController.php" line-rate="1" branch-rate="0" complexity="20">
      <classes>
        <class name="Playground\Crm\Api\Http\Controllers\ClientController" filename="Http/Controllers/ClientController.php" line-rate="1" branch-rate="0" complexity="20">
          <methods>
            <method name="create" signature="Playground\Crm\Api\Http\Requests\Client\CreateRequest $request" line-rate="1" branch-rate="0" complexity="1">
              <lines>
                <line number="48" hits="1"/>
                <line number="50" hits="1"/>
                <line number="52" hits="1"/>
                <line number="54" hits="1"/>
                <line number="55" hits="1"/>
                <line number="56" hits="1"/>
              </lines>
            </method>
            <method name="edit" signature="Playground\Crm\Models\Client $client, Playground\Crm\Api\Http\Requests\Client\EditRequest $request" line-rate="1" branch-rate="0" complexity="1">
              <lines>
                <line number="68" hits="1"/>
                <line number="69" hits="1"/>
                <line number="70" hits="1"/>
              </lines>
            </method>
            <method name="destroy" signature="Playground\Crm\Models\Client $client, Playground\Crm\Api\Http\Requests\Client\DestroyRequest $request" line-rate="1" branch-rate="0" complexity="3">
              <lines>
                <line number="83" hits="4"/>
                <line number="85" hits="4"/>
                <line number="87" hits="4"/>
                <line number="88" hits="4"/>
                <line number="91" hits="4"/>
                <line number="92" hits="3"/>
                <line number="94" hits="1"/>
                <line number="97" hits="4"/>
              </lines>
            </method>
            <method name="lock" signature="Playground\Crm\Models\Client $client, Playground\Crm\Api\Http\Requests\Client\LockRequest $request" line-rate="1" branch-rate="0" complexity="2">
              <lines>
                <line number="110" hits="2"/>
                <line number="112" hits="2"/>
                <line number="114" hits="2"/>
                <line number="115" hits="2"/>
                <line number="118" hits="2"/>
                <line number="120" hits="2"/>
                <line number="122" hits="2"/>
                <line number="123" hits="2"/>
                <line number="124" hits="2"/>
              </lines>
            </method>
            <method name="index" signature="Playground\Crm\Api\Http\Requests\Client\IndexRequest $request" line-rate="1" branch-rate="0" complexity="5">
              <lines>
                <line number="136" hits="2"/>
                <line number="138" hits="2"/>
                <line number="140" hits="2"/>
                <line number="142" hits="2"/>
                <line number="144" hits="2"/>
                <line number="146" hits="1"/>
                <line number="148" hits="1"/>
                <line number="149" hits="1"/>
                <line number="150" hits="1"/>
                <line number="151" hits="1"/>
                <line number="153" hits="1"/>
                <line number="154" hits="1"/>
                <line number="155" hits="1"/>
                <line number="156" hits="1"/>
                <line number="158" hits="1"/>
                <line number="159" hits="1"/>
                <line number="160" hits="1"/>
                <line number="161" hits="1"/>
                <line number="163" hits="1"/>
                <line number="164" hits="1"/>
                <line number="165" hits="1"/>
                <line number="166" hits="1"/>
                <line number="169" hits="2"/>
                <line number="170" hits="2"/>
                <line number="172" hits="2"/>
                <line number="174" hits="2"/>
              </lines>
            </method>
            <method name="restore" signature="Playground\Crm\Models\Client $client, Playground\Crm\Api\Http\Requests\Client\RestoreRequest $request" line-rate="1" branch-rate="0" complexity="2">
              <lines>
                <line number="187" hits="2"/>
                <line number="189" hits="2"/>
                <line number="190" hits="2"/>
                <line number="193" hits="2"/>
                <line number="195" hits="2"/>
                <line number="196" hits="2"/>
                <line number="197" hits="2"/>
              </lines>
            </method>
            <method name="show" signature="Playground\Crm\Models\Client $client, Playground\Crm\Api\Http\Requests\Client\ShowRequest $request" line-rate="1" branch-rate="0" complexity="1">
              <lines>
                <line number="209" hits="1"/>
                <line number="210" hits="1"/>
                <line number="211" hits="1"/>
              </lines>
            </method>
            <method name="store" signature="Playground\Crm\Api\Http\Requests\Client\StoreRequest $request" line-rate="1" branch-rate="0" complexity="1">
              <lines>
                <line number="222" hits="1"/>
                <line number="224" hits="1"/>
                <line number="226" hits="1"/>
                <line number="228" hits="1"/>
                <line number="230" hits="1"/>
                <line number="232" hits="1"/>
                <line number="233" hits="1"/>
                <line number="234" hits="1"/>
              </lines>
            </method>
            <method name="unlock" signature="Playground\Crm\Models\Client $client, Playground\Crm\Api\Http\Requests\Client\UnlockRequest $request" line-rate="1" branch-rate="0" complexity="2">
              <lines>
                <line number="247" hits="2"/>
                <line number="249" hits="2"/>
                <line number="251" hits="2"/>
                <line number="253" hits="2"/>
                <line number="254" hits="2"/>
                <line number="257" hits="2"/>
                <line number="259" hits="2"/>
                <line number="260" hits="2"/>
                <line number="261" hits="2"/>
              </lines>
            </method>
            <method name="update" signature="Playground\Crm\Models\Client $client, Playground\Crm\Api\Http\Requests\Client\UpdateRequest $request" line-rate="1" branch-rate="0" complexity="2">
              <lines>
                <line number="274" hits="1"/>
                <line number="276" hits="1"/>
                <line number="278" hits="1"/>
                <line number="279" hits="1"/>
                <line number="282" hits="1"/>
                <line number="284" hits="1"/>
                <line number="285" hits="1"/>
                <line number="286" hits="1"/>
              </lines>
            </method>
          </methods>
          <lines>
            <line number="48" hits="1"/>
            <line number="50" hits="1"/>
            <line number="52" hits="1"/>
            <line number="54" hits="1"/>
            <line number="55" hits="1"/>
            <line number="56" hits="1"/>
            <line number="68" hits="1"/>
            <line number="69" hits="1"/>
            <line number="70" hits="1"/>
            <line number="83" hits="4"/>
            <line number="85" hits="4"/>
            <line number="87" hits="4"/>
            <line number="88" hits="4"/>
            <line number="91" hits="4"/>
            <line number="92" hits="3"/>
            <line number="94" hits="1"/>
            <line number="97" hits="4"/>
            <line number="110" hits="2"/>
            <line number="112" hits="2"/>
            <line number="114" hits="2"/>
            <line number="115" hits="2"/>
            <line number="118" hits="2"/>
            <line number="120" hits="2"/>
            <line number="122" hits="2"/>
            <line number="123" hits="2"/>
            <line number="124" hits="2"/>
            <line number="136" hits="2"/>
            <line number="138" hits="2"/>
            <line number="140" hits="2"/>
            <line number="142" hits="2"/>
            <line number="144" hits="2"/>
            <line number="146" hits="1"/>
            <line number="148" hits="1"/>
            <line number="149" hits="1"/>
            <line number="150" hits="1"/>
            <line number="151" hits="1"/>
            <line number="153" hits="1"/>
            <line number="154" hits="1"/>
            <line number="155" hits="1"/>
            <line number="156" hits="1"/>
            <line number="158" hits="1"/>
            <line number="159" hits="1"/>
            <line number="160" hits="1"/>
            <line number="161" hits="1"/>
            <line number="163" hits="1"/>
            <line number="164" hits="1"/>
            <line number="165" hits="1"/>
            <line number="166" hits="1"/>
            <line number="169" hits="2"/>
            <line number="170" hits="2"/>
            <line number="172" hits="2"/>
            <line number="174" hits="2"/>
            <line number="187" hits="2"/>
            <line number="189" hits="2"/>
            <line number="190" hits="2"/>
            <line number="193" hits="2"/>
            <line number="195" hits="2"/>
            <line number="196" hits="2"/>
            <line number="197" hits="2"/>
            <line number="209" hits="1"/>
            <line number="210" hits="1"/>
            <line number="211" hits="1"/>
            <line number="222" hits="1"/>
            <line number="224" hits="1"/>
            <line number="226" hits="1"/>
            <line number="228" hits="1"/>
            <line number="230" hits="1"/>
            <line number="232" hits="1"/>
            <line number="233" hits="1"/>
            <line number="234" hits="1"/>
            <line number="247" hits="2"/>
            <line number="249" hits="2"/>
            <line number="251" hits="2"/>
            <line number="253" hits="2"/>
            <line number="254" hits="2"/>
            <line number="257" hits="2"/>
            <line number="259" hits="2"/>
            <line number="260" hits="2"/>
            <line number="261" hits="2"/>
            <line number="274" hits="1"/>
            <line number="276" hits="1"/>
            <line number="278" hits="1"/>
            <line number="279" hits="1"/>
            <line number="282" hits="1"/>
            <line number="284" hits="1"/>
            <line number="285" hits="1"/>
            <line number="286" hits="1"/>
          </lines>
        </class>
      </classes>
    </package>
    <package name="Http/Controllers/ContactController.php" line-rate="1" branch-rate="0" complexity="20">
      <classes>
        <class name="Playground\Crm\Api\Http\Controllers\ContactController" filename="Http/Controllers/ContactController.php" line-rate="1" branch-rate="0" complexity="20">
          <methods>
            <method name="create" signature="Playground\Crm\Api\Http\Requests\Contact\CreateRequest $request" line-rate="1" branch-rate="0" complexity="1">
              <lines>
                <line number="48" hits="1"/>
                <line number="50" hits="1"/>
                <line number="52" hits="1"/>
                <line number="54" hits="1"/>
                <line number="55" hits="1"/>
                <line number="56" hits="1"/>
              </lines>
            </method>
            <method name="edit" signature="Playground\Crm\Models\Contact $contact, Playground\Crm\Api\Http\Requests\Contact\EditRequest $request" line-rate="1" branch-rate="0" complexity="1">
              <lines>
                <line number="68" hits="1"/>
                <line number="69" hits="1"/>
                <line number="70" hits="1"/>
              </lines>
            </method>
            <method name="destroy" signature="Playground\Crm\Models\Contact $contact, Playground\Crm\Api\Http\Requests\Contact\DestroyRequest $request" line-rate="1" branch-rate="0" complexity="3">
              <lines>
                <line number="83" hits="4"/>
                <line number="85" hits="4"/>
                <line number="87" hits="4"/>
                <line number="88" hits="4"/>
                <line number="91" hits="4"/>
                <line number="92" hits="3"/>
                <line number="94" hits="1"/>
                <line number="97" hits="4"/>
              </lines>
            </method>
            <method name="lock" signature="Playground\Crm\Models\Contact $contact, Playground\Crm\Api\Http\Requests\Contact\LockRequest $request" line-rate="1" branch-rate="0" complexity="2">
              <lines>
                <line number="110" hits="2"/>
                <line number="112" hits="2"/>
                <line number="114" hits="2"/>
                <line number="115" hits="2"/>
                <line number="118" hits="2"/>
                <line number="120" hits="2"/>
                <line number="122" hits="2"/>
                <line number="123" hits="2"/>
                <line number="124" hits="2"/>
              </lines>
            </method>
            <method name="index" signature="Playground\Crm\Api\Http\Requests\Contact\IndexRequest $request" line-rate="1" branch-rate="0" complexity="5">
              <lines>
                <line number="136" hits="2"/>
                <line number="138" hits="2"/>
                <line number="140" hits="2"/>
                <line number="142" hits="2"/>
                <line number="144" hits="2"/>
                <line number="146" hits="1"/>
                <line number="148" hits="1"/>
                <line number="149" hits="1"/>
                <line number="150" hits="1"/>
                <line number="151" hits="1"/>
                <line number="153" hits="1"/>
                <line number="154" hits="1"/>
                <line number="155" hits="1"/>
                <line number="156" hits="1"/>
                <line number="158" hits="1"/>
                <line number="159" hits="1"/>
                <line number="160" hits="1"/>
                <line number="161" hits="1"/>
                <line number="163" hits="1"/>
                <line number="164" hits="1"/>
                <line number="165" hits="1"/>
                <line number="166" hits="1"/>
                <line number="169" hits="2"/>
                <line number="170" hits="2"/>
                <line number="172" hits="2"/>
                <line number="174" hits="2"/>
              </lines>
            </method>
            <method name="restore" signature="Playground\Crm\Models\Contact $contact, Playground\Crm\Api\Http\Requests\Contact\RestoreRequest $request" line-rate="1" branch-rate="0" complexity="2">
              <lines>
                <line number="187" hits="2"/>
                <line number="189" hits="2"/>
                <line number="190" hits="2"/>
                <line number="193" hits="2"/>
                <line number="195" hits="2"/>
                <line number="196" hits="2"/>
                <line number="197" hits="2"/>
              </lines>
            </method>
            <method name="show" signature="Playground\Crm\Models\Contact $contact, Playground\Crm\Api\Http\Requests\Contact\ShowRequest $request" line-rate="1" branch-rate="0" complexity="1">
              <lines>
                <line number="209" hits="1"/>
                <line number="210" hits="1"/>
                <line number="211" hits="1"/>
              </lines>
            </method>
            <method name="store" signature="Playground\Crm\Api\Http\Requests\Contact\StoreRequest $request" line-rate="1" branch-rate="0" complexity="1">
              <lines>
                <line number="222" hits="1"/>
                <line number="224" hits="1"/>
                <line number="226" hits="1"/>
                <line number="228" hits="1"/>
                <line number="230" hits="1"/>
                <line number="232" hits="1"/>
                <line number="233" hits="1"/>
                <line number="234" hits="1"/>
              </lines>
            </method>
            <method name="unlock" signature="Playground\Crm\Models\Contact $contact, Playground\Crm\Api\Http\Requests\Contact\UnlockRequest $request" line-rate="1" branch-rate="0" complexity="2">
              <lines>
                <line number="247" hits="2"/>
                <line number="249" hits="2"/>
                <line number="251" hits="2"/>
                <line number="253" hits="2"/>
                <line number="254" hits="2"/>
                <line number="257" hits="2"/>
                <line number="259" hits="2"/>
                <line number="260" hits="2"/>
                <line number="261" hits="2"/>
              </lines>
            </method>
            <method name="update" signature="Playground\Crm\Models\Contact $contact, Playground\Crm\Api\Http\Requests\Contact\UpdateRequest $request" line-rate="1" branch-rate="0" complexity="2">
              <lines>
                <line number="274" hits="1"/>
                <line number="276" hits="1"/>
                <line number="278" hits="1"/>
                <line number="279" hits="1"/>
                <line number="282" hits="1"/>
                <line number="284" hits="1"/>
                <line number="285" hits="1"/>
                <line number="286" hits="1"/>
              </lines>
            </method>
          </methods>
          <lines>
            <line number="48" hits="1"/>
            <line number="50" hits="1"/>
            <line number="52" hits="1"/>
            <line number="54" hits="1"/>
            <line number="55" hits="1"/>
            <line number="56" hits="1"/>
            <line number="68" hits="1"/>
            <line number="69" hits="1"/>
            <line number="70" hits="1"/>
            <line number="83" hits="4"/>
            <line number="85" hits="4"/>
            <line number="87" hits="4"/>
            <line number="88" hits="4"/>
            <line number="91" hits="4"/>
            <line number="92" hits="3"/>
            <line number="94" hits="1"/>
            <line number="97" hits="4"/>
            <line number="110" hits="2"/>
            <line number="112" hits="2"/>
            <line number="114" hits="2"/>
            <line number="115" hits="2"/>
            <line number="118" hits="2"/>
            <line number="120" hits="2"/>
            <line number="122" hits="2"/>
            <line number="123" hits="2"/>
            <line number="124" hits="2"/>
            <line number="136" hits="2"/>
            <line number="138" hits="2"/>
            <line number="140" hits="2"/>
            <line number="142" hits="2"/>
            <line number="144" hits="2"/>
            <line number="146" hits="1"/>
            <line number="148" hits="1"/>
            <line number="149" hits="1"/>
            <line number="150" hits="1"/>
            <line number="151" hits="1"/>
            <line number="153" hits="1"/>
            <line number="154" hits="1"/>
            <line number="155" hits="1"/>
            <line number="156" hits="1"/>
            <line number="158" hits="1"/>
            <line number="159" hits="1"/>
            <line number="160" hits="1"/>
            <line number="161" hits="1"/>
            <line number="163" hits="1"/>
            <line number="164" hits="1"/>
            <line number="165" hits="1"/>
            <line number="166" hits="1"/>
            <line number="169" hits="2"/>
            <line number="170" hits="2"/>
            <line number="172" hits="2"/>
            <line number="174" hits="2"/>
            <line number="187" hits="2"/>
            <line number="189" hits="2"/>
            <line number="190" hits="2"/>
            <line number="193" hits="2"/>
            <line number="195" hits="2"/>
            <line number="196" hits="2"/>
            <line number="197" hits="2"/>
            <line number="209" hits="1"/>
            <line number="210" hits="1"/>
            <line number="211" hits="1"/>
            <line number="222" hits="1"/>
            <line number="224" hits="1"/>
            <line number="226" hits="1"/>
            <line number="228" hits="1"/>
            <line number="230" hits="1"/>
            <line number="232" hits="1"/>
            <line number="233" hits="1"/>
            <line number="234" hits="1"/>
            <line number="247" hits="2"/>
            <line number="249" hits="2"/>
            <line number="251" hits="2"/>
            <line number="253" hits="2"/>
            <line number="254" hits="2"/>
            <line number="257" hits="2"/>
            <line number="259" hits="2"/>
            <line number="260" hits="2"/>
            <line number="261" hits="2"/>
            <line number="274" hits="1"/>
            <line number="276" hits="1"/>
            <line number="278" hits="1"/>
            <line number="279" hits="1"/>
            <line number="282" hits="1"/>
            <line number="284" hits="1"/>
            <line number="285" hits="1"/>
            <line number="286" hits="1"/>
          </lines>
        </class>
      </classes>
    </package>
    <package name="Http/Controllers/Controller.php" line-rate="0" branch-rate="0" complexity="0">
      <classes>
        <class name="Playground\Crm\Api\Http\Controllers\Controller" filename="Http/Controllers/Controller.php" line-rate="0" branch-rate="0" complexity="0">
          <methods/>
          <lines/>
        </class>
      </classes>
    </package>
    <package name="Http/Controllers/LocationController.php" line-rate="1" branch-rate="0" complexity="20">
      <classes>
        <class name="Playground\Crm\Api\Http\Controllers\LocationController" filename="Http/Controllers/LocationController.php" line-rate="1" branch-rate="0" complexity="20">
          <methods>
            <method name="create" signature="Playground\Crm\Api\Http\Requests\Location\CreateRequest $request" line-rate="1" branch-rate="0" complexity="1">
              <lines>
                <line number="48" hits="1"/>
                <line number="50" hits="1"/>
                <line number="52" hits="1"/>
                <line number="54" hits="1"/>
                <line number="55" hits="1"/>
                <line number="56" hits="1"/>
              </lines>
            </method>
            <method name="edit" signature="Playground\Crm\Models\Location $location, Playground\Crm\Api\Http\Requests\Location\EditRequest $request" line-rate="1" branch-rate="0" complexity="1">
              <lines>
                <line number="68" hits="1"/>
                <line number="69" hits="1"/>
                <line number="70" hits="1"/>
              </lines>
            </method>
            <method name="destroy" signature="Playground\Crm\Models\Location $location, Playground\Crm\Api\Http\Requests\Location\DestroyRequest $request" line-rate="1" branch-rate="0" complexity="3">
              <lines>
                <line number="83" hits="4"/>
                <line number="85" hits="4"/>
                <line number="87" hits="4"/>
                <line number="88" hits="4"/>
                <line number="91" hits="4"/>
                <line number="92" hits="3"/>
                <line number="94" hits="1"/>
                <line number="97" hits="4"/>
              </lines>
            </method>
            <method name="lock" signature="Playground\Crm\Models\Location $location, Playground\Crm\Api\Http\Requests\Location\LockRequest $request" line-rate="1" branch-rate="0" complexity="2">
              <lines>
                <line number="110" hits="2"/>
                <line number="112" hits="2"/>
                <line number="114" hits="2"/>
                <line number="115" hits="2"/>
                <line number="118" hits="2"/>
                <line number="120" hits="2"/>
                <line number="122" hits="2"/>
                <line number="123" hits="2"/>
                <line number="124" hits="2"/>
              </lines>
            </method>
            <method name="index" signature="Playground\Crm\Api\Http\Requests\Location\IndexRequest $request" line-rate="1" branch-rate="0" complexity="5">
              <lines>
                <line number="136" hits="2"/>
                <line number="138" hits="2"/>
                <line number="140" hits="2"/>
                <line number="142" hits="2"/>
                <line number="144" hits="2"/>
                <line number="146" hits="1"/>
                <line number="148" hits="1"/>
                <line number="149" hits="1"/>
                <line number="150" hits="1"/>
                <line number="151" hits="1"/>
                <line number="153" hits="1"/>
                <line number="154" hits="1"/>
                <line number="155" hits="1"/>
                <line number="156" hits="1"/>
                <line number="158" hits="1"/>
                <line number="159" hits="1"/>
                <line number="160" hits="1"/>
                <line number="161" hits="1"/>
                <line number="163" hits="1"/>
                <line number="164" hits="1"/>
                <line number="165" hits="1"/>
                <line number="166" hits="1"/>
                <line number="169" hits="2"/>
                <line number="170" hits="2"/>
                <line number="172" hits="2"/>
                <line number="174" hits="2"/>
              </lines>
            </method>
            <method name="restore" signature="Playground\Crm\Models\Location $location, Playground\Crm\Api\Http\Requests\Location\RestoreRequest $request" line-rate="1" branch-rate="0" complexity="2">
              <lines>
                <line number="187" hits="2"/>
                <line number="189" hits="2"/>
                <line number="190" hits="2"/>
                <line number="193" hits="2"/>
                <line number="195" hits="2"/>
                <line number="196" hits="2"/>
                <line number="197" hits="2"/>
              </lines>
            </method>
            <method name="show" signature="Playground\Crm\Models\Location $location, Playground\Crm\Api\Http\Requests\Location\ShowRequest $request" line-rate="1" branch-rate="0" complexity="1">
              <lines>
                <line number="209" hits="1"/>
                <line number="210" hits="1"/>
                <line number="211" hits="1"/>
              </lines>
            </method>
            <method name="store" signature="Playground\Crm\Api\Http\Requests\Location\StoreRequest $request" line-rate="1" branch-rate="0" complexity="1">
              <lines>
                <line number="222" hits="1"/>
                <line number="224" hits="1"/>
                <line number="226" hits="1"/>
                <line number="228" hits="1"/>
                <line number="230" hits="1"/>
                <line number="232" hits="1"/>
                <line number="233" hits="1"/>
                <line number="234" hits="1"/>
              </lines>
            </method>
            <method name="unlock" signature="Playground\Crm\Models\Location $location, Playground\Crm\Api\Http\Requests\Location\UnlockRequest $request" line-rate="1" branch-rate="0" complexity="2">
              <lines>
                <line number="247" hits="2"/>
                <line number="249" hits="2"/>
                <line number="251" hits="2"/>
                <line number="253" hits="2"/>
                <line number="254" hits="2"/>
                <line number="257" hits="2"/>
                <line number="259" hits="2"/>
                <line number="260" hits="2"/>
                <line number="261" hits="2"/>
              </lines>
            </method>
            <method name="update" signature="Playground\Crm\Models\Location $location, Playground\Crm\Api\Http\Requests\Location\UpdateRequest $request" line-rate="1" branch-rate="0" complexity="2">
              <lines>
                <line number="274" hits="1"/>
                <line number="276" hits="1"/>
                <line number="278" hits="1"/>
                <line number="279" hits="1"/>
                <line number="282" hits="1"/>
                <line number="284" hits="1"/>
                <line number="285" hits="1"/>
                <line number="286" hits="1"/>
              </lines>
            </method>
          </methods>
          <lines>
            <line number="48" hits="1"/>
            <line number="50" hits="1"/>
            <line number="52" hits="1"/>
            <line number="54" hits="1"/>
            <line number="55" hits="1"/>
            <line number="56" hits="1"/>
            <line number="68" hits="1"/>
            <line number="69" hits="1"/>
            <line number="70" hits="1"/>
            <line number="83" hits="4"/>
            <line number="85" hits="4"/>
            <line number="87" hits="4"/>
            <line number="88" hits="4"/>
            <line number="91" hits="4"/>
            <line number="92" hits="3"/>
            <line number="94" hits="1"/>
            <line number="97" hits="4"/>
            <line number="110" hits="2"/>
            <line number="112" hits="2"/>
            <line number="114" hits="2"/>
            <line number="115" hits="2"/>
            <line number="118" hits="2"/>
            <line number="120" hits="2"/>
            <line number="122" hits="2"/>
            <line number="123" hits="2"/>
            <line number="124" hits="2"/>
            <line number="136" hits="2"/>
            <line number="138" hits="2"/>
            <line number="140" hits="2"/>
            <line number="142" hits="2"/>
            <line number="144" hits="2"/>
            <line number="146" hits="1"/>
            <line number="148" hits="1"/>
            <line number="149" hits="1"/>
            <line number="150" hits="1"/>
            <line number="151" hits="1"/>
            <line number="153" hits="1"/>
            <line number="154" hits="1"/>
            <line number="155" hits="1"/>
            <line number="156" hits="1"/>
            <line number="158" hits="1"/>
            <line number="159" hits="1"/>
            <line number="160" hits="1"/>
            <line number="161" hits="1"/>
            <line number="163" hits="1"/>
            <line number="164" hits="1"/>
            <line number="165" hits="1"/>
            <line number="166" hits="1"/>
            <line number="169" hits="2"/>
            <line number="170" hits="2"/>
            <line number="172" hits="2"/>
            <line number="174" hits="2"/>
            <line number="187" hits="2"/>
            <line number="189" hits="2"/>
            <line number="190" hits="2"/>
            <line number="193" hits="2"/>
            <line number="195" hits="2"/>
            <line number="196" hits="2"/>
            <line number="197" hits="2"/>
            <line number="209" hits="1"/>
            <line number="210" hits="1"/>
            <line number="211" hits="1"/>
            <line number="222" hits="1"/>
            <line number="224" hits="1"/>
            <line number="226" hits="1"/>
            <line number="228" hits="1"/>
            <line number="230" hits="1"/>
            <line number="232" hits="1"/>
            <line number="233" hits="1"/>
            <line number="234" hits="1"/>
            <line number="247" hits="2"/>
            <line number="249" hits="2"/>
            <line number="251" hits="2"/>
            <line number="253" hits="2"/>
            <line number="254" hits="2"/>
            <line number="257" hits="2"/>
            <line number="259" hits="2"/>
            <line number="260" hits="2"/>
            <line number="261" hits="2"/>
            <line number="274" hits="1"/>
            <line number="276" hits="1"/>
            <line number="278" hits="1"/>
            <line number="279" hits="1"/>
            <line number="282" hits="1"/>
            <line number="284" hits="1"/>
            <line number="285" hits="1"/>
            <line number="286" hits="1"/>
          </lines>
        </class>
      </classes>
    </package>
    <package name="Http/Controllers/OrganizationController.php" line-rate="1" branch-rate="0" complexity="20">
      <classes>
        <class name="Playground\Crm\Api\Http\Controllers\OrganizationController" filename="Http/Controllers/OrganizationController.php" line-rate="1" branch-rate="0" complexity="20">
          <methods>
            <method name="create" signature="Playground\Crm\Api\Http\Requests\Organization\CreateRequest $request" line-rate="1" branch-rate="0" complexity="1">
              <lines>
                <line number="48" hits="1"/>
                <line number="50" hits="1"/>
                <line number="52" hits="1"/>
                <line number="54" hits="1"/>
                <line number="55" hits="1"/>
                <line number="56" hits="1"/>
              </lines>
            </method>
            <method name="edit" signature="Playground\Crm\Models\Organization $organization, Playground\Crm\Api\Http\Requests\Organization\EditRequest $request" line-rate="1" branch-rate="0" complexity="1">
              <lines>
                <line number="68" hits="1"/>
                <line number="69" hits="1"/>
                <line number="70" hits="1"/>
              </lines>
            </method>
            <method name="destroy" signature="Playground\Crm\Models\Organization $organization, Playground\Crm\Api\Http\Requests\Organization\DestroyRequest $request" line-rate="1" branch-rate="0" complexity="3">
              <lines>
                <line number="83" hits="4"/>
                <line number="85" hits="4"/>
                <line number="87" hits="4"/>
                <line number="88" hits="4"/>
                <line number="91" hits="4"/>
                <line number="92" hits="3"/>
                <line number="94" hits="1"/>
                <line number="97" hits="4"/>
              </lines>
            </method>
            <method name="lock" signature="Playground\Crm\Models\Organization $organization, Playground\Crm\Api\Http\Requests\Organization\LockRequest $request" line-rate="1" branch-rate="0" complexity="2">
              <lines>
                <line number="110" hits="2"/>
                <line number="112" hits="2"/>
                <line number="114" hits="2"/>
                <line number="115" hits="2"/>
                <line number="118" hits="2"/>
                <line number="120" hits="2"/>
                <line number="122" hits="2"/>
                <line number="123" hits="2"/>
                <line number="124" hits="2"/>
              </lines>
            </method>
            <method name="index" signature="Playground\Crm\Api\Http\Requests\Organization\IndexRequest $request" line-rate="1" branch-rate="0" complexity="5">
              <lines>
                <line number="136" hits="2"/>
                <line number="138" hits="2"/>
                <line number="140" hits="2"/>
                <line number="142" hits="2"/>
                <line number="144" hits="2"/>
                <line number="146" hits="1"/>
                <line number="148" hits="1"/>
                <line number="149" hits="1"/>
                <line number="150" hits="1"/>
                <line number="151" hits="1"/>
                <line number="153" hits="1"/>
                <line number="154" hits="1"/>
                <line number="155" hits="1"/>
                <line number="156" hits="1"/>
                <line number="158" hits="1"/>
                <line number="159" hits="1"/>
                <line number="160" hits="1"/>
                <line number="161" hits="1"/>
                <line number="163" hits="1"/>
                <line number="164" hits="1"/>
                <line number="165" hits="1"/>
                <line number="166" hits="1"/>
                <line number="169" hits="2"/>
                <line number="170" hits="2"/>
                <line number="172" hits="2"/>
                <line number="174" hits="2"/>
              </lines>
            </method>
            <method name="restore" signature="Playground\Crm\Models\Organization $organization, Playground\Crm\Api\Http\Requests\Organization\RestoreRequest $request" line-rate="1" branch-rate="0" complexity="2">
              <lines>
                <line number="187" hits="2"/>
                <line number="189" hits="2"/>
                <line number="190" hits="2"/>
                <line number="193" hits="2"/>
                <line number="195" hits="2"/>
                <line number="196" hits="2"/>
                <line number="197" hits="2"/>
              </lines>
            </method>
            <method name="show" signature="Playground\Crm\Models\Organization $organization, Playground\Crm\Api\Http\Requests\Organization\ShowRequest $request" line-rate="1" branch-rate="0" complexity="1">
              <lines>
                <line number="209" hits="1"/>
                <line number="210" hits="1"/>
                <line number="211" hits="1"/>
              </lines>
            </method>
            <method name="store" signature="Playground\Crm\Api\Http\Requests\Organization\StoreRequest $request" line-rate="1" branch-rate="0" complexity="1">
              <lines>
                <line number="222" hits="1"/>
                <line number="224" hits="1"/>
                <line number="226" hits="1"/>
                <line number="228" hits="1"/>
                <line number="230" hits="1"/>
                <line number="232" hits="1"/>
                <line number="233" hits="1"/>
                <line number="234" hits="1"/>
              </lines>
            </method>
            <method name="unlock" signature="Playground\Crm\Models\Organization $organization, Playground\Crm\Api\Http\Requests\Organization\UnlockRequest $request" line-rate="1" branch-rate="0" complexity="2">
              <lines>
                <line number="247" hits="2"/>
                <line number="249" hits="2"/>
                <line number="251" hits="2"/>
                <line number="253" hits="2"/>
                <line number="254" hits="2"/>
                <line number="257" hits="2"/>
                <line number="259" hits="2"/>
                <line number="260" hits="2"/>
                <line number="261" hits="2"/>
              </lines>
            </method>
            <method name="update" signature="Playground\Crm\Models\Organization $organization, Playground\Crm\Api\Http\Requests\Organization\UpdateRequest $request" line-rate="1" branch-rate="0" complexity="2">
              <lines>
                <line number="274" hits="1"/>
                <line number="276" hits="1"/>
                <line number="278" hits="1"/>
                <line number="279" hits="1"/>
                <line number="282" hits="1"/>
                <line number="284" hits="1"/>
                <line number="285" hits="1"/>
                <line number="286" hits="1"/>
              </lines>
            </method>
          </methods>
          <lines>
            <line number="48" hits="1"/>
            <line number="50" hits="1"/>
            <line number="52" hits="1"/>
            <line number="54" hits="1"/>
            <line number="55" hits="1"/>
            <line number="56" hits="1"/>
            <line number="68" hits="1"/>
            <line number="69" hits="1"/>
            <line number="70" hits="1"/>
            <line number="83" hits="4"/>
            <line number="85" hits="4"/>
            <line number="87" hits="4"/>
            <line number="88" hits="4"/>
            <line number="91" hits="4"/>
            <line number="92" hits="3"/>
            <line number="94" hits="1"/>
            <line number="97" hits="4"/>
            <line number="110" hits="2"/>
            <line number="112" hits="2"/>
            <line number="114" hits="2"/>
            <line number="115" hits="2"/>
            <line number="118" hits="2"/>
            <line number="120" hits="2"/>
            <line number="122" hits="2"/>
            <line number="123" hits="2"/>
            <line number="124" hits="2"/>
            <line number="136" hits="2"/>
            <line number="138" hits="2"/>
            <line number="140" hits="2"/>
            <line number="142" hits="2"/>
            <line number="144" hits="2"/>
            <line number="146" hits="1"/>
            <line number="148" hits="1"/>
            <line number="149" hits="1"/>
            <line number="150" hits="1"/>
            <line number="151" hits="1"/>
            <line number="153" hits="1"/>
            <line number="154" hits="1"/>
            <line number="155" hits="1"/>
            <line number="156" hits="1"/>
            <line number="158" hits="1"/>
            <line number="159" hits="1"/>
            <line number="160" hits="1"/>
            <line number="161" hits="1"/>
            <line number="163" hits="1"/>
            <line number="164" hits="1"/>
            <line number="165" hits="1"/>
            <line number="166" hits="1"/>
            <line number="169" hits="2"/>
            <line number="170" hits="2"/>
            <line number="172" hits="2"/>
            <line number="174" hits="2"/>
            <line number="187" hits="2"/>
            <line number="189" hits="2"/>
            <line number="190" hits="2"/>
            <line number="193" hits="2"/>
            <line number="195" hits="2"/>
            <line number="196" hits="2"/>
            <line number="197" hits="2"/>
            <line number="209" hits="1"/>
            <line number="210" hits="1"/>
            <line number="211" hits="1"/>
            <line number="222" hits="1"/>
            <line number="224" hits="1"/>
            <line number="226" hits="1"/>
            <line number="228" hits="1"/>
            <line number="230" hits="1"/>
            <line number="232" hits="1"/>
            <line number="233" hits="1"/>
            <line number="234" hits="1"/>
            <line number="247" hits="2"/>
            <line number="249" hits="2"/>
            <line number="251" hits="2"/>
            <line number="253" hits="2"/>
            <line number="254" hits="2"/>
            <line number="257" hits="2"/>
            <line number="259" hits="2"/>
            <line number="260" hits="2"/>
            <line number="261" hits="2"/>
            <line number="274" hits="1"/>
            <line number="276" hits="1"/>
            <line number="278" hits="1"/>
            <line number="279" hits="1"/>
            <line number="282" hits="1"/>
            <line number="284" hits="1"/>
            <line number="285" hits="1"/>
            <line number="286" hits="1"/>
          </lines>
        </class>
      </classes>
    </package>
    <package name="Http/Controllers/PeopleController.php" line-rate="1" branch-rate="0" complexity="20">
      <classes>
        <class name="Playground\Crm\Api\Http\Controllers\PeopleController" filename="Http/Controllers/PeopleController.php" line-rate="1" branch-rate="0" complexity="20">
          <methods>
            <method name="create" signature="Playground\Crm\Api\Http\Requests\People\CreateRequest $request" line-rate="1" branch-rate="0" complexity="1">
              <lines>
                <line number="48" hits="1"/>
                <line number="50" hits="1"/>
                <line number="52" hits="1"/>
                <line number="54" hits="1"/>
                <line number="55" hits="1"/>
                <line number="56" hits="1"/>
              </lines>
            </method>
            <method name="edit" signature="Playground\Crm\Models\People $people, Playground\Crm\Api\Http\Requests\People\EditRequest $request" line-rate="1" branch-rate="0" complexity="1">
              <lines>
                <line number="68" hits="1"/>
                <line number="69" hits="1"/>
                <line number="70" hits="1"/>
              </lines>
            </method>
            <method name="destroy" signature="Playground\Crm\Models\People $people, Playground\Crm\Api\Http\Requests\People\DestroyRequest $request" line-rate="1" branch-rate="0" complexity="3">
              <lines>
                <line number="83" hits="4"/>
                <line number="85" hits="4"/>
                <line number="87" hits="4"/>
                <line number="88" hits="4"/>
                <line number="91" hits="4"/>
                <line number="92" hits="3"/>
                <line number="94" hits="1"/>
                <line number="97" hits="4"/>
              </lines>
            </method>
            <method name="lock" signature="Playground\Crm\Models\People $people, Playground\Crm\Api\Http\Requests\People\LockRequest $request" line-rate="1" branch-rate="0" complexity="2">
              <lines>
                <line number="110" hits="2"/>
                <line number="112" hits="2"/>
                <line number="114" hits="2"/>
                <line number="115" hits="2"/>
                <line number="118" hits="2"/>
                <line number="120" hits="2"/>
                <line number="122" hits="2"/>
                <line number="123" hits="2"/>
                <line number="124" hits="2"/>
              </lines>
            </method>
            <method name="index" signature="Playground\Crm\Api\Http\Requests\People\IndexRequest $request" line-rate="1" branch-rate="0" complexity="5">
              <lines>
                <line number="136" hits="2"/>
                <line number="138" hits="2"/>
                <line number="140" hits="2"/>
                <line number="142" hits="2"/>
                <line number="144" hits="2"/>
                <line number="146" hits="1"/>
                <line number="148" hits="1"/>
                <line number="149" hits="1"/>
                <line number="150" hits="1"/>
                <line number="151" hits="1"/>
                <line number="153" hits="1"/>
                <line number="154" hits="1"/>
                <line number="155" hits="1"/>
                <line number="156" hits="1"/>
                <line number="158" hits="1"/>
                <line number="159" hits="1"/>
                <line number="160" hits="1"/>
                <line number="161" hits="1"/>
                <line number="163" hits="1"/>
                <line number="164" hits="1"/>
                <line number="165" hits="1"/>
                <line number="166" hits="1"/>
                <line number="169" hits="2"/>
                <line number="170" hits="2"/>
                <line number="172" hits="2"/>
                <line number="174" hits="2"/>
              </lines>
            </method>
            <method name="restore" signature="Playground\Crm\Models\People $people, Playground\Crm\Api\Http\Requests\People\RestoreRequest $request" line-rate="1" branch-rate="0" complexity="2">
              <lines>
                <line number="187" hits="2"/>
                <line number="189" hits="2"/>
                <line number="190" hits="2"/>
                <line number="193" hits="2"/>
                <line number="195" hits="2"/>
                <line number="196" hits="2"/>
                <line number="197" hits="2"/>
              </lines>
            </method>
            <method name="show" signature="Playground\Crm\Models\People $people, Playground\Crm\Api\Http\Requests\People\ShowRequest $request" line-rate="1" branch-rate="0" complexity="1">
              <lines>
                <line number="209" hits="1"/>
                <line number="210" hits="1"/>
                <line number="211" hits="1"/>
              </lines>
            </method>
            <method name="store" signature="Playground\Crm\Api\Http\Requests\People\StoreRequest $request" line-rate="1" branch-rate="0" complexity="1">
              <lines>
                <line number="222" hits="1"/>
                <line number="224" hits="1"/>
                <line number="226" hits="1"/>
                <line number="228" hits="1"/>
                <line number="230" hits="1"/>
                <line number="232" hits="1"/>
                <line number="233" hits="1"/>
                <line number="234" hits="1"/>
              </lines>
            </method>
            <method name="unlock" signature="Playground\Crm\Models\People $people, Playground\Crm\Api\Http\Requests\People\UnlockRequest $request" line-rate="1" branch-rate="0" complexity="2">
              <lines>
                <line number="247" hits="2"/>
                <line number="249" hits="2"/>
                <line number="251" hits="2"/>
                <line number="253" hits="2"/>
                <line number="254" hits="2"/>
                <line number="257" hits="2"/>
                <line number="259" hits="2"/>
                <line number="260" hits="2"/>
                <line number="261" hits="2"/>
              </lines>
            </method>
            <method name="update" signature="Playground\Crm\Models\People $people, Playground\Crm\Api\Http\Requests\People\UpdateRequest $request" line-rate="1" branch-rate="0" complexity="2">
              <lines>
                <line number="274" hits="1"/>
                <line number="276" hits="1"/>
                <line number="278" hits="1"/>
                <line number="279" hits="1"/>
                <line number="282" hits="1"/>
                <line number="284" hits="1"/>
                <line number="285" hits="1"/>
                <line number="286" hits="1"/>
              </lines>
            </method>
          </methods>
          <lines>
            <line number="48" hits="1"/>
            <line number="50" hits="1"/>
            <line number="52" hits="1"/>
            <line number="54" hits="1"/>
            <line number="55" hits="1"/>
            <line number="56" hits="1"/>
            <line number="68" hits="1"/>
            <line number="69" hits="1"/>
            <line number="70" hits="1"/>
            <line number="83" hits="4"/>
            <line number="85" hits="4"/>
            <line number="87" hits="4"/>
            <line number="88" hits="4"/>
            <line number="91" hits="4"/>
            <line number="92" hits="3"/>
            <line number="94" hits="1"/>
            <line number="97" hits="4"/>
            <line number="110" hits="2"/>
            <line number="112" hits="2"/>
            <line number="114" hits="2"/>
            <line number="115" hits="2"/>
            <line number="118" hits="2"/>
            <line number="120" hits="2"/>
            <line number="122" hits="2"/>
            <line number="123" hits="2"/>
            <line number="124" hits="2"/>
            <line number="136" hits="2"/>
            <line number="138" hits="2"/>
            <line number="140" hits="2"/>
            <line number="142" hits="2"/>
            <line number="144" hits="2"/>
            <line number="146" hits="1"/>
            <line number="148" hits="1"/>
            <line number="149" hits="1"/>
            <line number="150" hits="1"/>
            <line number="151" hits="1"/>
            <line number="153" hits="1"/>
            <line number="154" hits="1"/>
            <line number="155" hits="1"/>
            <line number="156" hits="1"/>
            <line number="158" hits="1"/>
            <line number="159" hits="1"/>
            <line number="160" hits="1"/>
            <line number="161" hits="1"/>
            <line number="163" hits="1"/>
            <line number="164" hits="1"/>
            <line number="165" hits="1"/>
            <line number="166" hits="1"/>
            <line number="169" hits="2"/>
            <line number="170" hits="2"/>
            <line number="172" hits="2"/>
            <line number="174" hits="2"/>
            <line number="187" hits="2"/>
            <line number="189" hits="2"/>
            <line number="190" hits="2"/>
            <line number="193" hits="2"/>
            <line number="195" hits="2"/>
            <line number="196" hits="2"/>
            <line number="197" hits="2"/>
            <line number="209" hits="1"/>
            <line number="210" hits="1"/>
            <line number="211" hits="1"/>
            <line number="222" hits="1"/>
            <line number="224" hits="1"/>
            <line number="226" hits="1"/>
            <line number="228" hits="1"/>
            <line number="230" hits="1"/>
            <line number="232" hits="1"/>
            <line number="233" hits="1"/>
            <line number="234" hits="1"/>
            <line number="247" hits="2"/>
            <line number="249" hits="2"/>
            <line number="251" hits="2"/>
            <line number="253" hits="2"/>
            <line number="254" hits="2"/>
            <line number="257" hits="2"/>
            <line number="259" hits="2"/>
            <line number="260" hits="2"/>
            <line number="261" hits="2"/>
            <line number="274" hits="1"/>
            <line number="276" hits="1"/>
            <line number="278" hits="1"/>
            <line number="279" hits="1"/>
            <line number="282" hits="1"/>
            <line number="284" hits="1"/>
            <line number="285" hits="1"/>
            <line number="286" hits="1"/>
          </lines>
        </class>
      </classes>
    </package>
    <package name="Http/Requests/Client/CreateRequest.php" line-rate="0" branch-rate="0" complexity="0">
      <classes>
        <class name="Playground\Crm\Api\Http\Requests\Client\CreateRequest" filename="Http/Requests/Client/CreateRequest.php" line-rate="0" branch-rate="0" complexity="0">
          <methods/>
          <lines/>
        </class>
      </classes>
    </package>
    <package name="Http/Requests/Client/DestroyRequest.php" line-rate="1" branch-rate="0" complexity="2">
      <classes>
        <class name="Playground\Crm\Api\Http\Requests\Client\DestroyRequest" filename="Http/Requests/Client/DestroyRequest.php" line-rate="1" branch-rate="0" complexity="2">
          <methods>
            <method name="rules" signature="" line-rate="1" branch-rate="0" complexity="2">
              <lines>
                <line number="30" hits="4"/>
                <line number="32" hits="4"/>
                <line number="34" hits="4"/>
                <line number="35" hits="4"/>
                <line number="38" hits="4"/>
              </lines>
            </method>
          </methods>
          <lines>
            <line number="30" hits="4"/>
            <line number="32" hits="4"/>
            <line number="34" hits="4"/>
            <line number="35" hits="4"/>
            <line number="38" hits="4"/>
          </lines>
        </class>
      </classes>
    </package>
    <package name="Http/Requests/Client/EditRequest.php" line-rate="0" branch-rate="0" complexity="0">
      <classes>
        <class name="Playground\Crm\Api\Http\Requests\Client\EditRequest" filename="Http/Requests/Client/EditRequest.php" line-rate="0" branch-rate="0" complexity="0">
          <methods/>
          <lines/>
        </class>
      </classes>
    </package>
    <package name="Http/Requests/Client/IndexRequest.php" line-rate="0" branch-rate="0" complexity="0">
      <classes>
        <class name="Playground\Crm\Api\Http\Requests\Client\IndexRequest" filename="Http/Requests/Client/IndexRequest.php" line-rate="0" branch-rate="0" complexity="0">
          <methods/>
          <lines/>
        </class>
      </classes>
    </package>
    <package name="Http/Requests/Client/LockRequest.php" line-rate="0" branch-rate="0" complexity="0">
      <classes>
        <class name="Playground\Crm\Api\Http\Requests\Client\LockRequest" filename="Http/Requests/Client/LockRequest.php" line-rate="0" branch-rate="0" complexity="0">
          <methods/>
          <lines/>
        </class>
      </classes>
    </package>
    <package name="Http/Requests/Client/RestoreRequest.php" line-rate="0" branch-rate="0" complexity="0">
      <classes>
        <class name="Playground\Crm\Api\Http\Requests\Client\RestoreRequest" filename="Http/Requests/Client/RestoreRequest.php" line-rate="0" branch-rate="0" complexity="0">
          <methods/>
          <lines/>
        </class>
      </classes>
    </package>
    <package name="Http/Requests/Client/ShowRequest.php" line-rate="0" branch-rate="0" complexity="0">
      <classes>
        <class name="Playground\Crm\Api\Http\Requests\Client\ShowRequest" filename="Http/Requests/Client/ShowRequest.php" line-rate="0" branch-rate="0" complexity="0">
          <methods/>
          <lines/>
        </class>
      </classes>
    </package>
    <package name="Http/Requests/Client/StoreRequest.php" line-rate="1" branch-rate="0" complexity="4">
      <classes>
        <class name="Playground\Crm\Api\Http\Requests\Client\StoreRequest" filename="Http/Requests/Client/StoreRequest.php" line-rate="1" branch-rate="0" complexity="4">
          <methods>
            <method name="rules" signature="" line-rate="1" branch-rate="0" complexity="2">
              <lines>
                <line number="115" hits="4"/>
                <line number="120" hits="4"/>
                <line number="122" hits="4"/>
                <line number="123" hits="1"/>
                <line number="126" hits="4"/>
              </lines>
            </method>
            <method name="prepareForValidation" signature="" line-rate="1" branch-rate="0" complexity="2">
              <lines>
                <line number="136" hits="2"/>
                <line number="138" hits="2"/>
                <line number="140" hits="2"/>
                <line number="141" hits="2"/>
                <line number="142" hits="2"/>
                <line number="143" hits="2"/>
                <line number="145" hits="2"/>
                <line number="146" hits="1"/>
              </lines>
            </method>
          </methods>
          <lines>
            <line number="115" hits="4"/>
            <line number="120" hits="4"/>
            <line number="122" hits="4"/>
            <line number="123" hits="1"/>
            <line number="126" hits="4"/>
            <line number="136" hits="2"/>
            <line number="138" hits="2"/>
            <line number="140" hits="2"/>
            <line number="141" hits="2"/>
            <line number="142" hits="2"/>
            <line number="143" hits="2"/>
            <line number="145" hits="2"/>
            <line number="146" hits="1"/>
          </lines>
        </class>
      </classes>
    </package>
    <package name="Http/Requests/Client/UnlockRequest.php" line-rate="0" branch-rate="0" complexity="0">
      <classes>
        <class name="Playground\Crm\Api\Http\Requests\Client\UnlockRequest" filename="Http/Requests/Client/UnlockRequest.php" line-rate="0" branch-rate="0" complexity="0">
          <methods/>
          <lines/>
        </class>
      </classes>
    </package>
    <package name="Http/Requests/Client/UpdateRequest.php" line-rate="1" branch-rate="0" complexity="4">
      <classes>
        <class name="Playground\Crm\Api\Http\Requests\Client\UpdateRequest" filename="Http/Requests/Client/UpdateRequest.php" line-rate="1" branch-rate="0" complexity="4">
          <methods>
            <method name="rules" signature="" line-rate="1" branch-rate="0" complexity="2">
              <lines>
                <line number="115" hits="4"/>
                <line number="120" hits="4"/>
                <line number="122" hits="4"/>
                <line number="123" hits="1"/>
                <line number="126" hits="4"/>
              </lines>
            </method>
            <method name="prepareForValidation" signature="" line-rate="1" branch-rate="0" complexity="2">
              <lines>
                <line number="136" hits="2"/>
                <line number="138" hits="2"/>
                <line number="140" hits="2"/>
                <line number="141" hits="2"/>
                <line number="142" hits="2"/>
                <line number="143" hits="2"/>
                <line number="145" hits="2"/>
                <line number="146" hits="1"/>
              </lines>
            </method>
          </methods>
          <lines>
            <line number="115" hits="4"/>
            <line number="120" hits="4"/>
            <line number="122" hits="4"/>
            <line number="123" hits="1"/>
            <line number="126" hits="4"/>
            <line number="136" hits="2"/>
            <line number="138" hits="2"/>
            <line number="140" hits="2"/>
            <line number="141" hits="2"/>
            <line number="142" hits="2"/>
            <line number="143" hits="2"/>
            <line number="145" hits="2"/>
            <line number="146" hits="1"/>
          </lines>
        </class>
      </classes>
    </package>
    <package name="Http/Requests/Contact/CreateRequest.php" line-rate="0" branch-rate="0" complexity="0">
      <classes>
        <class name="Playground\Crm\Api\Http\Requests\Contact\CreateRequest" filename="Http/Requests/Contact/CreateRequest.php" line-rate="0" branch-rate="0" complexity="0">
          <methods/>
          <lines/>
        </class>
      </classes>
    </package>
    <package name="Http/Requests/Contact/DestroyRequest.php" line-rate="1" branch-rate="0" complexity="2">
      <classes>
        <class name="Playground\Crm\Api\Http\Requests\Contact\DestroyRequest" filename="Http/Requests/Contact/DestroyRequest.php" line-rate="1" branch-rate="0" complexity="2">
          <methods>
            <method name="rules" signature="" line-rate="1" branch-rate="0" complexity="2">
              <lines>
                <line number="30" hits="4"/>
                <line number="32" hits="4"/>
                <line number="34" hits="4"/>
                <line number="35" hits="4"/>
                <line number="38" hits="4"/>
              </lines>
            </method>
          </methods>
          <lines>
            <line number="30" hits="4"/>
            <line number="32" hits="4"/>
            <line number="34" hits="4"/>
            <line number="35" hits="4"/>
            <line number="38" hits="4"/>
          </lines>
        </class>
      </classes>
    </package>
    <package name="Http/Requests/Contact/EditRequest.php" line-rate="0" branch-rate="0" complexity="0">
      <classes>
        <class name="Playground\Crm\Api\Http\Requests\Contact\EditRequest" filename="Http/Requests/Contact/EditRequest.php" line-rate="0" branch-rate="0" complexity="0">
          <methods/>
          <lines/>
        </class>
      </classes>
    </package>
    <package name="Http/Requests/Contact/IndexRequest.php" line-rate="0" branch-rate="0" complexity="0">
      <classes>
        <class name="Playground\Crm\Api\Http\Requests\Contact\IndexRequest" filename="Http/Requests/Contact/IndexRequest.php" line-rate="0" branch-rate="0" complexity="0">
          <methods/>
          <lines/>
        </class>
      </classes>
    </package>
    <package name="Http/Requests/Contact/LockRequest.php" line-rate="0" branch-rate="0" complexity="0">
      <classes>
        <class name="Playground\Crm\Api\Http\Requests\Contact\LockRequest" filename="Http/Requests/Contact/LockRequest.php" line-rate="0" branch-rate="0" complexity="0">
          <methods/>
          <lines/>
        </class>
      </classes>
    </package>
    <package name="Http/Requests/Contact/RestoreRequest.php" line-rate="0" branch-rate="0" complexity="0">
      <classes>
        <class name="Playground\Crm\Api\Http\Requests\Contact\RestoreRequest" filename="Http/Requests/Contact/RestoreRequest.php" line-rate="0" branch-rate="0" complexity="0">
          <methods/>
          <lines/>
        </class>
      </classes>
    </package>
    <package name="Http/Requests/Contact/ShowRequest.php" line-rate="0" branch-rate="0" complexity="0">
      <classes>
        <class name="Playground\Crm\Api\Http\Requests\Contact\ShowRequest" filename="Http/Requests/Contact/ShowRequest.php" line-rate="0" branch-rate="0" complexity="0">
          <methods/>
          <lines/>
        </class>
      </classes>
    </package>
    <package name="Http/Requests/Contact/StoreRequest.php" line-rate="1" branch-rate="0" complexity="4">
      <classes>
        <class name="Playground\Crm\Api\Http\Requests\Contact\StoreRequest" filename="Http/Requests/Contact/StoreRequest.php" line-rate="1" branch-rate="0" complexity="4">
          <methods>
            <method name="rules" signature="" line-rate="1" branch-rate="0" complexity="2">
              <lines>
                <line number="115" hits="4"/>
                <line number="120" hits="4"/>
                <line number="122" hits="4"/>
                <line number="123" hits="1"/>
                <line number="126" hits="4"/>
              </lines>
            </method>
            <method name="prepareForValidation" signature="" line-rate="1" branch-rate="0" complexity="2">
              <lines>
                <line number="136" hits="2"/>
                <line number="138" hits="2"/>
                <line number="140" hits="2"/>
                <line number="141" hits="2"/>
                <line number="142" hits="2"/>
                <line number="143" hits="2"/>
                <line number="145" hits="2"/>
                <line number="146" hits="1"/>
              </lines>
            </method>
          </methods>
          <lines>
            <line number="115" hits="4"/>
            <line number="120" hits="4"/>
            <line number="122" hits="4"/>
            <line number="123" hits="1"/>
            <line number="126" hits="4"/>
            <line number="136" hits="2"/>
            <line number="138" hits="2"/>
            <line number="140" hits="2"/>
            <line number="141" hits="2"/>
            <line number="142" hits="2"/>
            <line number="143" hits="2"/>
            <line number="145" hits="2"/>
            <line number="146" hits="1"/>
          </lines>
        </class>
      </classes>
    </package>
    <package name="Http/Requests/Contact/UnlockRequest.php" line-rate="0" branch-rate="0" complexity="0">
      <classes>
        <class name="Playground\Crm\Api\Http\Requests\Contact\UnlockRequest" filename="Http/Requests/Contact/UnlockRequest.php" line-rate="0" branch-rate="0" complexity="0">
          <methods/>
          <lines/>
        </class>
      </classes>
    </package>
    <package name="Http/Requests/Contact/UpdateRequest.php" line-rate="1" branch-rate="0" complexity="4">
      <classes>
        <class name="Playground\Crm\Api\Http\Requests\Contact\UpdateRequest" filename="Http/Requests/Contact/UpdateRequest.php" line-rate="1" branch-rate="0" complexity="4">
          <methods>
            <method name="rules" signature="" line-rate="1" branch-rate="0" complexity="2">
              <lines>
                <line number="115" hits="4"/>
                <line number="120" hits="4"/>
                <line number="122" hits="4"/>
                <line number="123" hits="1"/>
                <line number="126" hits="4"/>
              </lines>
            </method>
            <method name="prepareForValidation" signature="" line-rate="1" branch-rate="0" complexity="2">
              <lines>
                <line number="136" hits="2"/>
                <line number="138" hits="2"/>
                <line number="140" hits="2"/>
                <line number="141" hits="2"/>
                <line number="142" hits="2"/>
                <line number="143" hits="2"/>
                <line number="145" hits="2"/>
                <line number="146" hits="1"/>
              </lines>
            </method>
          </methods>
          <lines>
            <line number="115" hits="4"/>
            <line number="120" hits="4"/>
            <line number="122" hits="4"/>
            <line number="123" hits="1"/>
            <line number="126" hits="4"/>
            <line number="136" hits="2"/>
            <line number="138" hits="2"/>
            <line number="140" hits="2"/>
            <line number="141" hits="2"/>
            <line number="142" hits="2"/>
            <line number="143" hits="2"/>
            <line number="145" hits="2"/>
            <line number="146" hits="1"/>
          </lines>
        </class>
      </classes>
    </package>
    <package name="Http/Requests/FormRequest.php" line-rate="1" branch-rate="0" complexity="7">
      <classes>
        <class name="Playground\Crm\Api\Http\Requests\FormRequest" filename="Http/Requests/FormRequest.php" line-rate="1" branch-rate="0" complexity="7">
          <methods>
            <method name="authorize" signature="" line-rate="1" branch-rate="0" complexity="2">
              <lines>
                <line number="27" hits="77"/>
                <line number="29" hits="77"/>
                <line number="30" hits="1"/>
                <line number="33" hits="76"/>
              </lines>
            </method>
            <method name="rules" signature="" line-rate="1" branch-rate="0" complexity="2">
              <lines>
                <line number="43" hits="76"/>
                <line number="45" hits="76"/>
              </lines>
            </method>
            <method name="userHasAdminPrivileges" signature="Illuminate\Contracts\Auth\Authenticatable $user" line-rate="1" branch-rate="0" complexity="3">
              <lines>
                <line number="50" hits="23"/>
                <line number="51" hits="23"/>
                <line number="52" hits="22"/>
                <line number="53" hits="21"/>
                <line number="56" hits="1"/>
                <line number="60" hits="23"/>
              </lines>
            </method>
          </methods>
          <lines>
            <line number="27" hits="77"/>
            <line number="29" hits="77"/>
            <line number="30" hits="1"/>
            <line number="33" hits="76"/>
            <line number="43" hits="76"/>
            <line number="45" hits="76"/>
            <line number="50" hits="23"/>
            <line number="51" hits="23"/>
            <line number="52" hits="22"/>
            <line number="53" hits="21"/>
            <line number="56" hits="1"/>
            <line number="60" hits="23"/>
          </lines>
        </class>
      </classes>
    </package>
    <package name="Http/Requests/Location/CreateRequest.php" line-rate="0" branch-rate="0" complexity="0">
      <classes>
        <class name="Playground\Crm\Api\Http\Requests\Location\CreateRequest" filename="Http/Requests/Location/CreateRequest.php" line-rate="0" branch-rate="0" complexity="0">
          <methods/>
          <lines/>
        </class>
      </classes>
    </package>
    <package name="Http/Requests/Location/DestroyRequest.php" line-rate="1" branch-rate="0" complexity="2">
      <classes>
        <class name="Playground\Crm\Api\Http\Requests\Location\DestroyRequest" filename="Http/Requests/Location/DestroyRequest.php" line-rate="1" branch-rate="0" complexity="2">
          <methods>
            <method name="rules" signature="" line-rate="1" branch-rate="0" complexity="2">
              <lines>
                <line number="30" hits="4"/>
                <line number="32" hits="4"/>
                <line number="34" hits="4"/>
                <line number="35" hits="4"/>
                <line number="38" hits="4"/>
              </lines>
            </method>
          </methods>
          <lines>
            <line number="30" hits="4"/>
            <line number="32" hits="4"/>
            <line number="34" hits="4"/>
            <line number="35" hits="4"/>
            <line number="38" hits="4"/>
          </lines>
        </class>
      </classes>
    </package>
    <package name="Http/Requests/Location/EditRequest.php" line-rate="0" branch-rate="0" complexity="0">
      <classes>
        <class name="Playground\Crm\Api\Http\Requests\Location\EditRequest" filename="Http/Requests/Location/EditRequest.php" line-rate="0" branch-rate="0" complexity="0">
          <methods/>
          <lines/>
        </class>
      </classes>
    </package>
    <package name="Http/Requests/Location/IndexRequest.php" line-rate="0" branch-rate="0" complexity="0">
      <classes>
        <class name="Playground\Crm\Api\Http\Requests\Location\IndexRequest" filename="Http/Requests/Location/IndexRequest.php" line-rate="0" branch-rate="0" complexity="0">
          <methods/>
          <lines/>
        </class>
      </classes>
    </package>
    <package name="Http/Requests/Location/LockRequest.php" line-rate="0" branch-rate="0" complexity="0">
      <classes>
        <class name="Playground\Crm\Api\Http\Requests\Location\LockRequest" filename="Http/Requests/Location/LockRequest.php" line-rate="0" branch-rate="0" complexity="0">
          <methods/>
          <lines/>
        </class>
      </classes>
    </package>
    <package name="Http/Requests/Location/RestoreRequest.php" line-rate="0" branch-rate="0" complexity="0">
      <classes>
        <class name="Playground\Crm\Api\Http\Requests\Location\RestoreRequest" filename="Http/Requests/Location/RestoreRequest.php" line-rate="0" branch-rate="0" complexity="0">
          <methods/>
          <lines/>
        </class>
      </classes>
    </package>
    <package name="Http/Requests/Location/ShowRequest.php" line-rate="0" branch-rate="0" complexity="0">
      <classes>
        <class name="Playground\Crm\Api\Http\Requests\Location\ShowRequest" filename="Http/Requests/Location/ShowRequest.php" line-rate="0" branch-rate="0" complexity="0">
          <methods/>
          <lines/>
        </class>
      </classes>
    </package>
    <package name="Http/Requests/Location/StoreRequest.php" line-rate="1" branch-rate="0" complexity="4">
      <classes>
        <class name="Playground\Crm\Api\Http\Requests\Location\StoreRequest" filename="Http/Requests/Location/StoreRequest.php" line-rate="1" branch-rate="0" complexity="4">
          <methods>
            <method name="rules" signature="" line-rate="1" branch-rate="0" complexity="2">
              <lines>
                <line number="115" hits="4"/>
                <line number="120" hits="4"/>
                <line number="122" hits="4"/>
                <line number="123" hits="1"/>
                <line number="126" hits="4"/>
              </lines>
            </method>
            <method name="prepareForValidation" signature="" line-rate="1" branch-rate="0" complexity="2">
              <lines>
                <line number="136" hits="2"/>
                <line number="138" hits="2"/>
                <line number="140" hits="2"/>
                <line number="141" hits="2"/>
                <line number="142" hits="2"/>
                <line number="143" hits="2"/>
                <line number="145" hits="2"/>
                <line number="146" hits="1"/>
              </lines>
            </method>
          </methods>
          <lines>
            <line number="115" hits="4"/>
            <line number="120" hits="4"/>
            <line number="122" hits="4"/>
            <line number="123" hits="1"/>
            <line number="126" hits="4"/>
            <line number="136" hits="2"/>
            <line number="138" hits="2"/>
            <line number="140" hits="2"/>
            <line number="141" hits="2"/>
            <line number="142" hits="2"/>
            <line number="143" hits="2"/>
            <line number="145" hits="2"/>
            <line number="146" hits="1"/>
          </lines>
        </class>
      </classes>
    </package>
    <package name="Http/Requests/Location/UnlockRequest.php" line-rate="0" branch-rate="0" complexity="0">
      <classes>
        <class name="Playground\Crm\Api\Http\Requests\Location\UnlockRequest" filename="Http/Requests/Location/UnlockRequest.php" line-rate="0" branch-rate="0" complexity="0">
          <methods/>
          <lines/>
        </class>
      </classes>
    </package>
    <package name="Http/Requests/Location/UpdateRequest.php" line-rate="1" branch-rate="0" complexity="4">
      <classes>
        <class name="Playground\Crm\Api\Http\Requests\Location\UpdateRequest" filename="Http/Requests/Location/UpdateRequest.php" line-rate="1" branch-rate="0" complexity="4">
          <methods>
            <method name="rules" signature="" line-rate="1" branch-rate="0" complexity="2">
              <lines>
                <line number="115" hits="4"/>
                <line number="120" hits="4"/>
                <line number="122" hits="4"/>
                <line number="123" hits="1"/>
                <line number="126" hits="4"/>
              </lines>
            </method>
            <method name="prepareForValidation" signature="" line-rate="1" branch-rate="0" complexity="2">
              <lines>
                <line number="136" hits="2"/>
                <line number="138" hits="2"/>
                <line number="140" hits="2"/>
                <line number="141" hits="2"/>
                <line number="142" hits="2"/>
                <line number="143" hits="2"/>
                <line number="145" hits="2"/>
                <line number="146" hits="1"/>
              </lines>
            </method>
          </methods>
          <lines>
            <line number="115" hits="4"/>
            <line number="120" hits="4"/>
            <line number="122" hits="4"/>
            <line number="123" hits="1"/>
            <line number="126" hits="4"/>
            <line number="136" hits="2"/>
            <line number="138" hits="2"/>
            <line number="140" hits="2"/>
            <line number="141" hits="2"/>
            <line number="142" hits="2"/>
            <line number="143" hits="2"/>
            <line number="145" hits="2"/>
            <line number="146" hits="1"/>
          </lines>
        </class>
      </classes>
    </package>
    <package name="Http/Requests/Organization/CreateRequest.php" line-rate="0" branch-rate="0" complexity="0">
      <classes>
        <class name="Playground\Crm\Api\Http\Requests\Organization\CreateRequest" filename="Http/Requests/Organization/CreateRequest.php" line-rate="0" branch-rate="0" complexity="0">
          <methods/>
          <lines/>
        </class>
      </classes>
    </package>
    <package name="Http/Requests/Organization/DestroyRequest.php" line-rate="1" branch-rate="0" complexity="2">
      <classes>
        <class name="Playground\Crm\Api\Http\Requests\Organization\DestroyRequest" filename="Http/Requests/Organization/DestroyRequest.php" line-rate="1" branch-rate="0" complexity="2">
          <methods>
            <method name="rules" signature="" line-rate="1" branch-rate="0" complexity="2">
              <lines>
                <line number="30" hits="4"/>
                <line number="32" hits="4"/>
                <line number="34" hits="4"/>
                <line number="35" hits="4"/>
                <line number="38" hits="4"/>
              </lines>
            </method>
          </methods>
          <lines>
            <line number="30" hits="4"/>
            <line number="32" hits="4"/>
            <line number="34" hits="4"/>
            <line number="35" hits="4"/>
            <line number="38" hits="4"/>
          </lines>
        </class>
      </classes>
    </package>
    <package name="Http/Requests/Organization/EditRequest.php" line-rate="0" branch-rate="0" complexity="0">
      <classes>
        <class name="Playground\Crm\Api\Http\Requests\Organization\EditRequest" filename="Http/Requests/Organization/EditRequest.php" line-rate="0" branch-rate="0" complexity="0">
          <methods/>
          <lines/>
        </class>
      </classes>
    </package>
    <package name="Http/Requests/Organization/IndexRequest.php" line-rate="0" branch-rate="0" complexity="0">
      <classes>
[...]
            <line number="38" hits="2"/>
            <line number="39" hits="2"/>
          </lines>
        </class>
      </classes>
    </package>
    <package name="Http/Resources/Location.php" line-rate="1" branch-rate="0" complexity="1">
      <classes>
        <class name="Playground\Crm\Api\Http\Resources\Location" filename="Http/Resources/Location.php" line-rate="1" branch-rate="0" complexity="1">
          <methods>
            <method name="with" signature="Illuminate\Http\Request $request" line-rate="1" branch-rate="0" complexity="1">
              <lines>
                <line number="32" hits="11"/>
                <line number="37" hits="11"/>
                <line number="39" hits="11"/>
                <line number="40" hits="11"/>
                <line number="41" hits="11"/>
                <line number="42" hits="11"/>
                <line number="43" hits="11"/>
                <line number="44" hits="11"/>
                <line number="45" hits="11"/>
                <line number="46" hits="11"/>
                <line number="47" hits="11"/>
              </lines>
            </method>
          </methods>
          <lines>
            <line number="32" hits="11"/>
            <line number="37" hits="11"/>
            <line number="39" hits="11"/>
            <line number="40" hits="11"/>
            <line number="41" hits="11"/>
            <line number="42" hits="11"/>
            <line number="43" hits="11"/>
            <line number="44" hits="11"/>
            <line number="45" hits="11"/>
            <line number="46" hits="11"/>
            <line number="47" hits="11"/>
          </lines>
        </class>
      </classes>
    </package>
    <package name="Http/Resources/LocationCollection.php" line-rate="1" branch-rate="0" complexity="1">
      <classes>
        <class name="Playground\Crm\Api\Http\Resources\LocationCollection" filename="Http/Resources/LocationCollection.php" line-rate="1" branch-rate="0" complexity="1">
          <methods>
            <method name="with" signature="Illuminate\Http\Request $request" line-rate="1" branch-rate="0" complexity="1">
              <lines>
                <line number="27" hits="2"/>
                <line number="28" hits="2"/>
                <line number="29" hits="2"/>
                <line number="30" hits="2"/>
                <line number="31" hits="2"/>
                <line number="32" hits="2"/>
                <line number="33" hits="2"/>
                <line number="34" hits="2"/>
                <line number="35" hits="2"/>
                <line number="36" hits="2"/>
                <line number="37" hits="2"/>
                <line number="38" hits="2"/>
                <line number="39" hits="2"/>
              </lines>
            </method>
          </methods>
          <lines>
            <line number="27" hits="2"/>
            <line number="28" hits="2"/>
            <line number="29" hits="2"/>
            <line number="30" hits="2"/>
            <line number="31" hits="2"/>
            <line number="32" hits="2"/>
            <line number="33" hits="2"/>
            <line number="34" hits="2"/>
            <line number="35" hits="2"/>
            <line number="36" hits="2"/>
            <line number="37" hits="2"/>
            <line number="38" hits="2"/>
            <line number="39" hits="2"/>
          </lines>
        </class>
      </classes>
    </package>
    <package name="Http/Resources/Organization.php" line-rate="1" branch-rate="0" complexity="1">
      <classes>
        <class name="Playground\Crm\Api\Http\Resources\Organization" filename="Http/Resources/Organization.php" line-rate="1" branch-rate="0" complexity="1">
          <methods>
            <method name="with" signature="Illuminate\Http\Request $request" line-rate="1" branch-rate="0" complexity="1">
              <lines>
                <line number="32" hits="11"/>
                <line number="37" hits="11"/>
                <line number="39" hits="11"/>
                <line number="40" hits="11"/>
                <line number="41" hits="11"/>
                <line number="42" hits="11"/>
                <line number="43" hits="11"/>
                <line number="44" hits="11"/>
                <line number="45" hits="11"/>
                <line number="46" hits="11"/>
                <line number="47" hits="11"/>
              </lines>
            </method>
          </methods>
          <lines>
            <line number="32" hits="11"/>
            <line number="37" hits="11"/>
            <line number="39" hits="11"/>
            <line number="40" hits="11"/>
            <line number="41" hits="11"/>
            <line number="42" hits="11"/>
            <line number="43" hits="11"/>
            <line number="44" hits="11"/>
            <line number="45" hits="11"/>
            <line number="46" hits="11"/>
            <line number="47" hits="11"/>
          </lines>
        </class>
      </classes>
    </package>
    <package name="Http/Resources/OrganizationCollection.php" line-rate="1" branch-rate="0" complexity="1">
      <classes>
        <class name="Playground\Crm\Api\Http\Resources\OrganizationCollection" filename="Http/Resources/OrganizationCollection.php" line-rate="1" branch-rate="0" complexity="1">
          <methods>
            <method name="with" signature="Illuminate\Http\Request $request" line-rate="1" branch-rate="0" complexity="1">
              <lines>
                <line number="27" hits="2"/>
                <line number="28" hits="2"/>
                <line number="29" hits="2"/>
                <line number="30" hits="2"/>
                <line number="31" hits="2"/>
                <line number="32" hits="2"/>
                <line number="33" hits="2"/>
                <line number="34" hits="2"/>
                <line number="35" hits="2"/>
                <line number="36" hits="2"/>
                <line number="37" hits="2"/>
                <line number="38" hits="2"/>
                <line number="39" hits="2"/>
              </lines>
            </method>
          </methods>
          <lines>
            <line number="27" hits="2"/>
            <line number="28" hits="2"/>
            <line number="29" hits="2"/>
            <line number="30" hits="2"/>
            <line number="31" hits="2"/>
            <line number="32" hits="2"/>
            <line number="33" hits="2"/>
            <line number="34" hits="2"/>
            <line number="35" hits="2"/>
            <line number="36" hits="2"/>
            <line number="37" hits="2"/>
            <line number="38" hits="2"/>
            <line number="39" hits="2"/>
          </lines>
        </class>
      </classes>
    </package>
    <package name="Http/Resources/People.php" line-rate="1" branch-rate="0" complexity="1">
      <classes>
        <class name="Playground\Crm\Api\Http\Resources\People" filename="Http/Resources/People.php" line-rate="1" branch-rate="0" complexity="1">
          <methods>
            <method name="with" signature="Illuminate\Http\Request $request" line-rate="1" branch-rate="0" complexity="1">
              <lines>
                <line number="32" hits="11"/>
                <line number="37" hits="11"/>
                <line number="39" hits="11"/>
                <line number="40" hits="11"/>
                <line number="41" hits="11"/>
                <line number="42" hits="11"/>
                <line number="43" hits="11"/>
                <line number="44" hits="11"/>
                <line number="45" hits="11"/>
                <line number="46" hits="11"/>
                <line number="47" hits="11"/>
              </lines>
            </method>
          </methods>
          <lines>
            <line number="32" hits="11"/>
            <line number="37" hits="11"/>
            <line number="39" hits="11"/>
            <line number="40" hits="11"/>
            <line number="41" hits="11"/>
            <line number="42" hits="11"/>
            <line number="43" hits="11"/>
            <line number="44" hits="11"/>
            <line number="45" hits="11"/>
            <line number="46" hits="11"/>
            <line number="47" hits="11"/>
          </lines>
        </class>
      </classes>
    </package>
    <package name="Http/Resources/PeopleCollection.php" line-rate="1" branch-rate="0" complexity="1">
      <classes>
        <class name="Playground\Crm\Api\Http\Resources\PeopleCollection" filename="Http/Resources/PeopleCollection.php" line-rate="1" branch-rate="0" complexity="1">
          <methods>
            <method name="with" signature="Illuminate\Http\Request $request" line-rate="1" branch-rate="0" complexity="1">
              <lines>
                <line number="27" hits="2"/>
                <line number="28" hits="2"/>
                <line number="29" hits="2"/>
                <line number="30" hits="2"/>
                <line number="31" hits="2"/>
                <line number="32" hits="2"/>
                <line number="33" hits="2"/>
                <line number="34" hits="2"/>
                <line number="35" hits="2"/>
                <line number="36" hits="2"/>
                <line number="37" hits="2"/>
                <line number="38" hits="2"/>
                <line number="39" hits="2"/>
              </lines>
            </method>
          </methods>
          <lines>
            <line number="27" hits="2"/>
            <line number="28" hits="2"/>
            <line number="29" hits="2"/>
            <line number="30" hits="2"/>
            <line number="31" hits="2"/>
            <line number="32" hits="2"/>
            <line number="33" hits="2"/>
            <line number="34" hits="2"/>
            <line number="35" hits="2"/>
            <line number="36" hits="2"/>
            <line number="37" hits="2"/>
            <line number="38" hits="2"/>
            <line number="39" hits="2"/>
          </lines>
        </class>
      </classes>
    </package>
    <package name="Policies/ClientPolicy.php" line-rate="0" branch-rate="0" complexity="0">
      <classes>
        <class name="Playground\Crm\Api\Policies\ClientPolicy" filename="Policies/ClientPolicy.php" line-rate="0" branch-rate="0" complexity="0">
          <methods/>
          <lines/>
        </class>
      </classes>
    </package>
    <package name="Policies/ContactPolicy.php" line-rate="0" branch-rate="0" complexity="0">
      <classes>
        <class name="Playground\Crm\Api\Policies\ContactPolicy" filename="Policies/ContactPolicy.php" line-rate="0" branch-rate="0" complexity="0">
          <methods/>
          <lines/>
        </class>
      </classes>
    </package>
    <package name="Policies/LocationPolicy.php" line-rate="0" branch-rate="0" complexity="0">
      <classes>
        <class name="Playground\Crm\Api\Policies\LocationPolicy" filename="Policies/LocationPolicy.php" line-rate="0" branch-rate="0" complexity="0">
          <methods/>
          <lines/>
        </class>
      </classes>
    </package>
    <package name="Policies/OrganizationPolicy.php" line-rate="0" branch-rate="0" complexity="0">
      <classes>
        <class name="Playground\Crm\Api\Policies\OrganizationPolicy" filename="Policies/OrganizationPolicy.php" line-rate="0" branch-rate="0" complexity="0">
          <methods/>
          <lines/>
        </class>
      </classes>
    </package>
    <package name="Policies/PeoplePolicy.php" line-rate="0" branch-rate="0" complexity="0">
      <classes>
        <class name="Playground\Crm\Api\Policies\PeoplePolicy" filename="Policies/PeoplePolicy.php" line-rate="0" branch-rate="0" complexity="0">
          <methods/>
          <lines/>
        </class>
      </classes>
    </package>
    <package name="ServiceProvider.php" line-rate="1" branch-rate="0" complexity="50">
      <classes>
        <class name="Playground\Crm\Api\ServiceProvider" filename="ServiceProvider.php" line-rate="1" branch-rate="0" complexity="50">
          <methods>
            <method name="boot" signature="" line-rate="1" branch-rate="0" complexity="12">
              <lines>
                <line number="31" hits="256"/>
                <line number="33" hits="256"/>
                <line number="35" hits="256"/>
                <line number="36" hits="256"/>
                <line number="37" hits="256"/>
                <line number="38" hits="256"/>
                <line number="39" hits="256"/>
                <line number="42" hits="256"/>
                <line number="43" hits="256"/>
                <line number="44" hits="256"/>
                <line number="46" hits="256"/>
                <line number="47" hits="256"/>
                <line number="50" hits="256"/>
                <line number="51" hits="256"/>
                <line number="52" hits="256"/>
                <line number="54" hits="256"/>
                <line number="58" hits="256"/>
                <line number="60" hits="256"/>
                <line number="61" hits="256"/>
                <line number="62" hits="256"/>
                <line number="65" hits="256"/>
                <line number="66" hits="256"/>
                <line number="67" hits="256"/>
                <line number="70" hits="256"/>
                <line number="71" hits="256"/>
              </lines>
            </method>
            <method name="register" signature="" line-rate="1" branch-rate="0" complexity="1">
              <lines>
                <line number="80" hits="256"/>
                <line number="81" hits="256"/>
                <line number="82" hits="256"/>
                <line number="83" hits="256"/>
              </lines>
            </method>
            <method name="setPolicies" signature="array $policies" line-rate="1" branch-rate="0" complexity="10">
              <lines>
                <line number="93" hits="256"/>
                <line number="94" hits="256"/>
                <line number="95" hits="1"/>
                <line number="96" hits="1"/>
                <line number="97" hits="1"/>
                <line number="98" hits="1"/>
                <line number="99" hits="1"/>
                <line number="100" hits="1"/>
                <line number="102" hits="1"/>
                <line number="104" hits="256"/>
                <line number="105" hits="1"/>
                <line number="106" hits="1"/>
                <line number="107" hits="1"/>
                <line number="108" hits="1"/>
                <line number="109" hits="1"/>
                <line number="110" hits="1"/>
                <line number="112" hits="1"/>
                <line number="114" hits="256"/>
              </lines>
            </method>
            <method name="routes" signature="array $config" line-rate="1" branch-rate="0" complexity="6">
              <lines>
                <line number="123" hits="256"/>
                <line number="124" hits="256"/>
                <line number="126" hits="256"/>
                <line number="127" hits="256"/>
                <line number="129" hits="256"/>
                <line number="130" hits="256"/>
                <line number="132" hits="256"/>
                <line number="133" hits="256"/>
                <line number="135" hits="256"/>
                <line number="136" hits="256"/>
              </lines>
            </method>
            <method name="about" signature="" line-rate="1" branch-rate="0" complexity="21">
              <lines>
                <line number="142" hits="256"/>
                <line number="143" hits="256"/>
                <line number="145" hits="256"/>
                <line number="147" hits="256"/>
                <line number="149" hits="256"/>
                <line number="151" hits="256"/>
                <line number="153" hits="256"/>
                <line number="155" hits="256"/>
                <line number="156" hits="256"/>
                <line number="157" hits="256"/>
                <line number="159" hits="256"/>
                <line number="160" hits="256"/>
                <line number="161" hits="256"/>
                <line number="163" hits="256"/>
                <line number="164" hits="256"/>
                <line number="165" hits="256"/>
                <line number="166" hits="256"/>
                <line number="167" hits="256"/>
                <line number="169" hits="256"/>
                <line number="170" hits="256"/>
                <line number="171" hits="256"/>
              </lines>
            </method>
          </methods>
          <lines>
            <line number="31" hits="256"/>
            <line number="33" hits="256"/>
            <line number="35" hits="256"/>
            <line number="36" hits="256"/>
            <line number="37" hits="256"/>
            <line number="38" hits="256"/>
            <line number="39" hits="256"/>
            <line number="42" hits="256"/>
            <line number="43" hits="256"/>
            <line number="44" hits="256"/>
            <line number="46" hits="256"/>
            <line number="47" hits="256"/>
            <line number="50" hits="256"/>
            <line number="51" hits="256"/>
            <line number="52" hits="256"/>
            <line number="54" hits="256"/>
            <line number="58" hits="256"/>
            <line number="60" hits="256"/>
            <line number="61" hits="256"/>
            <line number="62" hits="256"/>
            <line number="65" hits="256"/>
            <line number="66" hits="256"/>
            <line number="67" hits="256"/>
            <line number="70" hits="256"/>
            <line number="71" hits="256"/>
            <line number="80" hits="256"/>
            <line number="81" hits="256"/>
            <line number="82" hits="256"/>
            <line number="83" hits="256"/>
            <line number="93" hits="256"/>
            <line number="94" hits="256"/>
            <line number="95" hits="1"/>
            <line number="96" hits="1"/>
            <line number="97" hits="1"/>
            <line number="98" hits="1"/>
            <line number="99" hits="1"/>
            <line number="100" hits="1"/>
            <line number="102" hits="1"/>
            <line number="104" hits="256"/>
            <line number="105" hits="1"/>
            <line number="106" hits="1"/>
            <line number="107" hits="1"/>
            <line number="108" hits="1"/>
            <line number="109" hits="1"/>
            <line number="110" hits="1"/>
            <line number="112" hits="1"/>
            <line number="114" hits="256"/>
            <line number="123" hits="256"/>
            <line number="124" hits="256"/>
            <line number="126" hits="256"/>
            <line number="127" hits="256"/>
            <line number="129" hits="256"/>
            <line number="130" hits="256"/>
            <line number="132" hits="256"/>
            <line number="133" hits="256"/>
            <line number="135" hits="256"/>
            <line number="136" hits="256"/>
            <line number="142" hits="256"/>
            <line number="143" hits="256"/>
            <line number="145" hits="256"/>
            <line number="147" hits="256"/>
            <line number="149" hits="256"/>
            <line number="151" hits="256"/>
            <line number="153" hits="256"/>
            <line number="155" hits="256"/>
            <line number="156" hits="256"/>
            <line number="157" hits="256"/>
            <line number="159" hits="256"/>
            <line number="160" hits="256"/>
            <line number="161" hits="256"/>
            <line number="163" hits="256"/>
            <line number="164" hits="256"/>
            <line number="165" hits="256"/>
            <line number="166" hits="256"/>
            <line number="167" hits="256"/>
            <line number="169" hits="256"/>
            <line number="170" hits="256"/>
            <line number="171" hits="256"/>
          </lines>
        </class>
      </classes>
    </package>
  </packages>
</coverage>
