<?xml version="1.0" encoding="UTF-8"?>
<testsuites>
  <testsuite name="/app/phpunit-ci.xml" tests="261" assertions="4887" errors="0" failures="0" skipped="0" time="40.197221">
    <testsuite name="Unit" tests="84" assertions="139" errors="0" failures="0" skipped="0" time="3.627616">
      <testsuite name="Tests\Unit\Playground\Crm\Api\Http\Requests\Client\CreateRequestTest" file="/app/tests/Unit/Http/Requests/Client/CreateRequestTest.php" tests="1" assertions="1" errors="0" failures="0" skipped="0" time="0.293438">
        <testcase name="test_request_instance" file="/app/vendor/gammamatrix/playground-test/src/Unit/Http/Requests/RequestCase.php" line="41" class="Tests\Unit\Playground\Crm\Api\Http\Requests\Client\CreateRequestTest" classname="Tests.Unit.Playground.Crm.Api.Http.Requests.Client.CreateRequestTest" assertions="1" time="0.293438"/>
      </testsuite>
      <testsuite name="Tests\Unit\Playground\Crm\Api\Http\Requests\Client\DestroyRequestTest" file="/app/tests/Unit/Http/Requests/Client/DestroyRequestTest.php" tests="1" assertions="1" errors="0" failures="0" skipped="0" time="0.035657">
        <testcase name="test_request_instance" file="/app/vendor/gammamatrix/playground-test/src/Unit/Http/Requests/RequestCase.php" line="41" class="Tests\Unit\Playground\Crm\Api\Http\Requests\Client\DestroyRequestTest" classname="Tests.Unit.Playground.Crm.Api.Http.Requests.Client.DestroyRequestTest" assertions="1" time="0.035657"/>
      </testsuite>
      <testsuite name="Tests\Unit\Playground\Crm\Api\Http\Requests\Client\EditRequestTest" file="/app/tests/Unit/Http/Requests/Client/EditRequestTest.php" tests="1" assertions="1" errors="0" failures="0" skipped="0" time="0.047555">
        <testcase name="test_request_instance" file="/app/vendor/gammamatrix/playground-test/src/Unit/Http/Requests/RequestCase.php" line="41" class="Tests\Unit\Playground\Crm\Api\Http\Requests\Client\EditRequestTest" classname="Tests.Unit.Playground.Crm.Api.Http.Requests.Client.EditRequestTest" assertions="1" time="0.047555"/>
      </testsuite>
      <testsuite name="Tests\Unit\Playground\Crm\Api\Http\Requests\Client\IndexRequestTest" file="/app/tests/Unit/Http/Requests/Client/IndexRequestTest.php" tests="1" assertions="1" errors="0" failures="0" skipped="0" time="0.092440">
        <testcase name="test_request_instance" file="/app/vendor/gammamatrix/playground-test/src/Unit/Http/Requests/RequestCase.php" line="41" class="Tests\Unit\Playground\Crm\Api\Http\Requests\Client\IndexRequestTest" classname="Tests.Unit.Playground.Crm.Api.Http.Requests.Client.IndexRequestTest" assertions="1" time="0.092440"/>
      </testsuite>
      <testsuite name="Tests\Unit\Playground\Crm\Api\Http\Requests\Client\LockRequestTest" file="/app/tests/Unit/Http/Requests/Client/LockRequestTest.php" tests="1" assertions="1" errors="0" failures="0" skipped="0" time="0.033238">
        <testcase name="test_request_instance" file="/app/vendor/gammamatrix/playground-test/src/Unit/Http/Requests/RequestCase.php" line="41" class="Tests\Unit\Playground\Crm\Api\Http\Requests\Client\LockRequestTest" classname="Tests.Unit.Playground.Crm.Api.Http.Requests.Client.LockRequestTest" assertions="1" time="0.033238"/>
      </testsuite>
      <testsuite name="Tests\Unit\Playground\Crm\Api\Http\Requests\Client\RestoreRequestTest" file="/app/tests/Unit/Http/Requests/Client/RestoreRequestTest.php" tests="1" assertions="1" errors="0" failures="0" skipped="0" time="0.032068">
        <testcase name="test_request_instance" file="/app/vendor/gammamatrix/playground-test/src/Unit/Http/Requests/RequestCase.php" line="41" class="Tests\Unit\Playground\Crm\Api\Http\Requests\Client\RestoreRequestTest" classname="Tests.Unit.Playground.Crm.Api.Http.Requests.Client.RestoreRequestTest" assertions="1" time="0.032068"/>
      </testsuite>
      <testsuite name="Tests\Unit\Playground\Crm\Api\Http\Requests\Client\ShowRequestTest" file="/app/tests/Unit/Http/Requests/Client/ShowRequestTest.php" tests="1" assertions="1" errors="0" failures="0" skipped="0" time="0.031848">
        <testcase name="test_request_instance" file="/app/vendor/gammamatrix/playground-test/src/Unit/Http/Requests/RequestCase.php" line="41" class="Tests\Unit\Playground\Crm\Api\Http\Requests\Client\ShowRequestTest" classname="Tests.Unit.Playground.Crm.Api.Http.Requests.Client.ShowRequestTest" assertions="1" time="0.031848"/>
      </testsuite>
      <testsuite name="Tests\Unit\Playground\Crm\Api\Http\Requests\Client\StoreRequestTest" file="/app/tests/Unit/Http/Requests/Client/StoreRequestTest.php" tests="3" assertions="8" errors="0" failures="0" skipped="0" time="0.116764">
        <testcase name="test_request_instance" file="/app/vendor/gammamatrix/playground-test/src/Unit/Http/Requests/RequestCase.php" line="41" class="Tests\Unit\Playground\Crm\Api\Http\Requests\Client\StoreRequestTest" classname="Tests.Unit.Playground.Crm.Api.Http.Requests.Client.StoreRequestTest" assertions="1" time="0.053263"/>
        <testcase name="test_StoreRequest_rules_with_optional_revisions_disabled" file="/app/tests/Unit/Http/Requests/Client/StoreRequestTest.php" line="19" class="Tests\Unit\Playground\Crm\Api\Http\Requests\Client\StoreRequestTest" classname="Tests.Unit.Playground.Crm.Api.Http.Requests.Client.StoreRequestTest" assertions="3" time="0.031926"/>
        <testcase name="test_StoreRequest_rules_with_optional_revisions_enabled" file="/app/tests/Unit/Http/Requests/Client/StoreRequestTest.php" line="29" class="Tests\Unit\Playground\Crm\Api\Http\Requests\Client\StoreRequestTest" classname="Tests.Unit.Playground.Crm.Api.Http.Requests.Client.StoreRequestTest" assertions="4" time="0.031575"/>
      </testsuite>
      <testsuite name="Tests\Unit\Playground\Crm\Api\Http\Requests\Client\UnlockRequestTest" file="/app/tests/Unit/Http/Requests/Client/UnlockRequestTest.php" tests="1" assertions="1" errors="0" failures="0" skipped="0" time="0.032753">
        <testcase name="test_request_instance" file="/app/vendor/gammamatrix/playground-test/src/Unit/Http/Requests/RequestCase.php" line="41" class="Tests\Unit\Playground\Crm\Api\Http\Requests\Client\UnlockRequestTest" classname="Tests.Unit.Playground.Crm.Api.Http.Requests.Client.UnlockRequestTest" assertions="1" time="0.032753"/>
      </testsuite>
      <testsuite name="Tests\Unit\Playground\Crm\Api\Http\Requests\Client\UpdateRequestTest" file="/app/tests/Unit/Http/Requests/Client/UpdateRequestTest.php" tests="3" assertions="8" errors="0" failures="0" skipped="0" time="0.116852">
        <testcase name="test_request_instance" file="/app/vendor/gammamatrix/playground-test/src/Unit/Http/Requests/RequestCase.php" line="41" class="Tests\Unit\Playground\Crm\Api\Http\Requests\Client\UpdateRequestTest" classname="Tests.Unit.Playground.Crm.Api.Http.Requests.Client.UpdateRequestTest" assertions="1" time="0.054370"/>
        <testcase name="test_UpdateRequest_rules_with_optional_revisions_disabled" file="/app/tests/Unit/Http/Requests/Client/UpdateRequestTest.php" line="19" class="Tests\Unit\Playground\Crm\Api\Http\Requests\Client\UpdateRequestTest" classname="Tests.Unit.Playground.Crm.Api.Http.Requests.Client.UpdateRequestTest" assertions="3" time="0.031086"/>
        <testcase name="test_UpdateRequest_rules_with_optional_revisions_enabled" file="/app/tests/Unit/Http/Requests/Client/UpdateRequestTest.php" line="29" class="Tests\Unit\Playground\Crm\Api\Http\Requests\Client\UpdateRequestTest" classname="Tests.Unit.Playground.Crm.Api.Http.Requests.Client.UpdateRequestTest" assertions="4" time="0.031396"/>
      </testsuite>
      <testsuite name="Tests\Unit\Playground\Crm\Api\Http\Requests\Contact\CreateRequestTest" file="/app/tests/Unit/Http/Requests/Contact/CreateRequestTest.php" tests="1" assertions="1" errors="0" failures="0" skipped="0" time="0.048002">
        <testcase name="test_request_instance" file="/app/vendor/gammamatrix/playground-test/src/Unit/Http/Requests/RequestCase.php" line="41" class="Tests\Unit\Playground\Crm\Api\Http\Requests\Contact\CreateRequestTest" classname="Tests.Unit.Playground.Crm.Api.Http.Requests.Contact.CreateRequestTest" assertions="1" time="0.048002"/>
      </testsuite>
      <testsuite name="Tests\Unit\Playground\Crm\Api\Http\Requests\Contact\DestroyRequestTest" file="/app/tests/Unit/Http/Requests/Contact/DestroyRequestTest.php" tests="1" assertions="1" errors="0" failures="0" skipped="0" time="0.033888">
        <testcase name="test_request_instance" file="/app/vendor/gammamatrix/playground-test/src/Unit/Http/Requests/RequestCase.php" line="41" class="Tests\Unit\Playground\Crm\Api\Http\Requests\Contact\DestroyRequestTest" classname="Tests.Unit.Playground.Crm.Api.Http.Requests.Contact.DestroyRequestTest" assertions="1" time="0.033888"/>
      </testsuite>
      <testsuite name="Tests\Unit\Playground\Crm\Api\Http\Requests\Contact\EditRequestTest" file="/app/tests/Unit/Http/Requests/Contact/EditRequestTest.php" tests="1" assertions="1" errors="0" failures="0" skipped="0" time="0.049667">
        <testcase name="test_request_instance" file="/app/vendor/gammamatrix/playground-test/src/Unit/Http/Requests/RequestCase.php" line="41" class="Tests\Unit\Playground\Crm\Api\Http\Requests\Contact\EditRequestTest" classname="Tests.Unit.Playground.Crm.Api.Http.Requests.Contact.EditRequestTest" assertions="1" time="0.049667"/>
      </testsuite>
      <testsuite name="Tests\Unit\Playground\Crm\Api\Http\Requests\Contact\IndexRequestTest" file="/app/tests/Unit/Http/Requests/Contact/IndexRequestTest.php" tests="1" assertions="1" errors="0" failures="0" skipped="0" time="0.091492">
        <testcase name="test_request_instance" file="/app/vendor/gammamatrix/playground-test/src/Unit/Http/Requests/RequestCase.php" line="41" class="Tests\Unit\Playground\Crm\Api\Http\Requests\Contact\IndexRequestTest" classname="Tests.Unit.Playground.Crm.Api.Http.Requests.Contact.IndexRequestTest" assertions="1" time="0.091492"/>
      </testsuite>
      <testsuite name="Tests\Unit\Playground\Crm\Api\Http\Requests\Contact\LockRequestTest" file="/app/tests/Unit/Http/Requests/Contact/LockRequestTest.php" tests="1" assertions="1" errors="0" failures="0" skipped="0" time="0.032175">
        <testcase name="test_request_instance" file="/app/vendor/gammamatrix/playground-test/src/Unit/Http/Requests/RequestCase.php" line="41" class="Tests\Unit\Playground\Crm\Api\Http\Requests\Contact\LockRequestTest" classname="Tests.Unit.Playground.Crm.Api.Http.Requests.Contact.LockRequestTest" assertions="1" time="0.032175"/>
      </testsuite>
      <testsuite name="Tests\Unit\Playground\Crm\Api\Http\Requests\Contact\RestoreRequestTest" file="/app/tests/Unit/Http/Requests/Contact/RestoreRequestTest.php" tests="1" assertions="1" errors="0" failures="0" skipped="0" time="0.034218">
        <testcase name="test_request_instance" file="/app/vendor/gammamatrix/playground-test/src/Unit/Http/Requests/RequestCase.php" line="41" class="Tests\Unit\Playground\Crm\Api\Http\Requests\Contact\RestoreRequestTest" classname="Tests.Unit.Playground.Crm.Api.Http.Requests.Contact.RestoreRequestTest" assertions="1" time="0.034218"/>
      </testsuite>
      <testsuite name="Tests\Unit\Playground\Crm\Api\Http\Requests\Contact\ShowRequestTest" file="/app/tests/Unit/Http/Requests/Contact/ShowRequestTest.php" tests="1" assertions="1" errors="0" failures="0" skipped="0" time="0.031883">
        <testcase name="test_request_instance" file="/app/vendor/gammamatrix/playground-test/src/Unit/Http/Requests/RequestCase.php" line="41" class="Tests\Unit\Playground\Crm\Api\Http\Requests\Contact\ShowRequestTest" classname="Tests.Unit.Playground.Crm.Api.Http.Requests.Contact.ShowRequestTest" assertions="1" time="0.031883"/>
      </testsuite>
      <testsuite name="Tests\Unit\Playground\Crm\Api\Http\Requests\Contact\StoreRequestTest" file="/app/tests/Unit/Http/Requests/Contact/StoreRequestTest.php" tests="3" assertions="8" errors="0" failures="0" skipped="0" time="0.113201">
        <testcase name="test_request_instance" file="/app/vendor/gammamatrix/playground-test/src/Unit/Http/Requests/RequestCase.php" line="41" class="Tests\Unit\Playground\Crm\Api\Http\Requests\Contact\StoreRequestTest" classname="Tests.Unit.Playground.Crm.Api.Http.Requests.Contact.StoreRequestTest" assertions="1" time="0.051038"/>
        <testcase name="test_StoreRequest_rules_with_optional_revisions_disabled" file="/app/tests/Unit/Http/Requests/Contact/StoreRequestTest.php" line="19" class="Tests\Unit\Playground\Crm\Api\Http\Requests\Contact\StoreRequestTest" classname="Tests.Unit.Playground.Crm.Api.Http.Requests.Contact.StoreRequestTest" assertions="3" time="0.031152"/>
        <testcase name="test_StoreRequest_rules_with_optional_revisions_enabled" file="/app/tests/Unit/Http/Requests/Contact/StoreRequestTest.php" line="29" class="Tests\Unit\Playground\Crm\Api\Http\Requests\Contact\StoreRequestTest" classname="Tests.Unit.Playground.Crm.Api.Http.Requests.Contact.StoreRequestTest" assertions="4" time="0.031012"/>
      </testsuite>
      <testsuite name="Tests\Unit\Playground\Crm\Api\Http\Requests\Contact\UnlockRequestTest" file="/app/tests/Unit/Http/Requests/Contact/UnlockRequestTest.php" tests="1" assertions="1" errors="0" failures="0" skipped="0" time="0.032132">
        <testcase name="test_request_instance" file="/app/vendor/gammamatrix/playground-test/src/Unit/Http/Requests/RequestCase.php" line="41" class="Tests\Unit\Playground\Crm\Api\Http\Requests\Contact\UnlockRequestTest" classname="Tests.Unit.Playground.Crm.Api.Http.Requests.Contact.UnlockRequestTest" assertions="1" time="0.032132"/>
      </testsuite>
      <testsuite name="Tests\Unit\Playground\Crm\Api\Http\Requests\Contact\UpdateRequestTest" file="/app/tests/Unit/Http/Requests/Contact/UpdateRequestTest.php" tests="3" assertions="8" errors="0" failures="0" skipped="0" time="0.117153">
        <testcase name="test_request_instance" file="/app/vendor/gammamatrix/playground-test/src/Unit/Http/Requests/RequestCase.php" line="41" class="Tests\Unit\Playground\Crm\Api\Http\Requests\Contact\UpdateRequestTest" classname="Tests.Unit.Playground.Crm.Api.Http.Requests.Contact.UpdateRequestTest" assertions="1" time="0.053630"/>
        <testcase name="test_UpdateRequest_rules_with_optional_revisions_disabled" file="/app/tests/Unit/Http/Requests/Contact/UpdateRequestTest.php" line="19" class="Tests\Unit\Playground\Crm\Api\Http\Requests\Contact\UpdateRequestTest" classname="Tests.Unit.Playground.Crm.Api.Http.Requests.Contact.UpdateRequestTest" assertions="3" time="0.032536"/>
        <testcase name="test_UpdateRequest_rules_with_optional_revisions_enabled" file="/app/tests/Unit/Http/Requests/Contact/UpdateRequestTest.php" line="29" class="Tests\Unit\Playground\Crm\Api\Http\Requests\Contact\UpdateRequestTest" classname="Tests.Unit.Playground.Crm.Api.Http.Requests.Contact.UpdateRequestTest" assertions="4" time="0.030986"/>
      </testsuite>
      <testsuite name="Tests\Unit\Playground\Crm\Api\Http\Requests\FormRequest\InstanceTest" file="/app/tests/Unit/Http/Requests/FormRequest/InstanceTest.php" tests="5" assertions="6" errors="0" failures="0" skipped="0" time="0.182720">
        <testcase name="test_FormRequest_authorize_without_user" file="/app/tests/Unit/Http/Requests/FormRequest/InstanceTest.php" line="21" class="Tests\Unit\Playground\Crm\Api\Http\Requests\FormRequest\InstanceTest" classname="Tests.Unit.Playground.Crm.Api.Http.Requests.FormRequest.InstanceTest" assertions="1" time="0.029717"/>
        <testcase name="test_RULES_is_empty_by_default" file="/app/tests/Unit/Http/Requests/FormRequest/InstanceTest.php" line="28" class="Tests\Unit\Playground\Crm\Api\Http\Requests\FormRequest\InstanceTest" classname="Tests.Unit.Playground.Crm.Api.Http.Requests.FormRequest.InstanceTest" assertions="2" time="0.032371"/>
        <testcase name="test_userHasAdminPrivileges_without_user" file="/app/tests/Unit/Http/Requests/FormRequest/InstanceTest.php" line="36" class="Tests\Unit\Playground\Crm\Api\Http\Requests\FormRequest\InstanceTest" classname="Tests.Unit.Playground.Crm.Api.Http.Requests.FormRequest.InstanceTest" assertions="1" time="0.030733"/>
        <testcase name="test_userHasAdminPrivileges_with_admin" file="/app/tests/Unit/Http/Requests/FormRequest/InstanceTest.php" line="43" class="Tests\Unit\Playground\Crm\Api\Http\Requests\FormRequest\InstanceTest" classname="Tests.Unit.Playground.Crm.Api.Http.Requests.FormRequest.InstanceTest" assertions="1" time="0.054320"/>
        <testcase name="test_userHasAdminPrivileges_with_default_laravel_user" file="/app/tests/Unit/Http/Requests/FormRequest/InstanceTest.php" line="55" class="Tests\Unit\Playground\Crm\Api\Http\Requests\FormRequest\InstanceTest" classname="Tests.Unit.Playground.Crm.Api.Http.Requests.FormRequest.InstanceTest" assertions="1" time="0.035579"/>
      </testsuite>
      <testsuite name="Tests\Unit\Playground\Crm\Api\Http\Requests\Location\CreateRequestTest" file="/app/tests/Unit/Http/Requests/Location/CreateRequestTest.php" tests="1" assertions="1" errors="0" failures="0" skipped="0" time="0.047107">
        <testcase name="test_request_instance" file="/app/vendor/gammamatrix/playground-test/src/Unit/Http/Requests/RequestCase.php" line="41" class="Tests\Unit\Playground\Crm\Api\Http\Requests\Location\CreateRequestTest" classname="Tests.Unit.Playground.Crm.Api.Http.Requests.Location.CreateRequestTest" assertions="1" time="0.047107"/>
      </testsuite>
      <testsuite name="Tests\Unit\Playground\Crm\Api\Http\Requests\Location\DestroyRequestTest" file="/app/tests/Unit/Http/Requests/Location/DestroyRequestTest.php" tests="1" assertions="1" errors="0" failures="0" skipped="0" time="0.033617">
        <testcase name="test_request_instance" file="/app/vendor/gammamatrix/playground-test/src/Unit/Http/Requests/RequestCase.php" line="41" class="Tests\Unit\Playground\Crm\Api\Http\Requests\Location\DestroyRequestTest" classname="Tests.Unit.Playground.Crm.Api.Http.Requests.Location.DestroyRequestTest" assertions="1" time="0.033617"/>
      </testsuite>
      <testsuite name="Tests\Unit\Playground\Crm\Api\Http\Requests\Location\EditRequestTest" file="/app/tests/Unit/Http/Requests/Location/EditRequestTest.php" tests="1" assertions="1" errors="0" failures="0" skipped="0" time="0.047988">
        <testcase name="test_request_instance" file="/app/vendor/gammamatrix/playground-test/src/Unit/Http/Requests/RequestCase.php" line="41" class="Tests\Unit\Playground\Crm\Api\Http\Requests\Location\EditRequestTest" classname="Tests.Unit.Playground.Crm.Api.Http.Requests.Location.EditRequestTest" assertions="1" time="0.047988"/>
      </testsuite>
      <testsuite name="Tests\Unit\Playground\Crm\Api\Http\Requests\Location\IndexRequestTest" file="/app/tests/Unit/Http/Requests/Location/IndexRequestTest.php" tests="1" assertions="1" errors="0" failures="0" skipped="0" time="0.089102">
        <testcase name="test_request_instance" file="/app/vendor/gammamatrix/playground-test/src/Unit/Http/Requests/RequestCase.php" line="41" class="Tests\Unit\Playground\Crm\Api\Http\Requests\Location\IndexRequestTest" classname="Tests.Unit.Playground.Crm.Api.Http.Requests.Location.IndexRequestTest" assertions="1" time="0.089102"/>
      </testsuite>
      <testsuite name="Tests\Unit\Playground\Crm\Api\Http\Requests\Location\LockRequestTest" file="/app/tests/Unit/Http/Requests/Location/LockRequestTest.php" tests="1" assertions="1" errors="0" failures="0" skipped="0" time="0.032757">
        <testcase name="test_request_instance" file="/app/vendor/gammamatrix/playground-test/src/Unit/Http/Requests/RequestCase.php" line="41" class="Tests\Unit\Playground\Crm\Api\Http\Requests\Location\LockRequestTest" classname="Tests.Unit.Playground.Crm.Api.Http.Requests.Location.LockRequestTest" assertions="1" time="0.032757"/>
      </testsuite>
      <testsuite name="Tests\Unit\Playground\Crm\Api\Http\Requests\Location\RestoreRequestTest" file="/app/tests/Unit/Http/Requests/Location/RestoreRequestTest.php" tests="1" assertions="1" errors="0" failures="0" skipped="0" time="0.032838">
        <testcase name="test_request_instance" file="/app/vendor/gammamatrix/playground-test/src/Unit/Http/Requests/RequestCase.php" line="41" class="Tests\Unit\Playground\Crm\Api\Http\Requests\Location\RestoreRequestTest" classname="Tests.Unit.Playground.Crm.Api.Http.Requests.Location.RestoreRequestTest" assertions="1" time="0.032838"/>
      </testsuite>
      <testsuite name="Tests\Unit\Playground\Crm\Api\Http\Requests\Location\ShowRequestTest" file="/app/tests/Unit/Http/Requests/Location/ShowRequestTest.php" tests="1" assertions="1" errors="0" failures="0" skipped="0" time="0.031770">
        <testcase name="test_request_instance" file="/app/vendor/gammamatrix/playground-test/src/Unit/Http/Requests/RequestCase.php" line="41" class="Tests\Unit\Playground\Crm\Api\Http\Requests\Location\ShowRequestTest" classname="Tests.Unit.Playground.Crm.Api.Http.Requests.Location.ShowRequestTest" assertions="1" time="0.031770"/>
      </testsuite>
      <testsuite name="Tests\Unit\Playground\Crm\Api\Http\Requests\Location\StoreRequestTest" file="/app/tests/Unit/Http/Requests/Location/StoreRequestTest.php" tests="3" assertions="8" errors="0" failures="0" skipped="0" time="0.117573">
        <testcase name="test_request_instance" file="/app/vendor/gammamatrix/playground-test/src/Unit/Http/Requests/RequestCase.php" line="41" class="Tests\Unit\Playground\Crm\Api\Http\Requests\Location\StoreRequestTest" classname="Tests.Unit.Playground.Crm.Api.Http.Requests.Location.StoreRequestTest" assertions="1" time="0.055374"/>
        <testcase name="test_StoreRequest_rules_with_optional_revisions_disabled" file="/app/tests/Unit/Http/Requests/Location/StoreRequestTest.php" line="19" class="Tests\Unit\Playground\Crm\Api\Http\Requests\Location\StoreRequestTest" classname="Tests.Unit.Playground.Crm.Api.Http.Requests.Location.StoreRequestTest" assertions="3" time="0.030983"/>
        <testcase name="test_StoreRequest_rules_with_optional_revisions_enabled" file="/app/tests/Unit/Http/Requests/Location/StoreRequestTest.php" line="29" class="Tests\Unit\Playground\Crm\Api\Http\Requests\Location\StoreRequestTest" classname="Tests.Unit.Playground.Crm.Api.Http.Requests.Location.StoreRequestTest" assertions="4" time="0.031215"/>
      </testsuite>
      <testsuite name="Tests\Unit\Playground\Crm\Api\Http\Requests\Location\UnlockRequestTest" file="/app/tests/Unit/Http/Requests/Location/UnlockRequestTest.php" tests="1" assertions="1" errors="0" failures="0" skipped="0" time="0.032507">
        <testcase name="test_request_instance" file="/app/vendor/gammamatrix/playground-test/src/Unit/Http/Requests/RequestCase.php" line="41" class="Tests\Unit\Playground\Crm\Api\Http\Requests\Location\UnlockRequestTest" classname="Tests.Unit.Playground.Crm.Api.Http.Requests.Location.UnlockRequestTest" assertions="1" time="0.032507"/>
      </testsuite>
      <testsuite name="Tests\Unit\Playground\Crm\Api\Http\Requests\Location\UpdateRequestTest" file="/app/tests/Unit/Http/Requests/Location/UpdateRequestTest.php" tests="3" assertions="8" errors="0" failures="0" skipped="0" time="0.113508">
        <testcase name="test_request_instance" file="/app/vendor/gammamatrix/playground-test/src/Unit/Http/Requests/RequestCase.php" line="41" class="Tests\Unit\Playground\Crm\Api\Http\Requests\Location\UpdateRequestTest" classname="Tests.Unit.Playground.Crm.Api.Http.Requests.Location.UpdateRequestTest" assertions="1" time="0.051040"/>
        <testcase name="test_UpdateRequest_rules_with_optional_revisions_disabled" file="/app/tests/Unit/Http/Requests/Location/UpdateRequestTest.php" line="19" class="Tests\Unit\Playground\Crm\Api\Http\Requests\Location\UpdateRequestTest" classname="Tests.Unit.Playground.Crm.Api.Http.Requests.Location.UpdateRequestTest" assertions="3" time="0.031431"/>
        <testcase name="test_UpdateRequest_rules_with_optional_revisions_enabled" file="/app/tests/Unit/Http/Requests/Location/UpdateRequestTest.php" line="29" class="Tests\Unit\Playground\Crm\Api\Http\Requests\Location\UpdateRequestTest" classname="Tests.Unit.Playground.Crm.Api.Http.Requests.Location.UpdateRequestTest" assertions="4" time="0.031037"/>
      </testsuite>
      <testsuite name="Tests\Unit\Playground\Crm\Api\Http\Requests\Organization\CreateRequestTest" file="/app/tests/Unit/Http/Requests/Organization/CreateRequestTest.php" tests="1" assertions="1" errors="0" failures="0" skipped="0" time="0.047788">
        <testcase name="test_request_instance" file="/app/vendor/gammamatrix/playground-test/src/Unit/Http/Requests/RequestCase.php" line="41" class="Tests\Unit\Playground\Crm\Api\Http\Requests\Organization\CreateRequestTest" classname="Tests.Unit.Playground.Crm.Api.Http.Requests.Organization.CreateRequestTest" assertions="1" time="0.047788"/>
      </testsuite>
      <testsuite name="Tests\Unit\Playground\Crm\Api\Http\Requests\Organization\DestroyRequestTest" file="/app/tests/Unit/Http/Requests/Organization/DestroyRequestTest.php" tests="1" assertions="1" errors="0" failures="0" skipped="0" time="0.033730">
        <testcase name="test_request_instance" file="/app/vendor/gammamatrix/playground-test/src/Unit/Http/Requests/RequestCase.php" line="41" class="Tests\Unit\Playground\Crm\Api\Http\Requests\Organization\DestroyRequestTest" classname="Tests.Unit.Playground.Crm.Api.Http.Requests.Organization.DestroyRequestTest" assertions="1" time="0.033730"/>
      </testsuite>
      <testsuite name="Tests\Unit\Playground\Crm\Api\Http\Requests\Organization\EditRequestTest" file="/app/tests/Unit/Http/Requests/Organization/EditRequestTest.php" tests="1" assertions="1" errors="0" failures="0" skipped="0" time="0.050457">
        <testcase name="test_request_instance" file="/app/vendor/gammamatrix/playground-test/src/Unit/Http/Requests/RequestCase.php" line="41" class="Tests\Unit\Playground\Crm\Api\Http\Requests\Organization\EditRequestTest" classname="Tests.Unit.Playground.Crm.Api.Http.Requests.Organization.EditRequestTest" assertions="1" time="0.050457"/>
      </testsuite>
      <testsuite name="Tests\Unit\Playground\Crm\Api\Http\Requests\Organization\IndexRequestTest" file="/app/tests/Unit/Http/Requests/Organization/IndexRequestTest.php" tests="1" assertions="1" errors="0" failures="0" skipped="0" time="0.088832">
        <testcase name="test_request_instance" file="/app/vendor/gammamatrix/playground-test/src/Unit/Http/Requests/RequestCase.php" line="41" class="Tests\Unit\Playground\Crm\Api\Http\Requests\Organization\IndexRequestTest" classname="Tests.Unit.Playground.Crm.Api.Http.Requests.Organization.IndexRequestTest" assertions="1" time="0.088832"/>
      </testsuite>
      <testsuite name="Tests\Unit\Playground\Crm\Api\Http\Requests\Organization\LockRequestTest" file="/app/tests/Unit/Http/Requests/Organization/LockRequestTest.php" tests="1" assertions="1" errors="0" failures="0" skipped="0" time="0.032879">
        <testcase name="test_request_instance" file="/app/vendor/gammamatrix/playground-test/src/Unit/Http/Requests/RequestCase.php" line="41" class="Tests\Unit\Playground\Crm\Api\Http\Requests\Organization\LockRequestTest" classname="Tests.Unit.Playground.Crm.Api.Http.Requests.Organization.LockRequestTest" assertions="1" time="0.032879"/>
      </testsuite>
      <testsuite name="Tests\Unit\Playground\Crm\Api\Http\Requests\Organization\RestoreRequestTest" file="/app/tests/Unit/Http/Requests/Organization/RestoreRequestTest.php" tests="1" assertions="1" errors="0" failures="0" skipped="0" time="0.032559">
        <testcase name="test_request_instance" file="/app/vendor/gammamatrix/playground-test/src/Unit/Http/Requests/RequestCase.php" line="41" class="Tests\Unit\Playground\Crm\Api\Http\Requests\Organization\RestoreRequestTest" classname="Tests.Unit.Playground.Crm.Api.Http.Requests.Organization.RestoreRequestTest" assertions="1" time="0.032559"/>
      </testsuite>
      <testsuite name="Tests\Unit\Playground\Crm\Api\Http\Requests\Organization\ShowRequestTest" file="/app/tests/Unit/Http/Requests/Organization/ShowRequestTest.php" tests="1" assertions="1" errors="0" failures="0" skipped="0" time="0.033605">
        <testcase name="test_request_instance" file="/app/vendor/gammamatrix/playground-test/src/Unit/Http/Requests/RequestCase.php" line="41" class="Tests\Unit\Playground\Crm\Api\Http\Requests\Organization\ShowRequestTest" classname="Tests.Unit.Playground.Crm.Api.Http.Requests.Organization.ShowRequestTest" assertions="1" time="0.033605"/>
      </testsuite>
      <testsuite name="Tests\Unit\Playground\Crm\Api\Http\Requests\Organization\StoreRequestTest" file="/app/tests/Unit/Http/Requests/Organization/StoreRequestTest.php" tests="3" assertions="8" errors="0" failures="0" skipped="0" time="0.115229">
        <testcase name="test_request_instance" file="/app/vendor/gammamatrix/playground-test/src/Unit/Http/Requests/RequestCase.php" line="41" class="Tests\Unit\Playground\Crm\Api\Http\Requests\Organization\StoreRequestTest" classname="Tests.Unit.Playground.Crm.Api.Http.Requests.Organization.StoreRequestTest" assertions="1" time="0.051325"/>
        <testcase name="test_StoreRequest_rules_with_optional_revisions_disabled" file="/app/tests/Unit/Http/Requests/Organization/StoreRequestTest.php" line="19" class="Tests\Unit\Playground\Crm\Api\Http\Requests\Organization\StoreRequestTest" classname="Tests.Unit.Playground.Crm.Api.Http.Requests.Organization.StoreRequestTest" assertions="3" time="0.031026"/>
        <testcase name="test_StoreRequest_rules_with_optional_revisions_enabled" file="/app/tests/Unit/Http/Requests/Organization/StoreRequestTest.php" line="29" class="Tests\Unit\Playground\Crm\Api\Http\Requests\Organization\StoreRequestTest" classname="Tests.Unit.Playground.Crm.Api.Http.Requests.Organization.StoreRequestTest" assertions="4" time="0.032878"/>
      </testsuite>
      <testsuite name="Tests\Unit\Playground\Crm\Api\Http\Requests\Organization\UnlockRequestTest" file="/app/tests/Unit/Http/Requests/Organization/UnlockRequestTest.php" tests="1" assertions="1" errors="0" failures="0" skipped="0" time="0.032191">
        <testcase name="test_request_instance" file="/app/vendor/gammamatrix/playground-test/src/Unit/Http/Requests/RequestCase.php" line="41" class="Tests\Unit\Playground\Crm\Api\Http\Requests\Organization\UnlockRequestTest" classname="Tests.Unit.Playground.Crm.Api.Http.Requests.Organization.UnlockRequestTest" assertions="1" time="0.032191"/>
      </testsuite>
      <testsuite name="Tests\Unit\Playground\Crm\Api\Http\Requests\Organization\UpdateRequestTest" file="/app/tests/Unit/Http/Requests/Organization/UpdateRequestTest.php" tests="3" assertions="8" errors="0" failures="0" skipped="0" time="0.115181">
        <testcase name="test_request_instance" file="/app/vendor/gammamatrix/playground-test/src/Unit/Http/Requests/RequestCase.php" line="41" class="Tests\Unit\Playground\Crm\Api\Http\Requests\Organization\UpdateRequestTest" classname="Tests.Unit.Playground.Crm.Api.Http.Requests.Organization.UpdateRequestTest" assertions="1" time="0.053972"/>
        <testcase name="test_UpdateRequest_rules_with_optional_revisions_disabled" file="/app/tests/Unit/Http/Requests/Organization/UpdateRequestTest.php" line="19" class="Tests\Unit\Playground\Crm\Api\Http\Requests\Organization\UpdateRequestTest" classname="Tests.Unit.Playground.Crm.Api.Http.Requests.Organization.UpdateRequestTest" assertions="3" time="0.030988"/>
        <testcase name="test_UpdateRequest_rules_with_optional_revisions_enabled" file="/app/tests/Unit/Http/Requests/Organization/UpdateRequestTest.php" line="29" class="Tests\Unit\Playground\Crm\Api\Http\Requests\Organization\UpdateRequestTest" classname="Tests.Unit.Playground.Crm.Api.Http.Requests.Organization.UpdateRequestTest" assertions="4" time="0.030221"/>
      </testsuite>
      <testsuite name="Tests\Unit\Playground\Crm\Api\Http\Requests\People\CreateRequestTest" file="/app/tests/Unit/Http/Requests/People/CreateRequestTest.php" tests="1" assertions="1" errors="0" failures="0" skipped="0" time="0.046668">
        <testcase name="test_request_instance" file="/app/vendor/gammamatrix/playground-test/src/Unit/Http/Requests/RequestCase.php" line="41" class="Tests\Unit\Playground\Crm\Api\Http\Requests\People\CreateRequestTest" classname="Tests.Unit.Playground.Crm.Api.Http.Requests.People.CreateRequestTest" assertions="1" time="0.046668"/>
      </testsuite>
      <testsuite name="Tests\Unit\Playground\Crm\Api\Http\Requests\People\DestroyRequestTest" file="/app/tests/Unit/Http/Requests/People/DestroyRequestTest.php" tests="1" assertions="1" errors="0" failures="0" skipped="0" time="0.034048">
        <testcase name="test_request_instance" file="/app/vendor/gammamatrix/playground-test/src/Unit/Http/Requests/RequestCase.php" line="41" class="Tests\Unit\Playground\Crm\Api\Http\Requests\People\DestroyRequestTest" classname="Tests.Unit.Playground.Crm.Api.Http.Requests.People.DestroyRequestTest" assertions="1" time="0.034048"/>
      </testsuite>
      <testsuite name="Tests\Unit\Playground\Crm\Api\Http\Requests\People\EditRequestTest" file="/app/tests/Unit/Http/Requests/People/EditRequestTest.php" tests="1" assertions="1" errors="0" failures="0" skipped="0" time="0.047800">
        <testcase name="test_request_instance" file="/app/vendor/gammamatrix/playground-test/src/Unit/Http/Requests/RequestCase.php" line="41" class="Tests\Unit\Playground\Crm\Api\Http\Requests\People\EditRequestTest" classname="Tests.Unit.Playground.Crm.Api.Http.Requests.People.EditRequestTest" assertions="1" time="0.047800"/>
      </testsuite>
      <testsuite name="Tests\Unit\Playground\Crm\Api\Http\Requests\People\IndexRequestTest" file="/app/tests/Unit/Http/Requests/People/IndexRequestTest.php" tests="1" assertions="1" errors="0" failures="0" skipped="0" time="0.091740">
        <testcase name="test_request_instance" file="/app/vendor/gammamatrix/playground-test/src/Unit/Http/Requests/RequestCase.php" line="41" class="Tests\Unit\Playground\Crm\Api\Http\Requests\People\IndexRequestTest" classname="Tests.Unit.Playground.Crm.Api.Http.Requests.People.IndexRequestTest" assertions="1" time="0.091740"/>
      </testsuite>
      <testsuite name="Tests\Unit\Playground\Crm\Api\Http\Requests\People\LockRequestTest" file="/app/tests/Unit/Http/Requests/People/LockRequestTest.php" tests="1" assertions="1" errors="0" failures="0" skipped="0" time="0.034142">
        <testcase name="test_request_instance" file="/app/vendor/gammamatrix/playground-test/src/Unit/Http/Requests/RequestCase.php" line="41" class="Tests\Unit\Playground\Crm\Api\Http\Requests\People\LockRequestTest" classname="Tests.Unit.Playground.Crm.Api.Http.Requests.People.LockRequestTest" assertions="1" time="0.034142"/>
      </testsuite>
      <testsuite name="Tests\Unit\Playground\Crm\Api\Http\Requests\People\RestoreRequestTest" file="/app/tests/Unit/Http/Requests/People/RestoreRequestTest.php" tests="1" assertions="1" errors="0" failures="0" skipped="0" time="0.034278">
        <testcase name="test_request_instance" file="/app/vendor/gammamatrix/playground-test/src/Unit/Http/Requests/RequestCase.php" line="41" class="Tests\Unit\Playground\Crm\Api\Http\Requests\People\RestoreRequestTest" classname="Tests.Unit.Playground.Crm.Api.Http.Requests.People.RestoreRequestTest" assertions="1" time="0.034278"/>
      </testsuite>
      <testsuite name="Tests\Unit\Playground\Crm\Api\Http\Requests\People\ShowRequestTest" file="/app/tests/Unit/Http/Requests/People/ShowRequestTest.php" tests="1" assertions="1" errors="0" failures="0" skipped="0" time="0.033532">
        <testcase name="test_request_instance" file="/app/vendor/gammamatrix/playground-test/src/Unit/Http/Requests/RequestCase.php" line="41" class="Tests\Unit\Playground\Crm\Api\Http\Requests\People\ShowRequestTest" classname="Tests.Unit.Playground.Crm.Api.Http.Requests.People.ShowRequestTest" assertions="1" time="0.033532"/>
      </testsuite>
      <testsuite name="Tests\Unit\Playground\Crm\Api\Http\Requests\People\StoreRequestTest" file="/app/tests/Unit/Http/Requests/People/StoreRequestTest.php" tests="3" assertions="8" errors="0" failures="0" skipped="0" time="0.117600">
        <testcase name="test_request_instance" file="/app/vendor/gammamatrix/playground-test/src/Unit/Http/Requests/RequestCase.php" line="41" class="Tests\Unit\Playground\Crm\Api\Http\Requests\People\StoreRequestTest" classname="Tests.Unit.Playground.Crm.Api.Http.Requests.People.StoreRequestTest" assertions="1" time="0.055445"/>
        <testcase name="test_StoreRequest_rules_with_optional_revisions_disabled" file="/app/tests/Unit/Http/Requests/People/StoreRequestTest.php" line="19" class="Tests\Unit\Playground\Crm\Api\Http\Requests\People\StoreRequestTest" classname="Tests.Unit.Playground.Crm.Api.Http.Requests.People.StoreRequestTest" assertions="3" time="0.030976"/>
        <testcase name="test_StoreRequest_rules_with_optional_revisions_enabled" file="/app/tests/Unit/Http/Requests/People/StoreRequestTest.php" line="29" class="Tests\Unit\Playground\Crm\Api\Http\Requests\People\StoreRequestTest" classname="Tests.Unit.Playground.Crm.Api.Http.Requests.People.StoreRequestTest" assertions="4" time="0.031179"/>
      </testsuite>
      <testsuite name="Tests\Unit\Playground\Crm\Api\Http\Requests\People\UnlockRequestTest" file="/app/tests/Unit/Http/Requests/People/UnlockRequestTest.php" tests="1" assertions="1" errors="0" failures="0" skipped="0" time="0.032298">
        <testcase name="test_request_instance" file="/app/vendor/gammamatrix/playground-test/src/Unit/Http/Requests/RequestCase.php" line="41" class="Tests\Unit\Playground\Crm\Api\Http\Requests\People\UnlockRequestTest" classname="Tests.Unit.Playground.Crm.Api.Http.Requests.People.UnlockRequestTest" assertions="1" time="0.032298"/>
      </testsuite>
      <testsuite name="Tests\Unit\Playground\Crm\Api\Http\Requests\People\UpdateRequestTest" file="/app/tests/Unit/Http/Requests/People/UpdateRequestTest.php" tests="3" assertions="8" errors="0" failures="0" skipped="0" time="0.114362">
        <testcase name="test_request_instance" file="/app/vendor/gammamatrix/playground-test/src/Unit/Http/Requests/RequestCase.php" line="41" class="Tests\Unit\Playground\Crm\Api\Http\Requests\People\UpdateRequestTest" classname="Tests.Unit.Playground.Crm.Api.Http.Requests.People.UpdateRequestTest" assertions="1" time="0.051517"/>
        <testcase name="test_UpdateRequest_rules_with_optional_revisions_disabled" file="/app/tests/Unit/Http/Requests/People/UpdateRequestTest.php" line="19" class="Tests\Unit\Playground\Crm\Api\Http\Requests\People\UpdateRequestTest" classname="Tests.Unit.Playground.Crm.Api.Http.Requests.People.UpdateRequestTest" assertions="3" time="0.031778"/>
        <testcase name="test_UpdateRequest_rules_with_optional_revisions_enabled" file="/app/tests/Unit/Http/Requests/People/UpdateRequestTest.php" line="29" class="Tests\Unit\Playground\Crm\Api\Http\Requests\People\UpdateRequestTest" classname="Tests.Unit.Playground.Crm.Api.Http.Requests.People.UpdateRequestTest" assertions="4" time="0.031067"/>
      </testsuite>
      <testsuite name="Tests\Unit\Playground\Crm\Api\Policies\ClientPolicy\PolicyTest" file="/app/tests/Unit/Policies/ClientPolicy/PolicyTest.php" tests="1" assertions="1" errors="0" failures="0" skipped="0" time="0.030771">
        <testcase name="test_policy_instance" file="/app/tests/Unit/Policies/ClientPolicy/PolicyTest.php" line="19" class="Tests\Unit\Playground\Crm\Api\Policies\ClientPolicy\PolicyTest" classname="Tests.Unit.Playground.Crm.Api.Policies.ClientPolicy.PolicyTest" assertions="1" time="0.030771"/>
      </testsuite>
      <testsuite name="Tests\Unit\Playground\Crm\Api\Policies\ContactPolicy\PolicyTest" file="/app/tests/Unit/Policies/ContactPolicy/PolicyTest.php" tests="1" assertions="1" errors="0" failures="0" skipped="0" time="0.030649">
        <testcase name="test_policy_instance" file="/app/tests/Unit/Policies/ContactPolicy/PolicyTest.php" line="19" class="Tests\Unit\Playground\Crm\Api\Policies\ContactPolicy\PolicyTest" classname="Tests.Unit.Playground.Crm.Api.Policies.ContactPolicy.PolicyTest" assertions="1" time="0.030649"/>
      </testsuite>
      <testsuite name="Tests\Unit\Playground\Crm\Api\Policies\LocationPolicy\PolicyTest" file="/app/tests/Unit/Policies/LocationPolicy/PolicyTest.php" tests="1" assertions="1" errors="0" failures="0" skipped="0" time="0.030456">
        <testcase name="test_policy_instance" file="/app/tests/Unit/Policies/LocationPolicy/PolicyTest.php" line="19" class="Tests\Unit\Playground\Crm\Api\Policies\LocationPolicy\PolicyTest" classname="Tests.Unit.Playground.Crm.Api.Policies.LocationPolicy.PolicyTest" assertions="1" time="0.030456"/>
      </testsuite>
      <testsuite name="Tests\Unit\Playground\Crm\Api\Policies\OrganizationPolicy\PolicyTest" file="/app/tests/Unit/Policies/OrganizationPolicy/PolicyTest.php" tests="1" assertions="1" errors="0" failures="0" skipped="0" time="0.031421">
        <testcase name="test_policy_instance" file="/app/tests/Unit/Policies/OrganizationPolicy/PolicyTest.php" line="19" class="Tests\Unit\Playground\Crm\Api\Policies\OrganizationPolicy\PolicyTest" classname="Tests.Unit.Playground.Crm.Api.Policies.OrganizationPolicy.PolicyTest" assertions="1" time="0.031421"/>
      </testsuite>
      <testsuite name="Tests\Unit\Playground\Crm\Api\Policies\PeoplePolicy\PolicyTest" file="/app/tests/Unit/Policies/PeoplePolicy/PolicyTest.php" tests="1" assertions="1" errors="0" failures="0" skipped="0" time="0.030475">
        <testcase name="test_policy_instance" file="/app/tests/Unit/Policies/PeoplePolicy/PolicyTest.php" line="19" class="Tests\Unit\Playground\Crm\Api\Policies\PeoplePolicy\PolicyTest" classname="Tests.Unit.Playground.Crm.Api.Policies.PeoplePolicy.PolicyTest" assertions="1" time="0.030475"/>
      </testsuite>
      <testsuite name="Tests\Unit\Playground\Crm\Api\ServiceProvider\InstanceTest" file="/app/tests/Unit/ServiceProvider/InstanceTest.php" tests="4" assertions="8" errors="0" failures="0" skipped="0" time="0.127014">
        <testcase name="test_version_matches" file="/app/tests/Unit/ServiceProvider/InstanceTest.php" line="20" class="Tests\Unit\Playground\Crm\Api\ServiceProvider\InstanceTest" classname="Tests.Unit.Playground.Crm.Api.ServiceProvider.InstanceTest" assertions="3" time="0.030869"/>
        <testcase name="test_setPolicies_with_empty_array" file="/app/tests/Unit/ServiceProvider/InstanceTest.php" line="29" class="Tests\Unit\Playground\Crm\Api\ServiceProvider\InstanceTest" classname="Tests.Unit.Playground.Crm.Api.ServiceProvider.InstanceTest" assertions="1" time="0.030728"/>
        <testcase name="test_setPolicies_with_invalid_model" file="/app/tests/Unit/ServiceProvider/InstanceTest.php" line="43" class="Tests\Unit\Playground\Crm\Api\ServiceProvider\InstanceTest" classname="Tests.Unit.Playground.Crm.Api.ServiceProvider.InstanceTest" assertions="2" time="0.034191"/>
        <testcase name="test_setPolicies_with_invalid_policy" file="/app/tests/Unit/ServiceProvider/InstanceTest.php" line="72" class="Tests\Unit\Playground\Crm\Api\ServiceProvider\InstanceTest" classname="Tests.Unit.Playground.Crm.Api.ServiceProvider.InstanceTest" assertions="2" time="0.031226"/>
      </testsuite>
    </testsuite>
    <testsuite name="Feature" tests="177" assertions="4748" errors="0" failures="0" skipped="0" time="36.569604">
      <testsuite name="Tests\Feature\Playground\Crm\Api\Console\Commands\About\CommandTest" file="/app/tests/Feature/Console/Commands/About/CommandTest.php" tests="1" assertions="2" errors="0" failures="0" skipped="0" time="0.378565">
        <testcase name="test_command_about_displays_package_information_and_succeed" file="/app/tests/Feature/Console/Commands/About/CommandTest.php" line="20" class="Tests\Feature\Playground\Crm\Api\Console\Commands\About\CommandTest" classname="Tests.Feature.Playground.Crm.Api.Console.Commands.About.CommandTest" assertions="2" time="0.378565"/>
      </testsuite>
      <testsuite name="Tests\Feature\Playground\Crm\Api\Http\Controllers\Playground\ClientRouteTest" file="/app/tests/Feature/Http/Controllers/Playground/ClientRouteTest.php" tests="35" assertions="949" errors="0" failures="0" skipped="0" time="7.197400">
        <testcase name="test_json_guest_cannot_get_create_info" file="/app/vendor/gammamatrix/playground-test/src/Feature/Http/Controllers/Resource/Playground/CreateJsonTrait.php" line="38" class="Tests\Feature\Playground\Crm\Api\Http\Controllers\Playground\ClientRouteTest" classname="Tests.Feature.Playground.Crm.Api.Http.Controllers.Playground.ClientRouteTest" assertions="1" time="0.226982"/>
        <testcase name="test_json_admin_can_get_create_info" file="/app/vendor/gammamatrix/playground-test/src/Feature/Http/Controllers/Resource/Playground/CreateJsonTrait.php" line="53" class="Tests\Feature\Playground\Crm\Api\Http\Controllers\Playground\ClientRouteTest" classname="Tests.Feature.Playground.Crm.Api.Http.Controllers.Playground.ClientRouteTest" assertions="94" time="0.224203"/>
        <testcase name="test_json_get_create_info_as_admin_with_invalid_parameter_and_fail_validation" file="/app/vendor/gammamatrix/playground-test/src/Feature/Http/Controllers/Resource/Playground/CreateJsonTrait.php" line="73" class="Tests\Feature\Playground\Crm\Api\Http\Controllers\Playground\ClientRouteTest" classname="Tests.Feature.Playground.Crm.Api.Http.Controllers.Playground.ClientRouteTest" assertions="4" time="0.200220"/>
        <testcase name="test_json_guest_cannot_destroy" file="/app/vendor/gammamatrix/playground-test/src/Feature/Http/Controllers/Resource/Playground/DestroyJsonTrait.php" line="31" class="Tests\Feature\Playground\Crm\Api\Http\Controllers\Playground\ClientRouteTest" classname="Tests.Feature.Playground.Crm.Api.Http.Controllers.Playground.ClientRouteTest" assertions="3" time="0.180623"/>
        <testcase name="test_json_destroy_as_admin_and_succeed" file="/app/vendor/gammamatrix/playground-test/src/Feature/Http/Controllers/Resource/Playground/DestroyJsonTrait.php" line="61" class="Tests\Feature\Playground\Crm\Api\Http\Controllers\Playground\ClientRouteTest" classname="Tests.Feature.Playground.Crm.Api.Http.Controllers.Playground.ClientRouteTest" assertions="5" time="0.199052"/>
        <testcase name="test_json_destroy_as_admin_and_succeed_with_force_delete" file="/app/vendor/gammamatrix/playground-test/src/Feature/Http/Controllers/Resource/Playground/DestroyJsonTrait.php" line="100" class="Tests\Feature\Playground\Crm\Api\Http\Controllers\Playground\ClientRouteTest" classname="Tests.Feature.Playground.Crm.Api.Http.Controllers.Playground.ClientRouteTest" assertions="4" time="0.193210"/>
        <testcase name="test_json_destroy_as_admin_and_succeed_with_no_content" file="/app/vendor/gammamatrix/playground-test/src/Feature/Http/Controllers/Resource/Playground/DestroyJsonTrait.php" line="132" class="Tests\Feature\Playground\Crm\Api\Http\Controllers\Playground\ClientRouteTest" classname="Tests.Feature.Playground.Crm.Api.Http.Controllers.Playground.ClientRouteTest" assertions="5" time="0.197081"/>
        <testcase name="test_json_destroy_as_admin_and_succeed_and_ignore_redirect" file="/app/vendor/gammamatrix/playground-test/src/Feature/Http/Controllers/Resource/Playground/DestroyJsonTrait.php" line="167" class="Tests\Feature\Playground\Crm\Api\Http\Controllers\Playground\ClientRouteTest" classname="Tests.Feature.Playground.Crm.Api.Http.Controllers.Playground.ClientRouteTest" assertions="5" time="0.196860"/>
        <testcase name="test_json_destroy_as_user_and_get_denied_and_no_force_delete_allowed" file="/app/vendor/gammamatrix/playground-test/src/Feature/Http/Controllers/Resource/Playground/DestroyJsonTrait.php" line="209" class="Tests\Feature\Playground\Crm\Api\Http\Controllers\Playground\ClientRouteTest" classname="Tests.Feature.Playground.Crm.Api.Http.Controllers.Playground.ClientRouteTest" assertions="3" time="0.191491"/>
        <testcase name="test_json_guest_cannot_get_edit_info" file="/app/vendor/gammamatrix/playground-test/src/Feature/Http/Controllers/Resource/Playground/EditJsonTrait.php" line="38" class="Tests\Feature\Playground\Crm\Api\Http\Controllers\Playground\ClientRouteTest" classname="Tests.Feature.Playground.Crm.Api.Http.Controllers.Playground.ClientRouteTest" assertions="1" time="0.179229"/>
        <testcase name="test_json_admin_can_get_edit_info" file="/app/vendor/gammamatrix/playground-test/src/Feature/Http/Controllers/Resource/Playground/EditJsonTrait.php" line="58" class="Tests\Feature\Playground\Crm\Api\Http\Controllers\Playground\ClientRouteTest" classname="Tests.Feature.Playground.Crm.Api.Http.Controllers.Playground.ClientRouteTest" assertions="4" time="0.220899"/>
        <testcase name="test_json_edit_as_admin_and_fail_validation_with_invalid_parameter" file="/app/vendor/gammamatrix/playground-test/src/Feature/Http/Controllers/Resource/Playground/EditJsonTrait.php" line="87" class="Tests\Feature\Playground\Crm\Api\Http\Controllers\Playground\ClientRouteTest" classname="Tests.Feature.Playground.Crm.Api.Http.Controllers.Playground.ClientRouteTest" assertions="4" time="0.209051"/>
        <testcase name="test_json_guest_cannot_get_index" file="/app/vendor/gammamatrix/playground-test/src/Feature/Http/Controllers/Resource/Playground/IndexJsonTrait.php" line="34" class="Tests\Feature\Playground\Crm\Api\Http\Controllers\Playground\ClientRouteTest" classname="Tests.Feature.Playground.Crm.Api.Http.Controllers.Playground.ClientRouteTest" assertions="1" time="0.181233"/>
        <testcase name="test_json_admin_can_get_index" file="/app/vendor/gammamatrix/playground-test/src/Feature/Http/Controllers/Resource/Playground/IndexJsonTrait.php" line="49" class="Tests\Feature\Playground\Crm\Api\Http\Controllers\Playground\ClientRouteTest" classname="Tests.Feature.Playground.Crm.Api.Http.Controllers.Playground.ClientRouteTest" assertions="101" time="0.214827"/>
        <testcase name="test_json_admin_can_get_index_with_filters" file="/app/vendor/gammamatrix/playground-test/src/Feature/Http/Controllers/Resource/Playground/IndexJsonTrait.php" line="85" class="Tests\Feature\Playground\Crm\Api\Http\Controllers\Playground\ClientRouteTest" classname="Tests.Feature.Playground.Crm.Api.Http.Controllers.Playground.ClientRouteTest" assertions="3" time="0.209924"/>
        <testcase name="test_json_guest_cannot_lock" file="/app/vendor/gammamatrix/playground-test/src/Feature/Http/Controllers/Resource/Playground/LockJsonTrait.php" line="36" class="Tests\Feature\Playground\Crm\Api\Http\Controllers\Playground\ClientRouteTest" classname="Tests.Feature.Playground.Crm.Api.Http.Controllers.Playground.ClientRouteTest" assertions="3" time="0.187495"/>
        <testcase name="test_json_lock_as_admin_and_succeed" file="/app/vendor/gammamatrix/playground-test/src/Feature/Http/Controllers/Resource/Playground/LockJsonTrait.php" line="66" class="Tests\Feature\Playground\Crm\Api\Http\Controllers\Playground\ClientRouteTest" classname="Tests.Feature.Playground.Crm.Api.Http.Controllers.Playground.ClientRouteTest" assertions="3" time="0.209229"/>
        <testcase name="test_json_lock_as_admin_and_succeed_with_no_redirect" file="/app/vendor/gammamatrix/playground-test/src/Feature/Http/Controllers/Resource/Playground/LockJsonTrait.php" line="98" class="Tests\Feature\Playground\Crm\Api\Http\Controllers\Playground\ClientRouteTest" classname="Tests.Feature.Playground.Crm.Api.Http.Controllers.Playground.ClientRouteTest" assertions="96" time="0.209539"/>
        <testcase name="test_json_lock_as_user_and_get_denied" file="/app/vendor/gammamatrix/playground-test/src/Feature/Http/Controllers/Resource/Playground/LockJsonTrait.php" line="143" class="Tests\Feature\Playground\Crm\Api\Http\Controllers\Playground\ClientRouteTest" classname="Tests.Feature.Playground.Crm.Api.Http.Controllers.Playground.ClientRouteTest" assertions="3" time="0.195428"/>
        <testcase name="test_json_guest_cannot_restore" file="/app/vendor/gammamatrix/playground-test/src/Feature/Http/Controllers/Resource/Playground/RestoreJsonTrait.php" line="32" class="Tests\Feature\Playground\Crm\Api\Http\Controllers\Playground\ClientRouteTest" classname="Tests.Feature.Playground.Crm.Api.Http.Controllers.Playground.ClientRouteTest" assertions="3" time="0.200693"/>
        <testcase name="test_json_restore_as_admin_and_succeed" file="/app/vendor/gammamatrix/playground-test/src/Feature/Http/Controllers/Resource/Playground/RestoreJsonTrait.php" line="64" class="Tests\Feature\Playground\Crm\Api\Http\Controllers\Playground\ClientRouteTest" classname="Tests.Feature.Playground.Crm.Api.Http.Controllers.Playground.ClientRouteTest" assertions="96" time="0.208212"/>
        <testcase name="test_json_restore_as_admin_and_succeed_with_no_redirect" file="/app/vendor/gammamatrix/playground-test/src/Feature/Http/Controllers/Resource/Playground/RestoreJsonTrait.php" line="100" class="Tests\Feature\Playground\Crm\Api\Http\Controllers\Playground\ClientRouteTest" classname="Tests.Feature.Playground.Crm.Api.Http.Controllers.Playground.ClientRouteTest" assertions="96" time="0.209806"/>
        <testcase name="test_json_restore_as_user_and_get_denied" file="/app/vendor/gammamatrix/playground-test/src/Feature/Http/Controllers/Resource/Playground/RestoreJsonTrait.php" line="143" class="Tests\Feature\Playground\Crm\Api\Http\Controllers\Playground\ClientRouteTest" classname="Tests.Feature.Playground.Crm.Api.Http.Controllers.Playground.ClientRouteTest" assertions="3" time="0.201862"/>
        <testcase name="test_json_guest_cannot_see_info" file="/app/vendor/gammamatrix/playground-test/src/Feature/Http/Controllers/Resource/Playground/ShowJsonTrait.php" line="29" class="Tests\Feature\Playground\Crm\Api\Http\Controllers\Playground\ClientRouteTest" classname="Tests.Feature.Playground.Crm.Api.Http.Controllers.Playground.ClientRouteTest" assertions="1" time="0.191642"/>
        <testcase name="test_json_show_info_for_admin" file="/app/vendor/gammamatrix/playground-test/src/Feature/Http/Controllers/Resource/Playground/ShowJsonTrait.php" line="49" class="Tests\Feature\Playground\Crm\Api\Http\Controllers\Playground\ClientRouteTest" classname="Tests.Feature.Playground.Crm.Api.Http.Controllers.Playground.ClientRouteTest" assertions="95" time="0.221879"/>
        <testcase name="test_json_guest_cannot_store" file="/app/vendor/gammamatrix/playground-test/src/Feature/Http/Controllers/Resource/Playground/StoreJsonTrait.php" line="43" class="Tests\Feature\Playground\Crm\Api\Http\Controllers\Playground\ClientRouteTest" classname="Tests.Feature.Playground.Crm.Api.Http.Controllers.Playground.ClientRouteTest" assertions="3" time="0.192473"/>
        <testcase name="test_json_store_as_admin_without_payload_and_fail_validation" file="/app/vendor/gammamatrix/playground-test/src/Feature/Http/Controllers/Resource/Playground/StoreJsonTrait.php" line="66" class="Tests\Feature\Playground\Crm\Api\Http\Controllers\Playground\ClientRouteTest" classname="Tests.Feature.Playground.Crm.Api.Http.Controllers.Playground.ClientRouteTest" assertions="5" time="0.203443"/>
        <testcase name="test_json_store_as_admin_and_succeed" file="/app/vendor/gammamatrix/playground-test/src/Feature/Http/Controllers/Resource/Playground/StoreJsonTrait.php" line="92" class="Tests\Feature\Playground\Crm\Api\Http\Controllers\Playground\ClientRouteTest" classname="Tests.Feature.Playground.Crm.Api.Http.Controllers.Playground.ClientRouteTest" assertions="3" time="0.255420"/>
        <testcase name="test_json_guest_cannot_unlock" file="/app/vendor/gammamatrix/playground-test/src/Feature/Http/Controllers/Resource/Playground/UnlockJsonTrait.php" line="36" class="Tests\Feature\Playground\Crm\Api\Http\Controllers\Playground\ClientRouteTest" classname="Tests.Feature.Playground.Crm.Api.Http.Controllers.Playground.ClientRouteTest" assertions="3" time="0.198569"/>
        <testcase name="test_json_unlock_as_admin_and_succeed" file="/app/vendor/gammamatrix/playground-test/src/Feature/Http/Controllers/Resource/Playground/UnlockJsonTrait.php" line="68" class="Tests\Feature\Playground\Crm\Api\Http\Controllers\Playground\ClientRouteTest" classname="Tests.Feature.Playground.Crm.Api.Http.Controllers.Playground.ClientRouteTest" assertions="96" time="0.208856"/>
        <testcase name="test_json_unlock_as_admin_and_succeed_with_no_redirect" file="/app/vendor/gammamatrix/playground-test/src/Feature/Http/Controllers/Resource/Playground/UnlockJsonTrait.php" line="104" class="Tests\Feature\Playground\Crm\Api\Http\Controllers\Playground\ClientRouteTest" classname="Tests.Feature.Playground.Crm.Api.Http.Controllers.Playground.ClientRouteTest" assertions="96" time="0.216646"/>
        <testcase name="test_json_unlock_as_user_and_get_denied" file="/app/vendor/gammamatrix/playground-test/src/Feature/Http/Controllers/Resource/Playground/UnlockJsonTrait.php" line="145" class="Tests\Feature\Playground\Crm\Api\Http\Controllers\Playground\ClientRouteTest" classname="Tests.Feature.Playground.Crm.Api.Http.Controllers.Playground.ClientRouteTest" assertions="3" time="0.203692"/>
        <testcase name="test_json_guest_cannot_update" file="/app/vendor/gammamatrix/playground-test/src/Feature/Http/Controllers/Resource/Playground/UpdateJsonTrait.php" line="45" class="Tests\Feature\Playground\Crm\Api\Http\Controllers\Playground\ClientRouteTest" classname="Tests.Feature.Playground.Crm.Api.Http.Controllers.Playground.ClientRouteTest" assertions="1" time="0.195768"/>
        <testcase name="test_json_update_as_admin_without_payload_and_fail_validation" file="/app/vendor/gammamatrix/playground-test/src/Feature/Http/Controllers/Resource/Playground/UpdateJsonTrait.php" line="65" class="Tests\Feature\Playground\Crm\Api\Http\Controllers\Playground\ClientRouteTest" classname="Tests.Feature.Playground.Crm.Api.Http.Controllers.Playground.ClientRouteTest" assertions="4" time="0.206295"/>
        <testcase name="test_json_admin_can_update" file="/app/vendor/gammamatrix/playground-test/src/Feature/Http/Controllers/Resource/Playground/UpdateJsonTrait.php" line="90" class="Tests\Feature\Playground\Crm\Api\Http\Controllers\Playground\ClientRouteTest" classname="Tests.Feature.Playground.Crm.Api.Http.Controllers.Playground.ClientRouteTest" assertions="98" time="0.255566"/>
      </testsuite>
      <testsuite name="Tests\Feature\Playground\Crm\Api\Http\Controllers\Playground\ContactRouteTest" file="/app/tests/Feature/Http/Controllers/Playground/ContactRouteTest.php" tests="35" assertions="949" errors="0" failures="0" skipped="0" time="7.193197">
        <testcase name="test_json_guest_cannot_get_create_info" file="/app/vendor/gammamatrix/playground-test/src/Feature/Http/Controllers/Resource/Playground/CreateJsonTrait.php" line="38" class="Tests\Feature\Playground\Crm\Api\Http\Controllers\Playground\ContactRouteTest" classname="Tests.Feature.Playground.Crm.Api.Http.Controllers.Playground.ContactRouteTest" assertions="1" time="0.210509"/>
        <testcase name="test_json_admin_can_get_create_info" file="/app/vendor/gammamatrix/playground-test/src/Feature/Http/Controllers/Resource/Playground/CreateJsonTrait.php" line="53" class="Tests\Feature\Playground\Crm\Api\Http\Controllers\Playground\ContactRouteTest" classname="Tests.Feature.Playground.Crm.Api.Http.Controllers.Playground.ContactRouteTest" assertions="94" time="0.200660"/>
        <testcase name="test_json_get_create_info_as_admin_with_invalid_parameter_and_fail_validation" file="/app/vendor/gammamatrix/playground-test/src/Feature/Http/Controllers/Resource/Playground/CreateJsonTrait.php" line="73" class="Tests\Feature\Playground\Crm\Api\Http\Controllers\Playground\ContactRouteTest" classname="Tests.Feature.Playground.Crm.Api.Http.Controllers.Playground.ContactRouteTest" assertions="4" time="0.195305"/>
        <testcase name="test_json_guest_cannot_destroy" file="/app/vendor/gammamatrix/playground-test/src/Feature/Http/Controllers/Resource/Playground/DestroyJsonTrait.php" line="31" class="Tests\Feature\Playground\Crm\Api\Http\Controllers\Playground\ContactRouteTest" classname="Tests.Feature.Playground.Crm.Api.Http.Controllers.Playground.ContactRouteTest" assertions="3" time="0.187867"/>
        <testcase name="test_json_destroy_as_admin_and_succeed" file="/app/vendor/gammamatrix/playground-test/src/Feature/Http/Controllers/Resource/Playground/DestroyJsonTrait.php" line="61" class="Tests\Feature\Playground\Crm\Api\Http\Controllers\Playground\ContactRouteTest" classname="Tests.Feature.Playground.Crm.Api.Http.Controllers.Playground.ContactRouteTest" assertions="5" time="0.198496"/>
        <testcase name="test_json_destroy_as_admin_and_succeed_with_force_delete" file="/app/vendor/gammamatrix/playground-test/src/Feature/Http/Controllers/Resource/Playground/DestroyJsonTrait.php" line="100" class="Tests\Feature\Playground\Crm\Api\Http\Controllers\Playground\ContactRouteTest" classname="Tests.Feature.Playground.Crm.Api.Http.Controllers.Playground.ContactRouteTest" assertions="4" time="0.214831"/>
        <testcase name="test_json_destroy_as_admin_and_succeed_with_no_content" file="/app/vendor/gammamatrix/playground-test/src/Feature/Http/Controllers/Resource/Playground/DestroyJsonTrait.php" line="132" class="Tests\Feature\Playground\Crm\Api\Http\Controllers\Playground\ContactRouteTest" classname="Tests.Feature.Playground.Crm.Api.Http.Controllers.Playground.ContactRouteTest" assertions="5" time="0.197078"/>
        <testcase name="test_json_destroy_as_admin_and_succeed_and_ignore_redirect" file="/app/vendor/gammamatrix/playground-test/src/Feature/Http/Controllers/Resource/Playground/DestroyJsonTrait.php" line="167" class="Tests\Feature\Playground\Crm\Api\Http\Controllers\Playground\ContactRouteTest" classname="Tests.Feature.Playground.Crm.Api.Http.Controllers.Playground.ContactRouteTest" assertions="5" time="0.198459"/>
        <testcase name="test_json_destroy_as_user_and_get_denied_and_no_force_delete_allowed" file="/app/vendor/gammamatrix/playground-test/src/Feature/Http/Controllers/Resource/Playground/DestroyJsonTrait.php" line="209" class="Tests\Feature\Playground\Crm\Api\Http\Controllers\Playground\ContactRouteTest" classname="Tests.Feature.Playground.Crm.Api.Http.Controllers.Playground.ContactRouteTest" assertions="3" time="0.202736"/>
        <testcase name="test_json_guest_cannot_get_edit_info" file="/app/vendor/gammamatrix/playground-test/src/Feature/Http/Controllers/Resource/Playground/EditJsonTrait.php" line="38" class="Tests\Feature\Playground\Crm\Api\Http\Controllers\Playground\ContactRouteTest" classname="Tests.Feature.Playground.Crm.Api.Http.Controllers.Playground.ContactRouteTest" assertions="1" time="0.184185"/>
        <testcase name="test_json_admin_can_get_edit_info" file="/app/vendor/gammamatrix/playground-test/src/Feature/Http/Controllers/Resource/Playground/EditJsonTrait.php" line="58" class="Tests\Feature\Playground\Crm\Api\Http\Controllers\Playground\ContactRouteTest" classname="Tests.Feature.Playground.Crm.Api.Http.Controllers.Playground.ContactRouteTest" assertions="4" time="0.211442"/>
        <testcase name="test_json_edit_as_admin_and_fail_validation_with_invalid_parameter" file="/app/vendor/gammamatrix/playground-test/src/Feature/Http/Controllers/Resource/Playground/EditJsonTrait.php" line="87" class="Tests\Feature\Playground\Crm\Api\Http\Controllers\Playground\ContactRouteTest" classname="Tests.Feature.Playground.Crm.Api.Http.Controllers.Playground.ContactRouteTest" assertions="4" time="0.205636"/>
        <testcase name="test_json_guest_cannot_get_index" file="/app/vendor/gammamatrix/playground-test/src/Feature/Http/Controllers/Resource/Playground/IndexJsonTrait.php" line="34" class="Tests\Feature\Playground\Crm\Api\Http\Controllers\Playground\ContactRouteTest" classname="Tests.Feature.Playground.Crm.Api.Http.Controllers.Playground.ContactRouteTest" assertions="1" time="0.182101"/>
        <testcase name="test_json_admin_can_get_index" file="/app/vendor/gammamatrix/playground-test/src/Feature/Http/Controllers/Resource/Playground/IndexJsonTrait.php" line="49" class="Tests\Feature\Playground\Crm\Api\Http\Controllers\Playground\ContactRouteTest" classname="Tests.Feature.Playground.Crm.Api.Http.Controllers.Playground.ContactRouteTest" assertions="101" time="0.209088"/>
        <testcase name="test_json_admin_can_get_index_with_filters" file="/app/vendor/gammamatrix/playground-test/src/Feature/Http/Controllers/Resource/Playground/IndexJsonTrait.php" line="85" class="Tests\Feature\Playground\Crm\Api\Http\Controllers\Playground\ContactRouteTest" classname="Tests.Feature.Playground.Crm.Api.Http.Controllers.Playground.ContactRouteTest" assertions="3" time="0.211338"/>
        <testcase name="test_json_guest_cannot_lock" file="/app/vendor/gammamatrix/playground-test/src/Feature/Http/Controllers/Resource/Playground/LockJsonTrait.php" line="36" class="Tests\Feature\Playground\Crm\Api\Http\Controllers\Playground\ContactRouteTest" classname="Tests.Feature.Playground.Crm.Api.Http.Controllers.Playground.ContactRouteTest" assertions="3" time="0.191738"/>
        <testcase name="test_json_lock_as_admin_and_succeed" file="/app/vendor/gammamatrix/playground-test/src/Feature/Http/Controllers/Resource/Playground/LockJsonTrait.php" line="66" class="Tests\Feature\Playground\Crm\Api\Http\Controllers\Playground\ContactRouteTest" classname="Tests.Feature.Playground.Crm.Api.Http.Controllers.Playground.ContactRouteTest" assertions="3" time="0.214070"/>
        <testcase name="test_json_lock_as_admin_and_succeed_with_no_redirect" file="/app/vendor/gammamatrix/playground-test/src/Feature/Http/Controllers/Resource/Playground/LockJsonTrait.php" line="98" class="Tests\Feature\Playground\Crm\Api\Http\Controllers\Playground\ContactRouteTest" classname="Tests.Feature.Playground.Crm.Api.Http.Controllers.Playground.ContactRouteTest" assertions="96" time="0.210862"/>
        <testcase name="test_json_lock_as_user_and_get_denied" file="/app/vendor/gammamatrix/playground-test/src/Feature/Http/Controllers/Resource/Playground/LockJsonTrait.php" line="143" class="Tests\Feature\Playground\Crm\Api\Http\Controllers\Playground\ContactRouteTest" classname="Tests.Feature.Playground.Crm.Api.Http.Controllers.Playground.ContactRouteTest" assertions="3" time="0.208882"/>
        <testcase name="test_json_guest_cannot_restore" file="/app/vendor/gammamatrix/playground-test/src/Feature/Http/Controllers/Resource/Playground/RestoreJsonTrait.php" line="32" class="Tests\Feature\Playground\Crm\Api\Http\Controllers\Playground\ContactRouteTest" classname="Tests.Feature.Playground.Crm.Api.Http.Controllers.Playground.ContactRouteTest" assertions="3" time="0.190182"/>
        <testcase name="test_json_restore_as_admin_and_succeed" file="/app/vendor/gammamatrix/playground-test/src/Feature/Http/Controllers/Resource/Playground/RestoreJsonTrait.php" line="64" class="Tests\Feature\Playground\Crm\Api\Http\Controllers\Playground\ContactRouteTest" classname="Tests.Feature.Playground.Crm.Api.Http.Controllers.Playground.ContactRouteTest" assertions="96" time="0.215955"/>
        <testcase name="test_json_restore_as_admin_and_succeed_with_no_redirect" file="/app/vendor/gammamatrix/playground-test/src/Feature/Http/Controllers/Resource/Playground/RestoreJsonTrait.php" line="100" class="Tests\Feature\Playground\Crm\Api\Http\Controllers\Playground\ContactRouteTest" classname="Tests.Feature.Playground.Crm.Api.Http.Controllers.Playground.ContactRouteTest" assertions="96" time="0.212690"/>
        <testcase name="test_json_restore_as_user_and_get_denied" file="/app/vendor/gammamatrix/playground-test/src/Feature/Http/Controllers/Resource/Playground/RestoreJsonTrait.php" line="143" class="Tests\Feature\Playground\Crm\Api\Http\Controllers\Playground\ContactRouteTest" classname="Tests.Feature.Playground.Crm.Api.Http.Controllers.Playground.ContactRouteTest" assertions="3" time="0.202129"/>
        <testcase name="test_json_guest_cannot_see_info" file="/app/vendor/gammamatrix/playground-test/src/Feature/Http/Controllers/Resource/Playground/ShowJsonTrait.php" line="29" class="Tests\Feature\Playground\Crm\Api\Http\Controllers\Playground\ContactRouteTest" classname="Tests.Feature.Playground.Crm.Api.Http.Controllers.Playground.ContactRouteTest" assertions="1" time="0.189032"/>
        <testcase name="test_json_show_info_for_admin" file="/app/vendor/gammamatrix/playground-test/src/Feature/Http/Controllers/Resource/Playground/ShowJsonTrait.php" line="49" class="Tests\Feature\Playground\Crm\Api\Http\Controllers\Playground\ContactRouteTest" classname="Tests.Feature.Playground.Crm.Api.Http.Controllers.Playground.ContactRouteTest" assertions="95" time="0.210700"/>
        <testcase name="test_json_guest_cannot_store" file="/app/vendor/gammamatrix/playground-test/src/Feature/Http/Controllers/Resource/Playground/StoreJsonTrait.php" line="43" class="Tests\Feature\Playground\Crm\Api\Http\Controllers\Playground\ContactRouteTest" classname="Tests.Feature.Playground.Crm.Api.Http.Controllers.Playground.ContactRouteTest" assertions="3" time="0.195093"/>
        <testcase name="test_json_store_as_admin_without_payload_and_fail_validation" file="/app/vendor/gammamatrix/playground-test/src/Feature/Http/Controllers/Resource/Playground/StoreJsonTrait.php" line="66" class="Tests\Feature\Playground\Crm\Api\Http\Controllers\Playground\ContactRouteTest" classname="Tests.Feature.Playground.Crm.Api.Http.Controllers.Playground.ContactRouteTest" assertions="5" time="0.202862"/>
        <testcase name="test_json_store_as_admin_and_succeed" file="/app/vendor/gammamatrix/playground-test/src/Feature/Http/Controllers/Resource/Playground/StoreJsonTrait.php" line="92" class="Tests\Feature\Playground\Crm\Api\Http\Controllers\Playground\ContactRouteTest" classname="Tests.Feature.Playground.Crm.Api.Http.Controllers.Playground.ContactRouteTest" assertions="3" time="0.231410"/>
        <testcase name="test_json_guest_cannot_unlock" file="/app/vendor/gammamatrix/playground-test/src/Feature/Http/Controllers/Resource/Playground/UnlockJsonTrait.php" line="36" class="Tests\Feature\Playground\Crm\Api\Http\Controllers\Playground\ContactRouteTest" classname="Tests.Feature.Playground.Crm.Api.Http.Controllers.Playground.ContactRouteTest" assertions="3" time="0.192744"/>
        <testcase name="test_json_unlock_as_admin_and_succeed" file="/app/vendor/gammamatrix/playground-test/src/Feature/Http/Controllers/Resource/Playground/UnlockJsonTrait.php" line="68" class="Tests\Feature\Playground\Crm\Api\Http\Controllers\Playground\ContactRouteTest" classname="Tests.Feature.Playground.Crm.Api.Http.Controllers.Playground.ContactRouteTest" assertions="96" time="0.222628"/>
        <testcase name="test_json_unlock_as_admin_and_succeed_with_no_redirect" file="/app/vendor/gammamatrix/playground-test/src/Feature/Http/Controllers/Resource/Playground/UnlockJsonTrait.php" line="104" class="Tests\Feature\Playground\Crm\Api\Http\Controllers\Playground\ContactRouteTest" classname="Tests.Feature.Playground.Crm.Api.Http.Controllers.Playground.ContactRouteTest" assertions="96" time="0.213966"/>
        <testcase name="test_json_unlock_as_user_and_get_denied" file="/app/vendor/gammamatrix/playground-test/src/Feature/Http/Controllers/Resource/Playground/UnlockJsonTrait.php" line="145" class="Tests\Feature\Playground\Crm\Api\Http\Controllers\Playground\ContactRouteTest" classname="Tests.Feature.Playground.Crm.Api.Http.Controllers.Playground.ContactRouteTest" assertions="3" time="0.203810"/>
        <testcase name="test_json_guest_cannot_update" file="/app/vendor/gammamatrix/playground-test/src/Feature/Http/Controllers/Resource/Playground/UpdateJsonTrait.php" line="45" class="Tests\Feature\Playground\Crm\Api\Http\Controllers\Playground\ContactRouteTest" classname="Tests.Feature.Playground.Crm.Api.Http.Controllers.Playground.ContactRouteTest" assertions="1" time="0.193936"/>
        <testcase name="test_json_update_as_admin_without_payload_and_fail_validation" file="/app/vendor/gammamatrix/playground-test/src/Feature/Http/Controllers/Resource/Playground/UpdateJsonTrait.php" line="65" class="Tests\Feature\Playground\Crm\Api\Http\Controllers\Playground\ContactRouteTest" classname="Tests.Feature.Playground.Crm.Api.Http.Controllers.Playground.ContactRouteTest" assertions="4" time="0.210520"/>
        <testcase name="test_json_admin_can_update" file="/app/vendor/gammamatrix/playground-test/src/Feature/Http/Controllers/Resource/Playground/UpdateJsonTrait.php" line="90" class="Tests\Feature\Playground\Crm\Api\Http\Controllers\Playground\ContactRouteTest" classname="Tests.Feature.Playground.Crm.Api.Http.Controllers.Playground.ContactRouteTest" assertions="98" time="0.270258"/>
      </testsuite>
      <testsuite name="Tests\Feature\Playground\Crm\Api\Http\Controllers\Playground\LocationRouteTest" file="/app/tests/Feature/Http/Controllers/Playground/LocationRouteTest.php" tests="35" assertions="949" errors="0" failures="0" skipped="0" time="7.218399">
        <testcase name="test_json_guest_cannot_get_create_info" file="/app/vendor/gammamatrix/playground-test/src/Feature/Http/Controllers/Resource/Playground/CreateJsonTrait.php" line="38" class="Tests\Feature\Playground\Crm\Api\Http\Controllers\Playground\LocationRouteTest" classname="Tests.Feature.Playground.Crm.Api.Http.Controllers.Playground.LocationRouteTest" assertions="1" time="0.206482"/>
        <testcase name="test_json_admin_can_get_create_info" file="/app/vendor/gammamatrix/playground-test/src/Feature/Http/Controllers/Resource/Playground/CreateJsonTrait.php" line="53" class="Tests\Feature\Playground\Crm\Api\Http\Controllers\Playground\LocationRouteTest" classname="Tests.Feature.Playground.Crm.Api.Http.Controllers.Playground.LocationRouteTest" assertions="94" time="0.202020"/>
        <testcase name="test_json_get_create_info_as_admin_with_invalid_parameter_and_fail_validation" file="/app/vendor/gammamatrix/playground-test/src/Feature/Http/Controllers/Resource/Playground/CreateJsonTrait.php" line="73" class="Tests\Feature\Playground\Crm\Api\Http\Controllers\Playground\LocationRouteTest" classname="Tests.Feature.Playground.Crm.Api.Http.Controllers.Playground.LocationRouteTest" assertions="4" time="0.194694"/>
        <testcase name="test_json_guest_cannot_destroy" file="/app/vendor/gammamatrix/playground-test/src/Feature/Http/Controllers/Resource/Playground/DestroyJsonTrait.php" line="31" class="Tests\Feature\Playground\Crm\Api\Http\Controllers\Playground\LocationRouteTest" classname="Tests.Feature.Playground.Crm.Api.Http.Controllers.Playground.LocationRouteTest" assertions="3" time="0.190108"/>
        <testcase name="test_json_destroy_as_admin_and_succeed" file="/app/vendor/gammamatrix/playground-test/src/Feature/Http/Controllers/Resource/Playground/DestroyJsonTrait.php" line="61" class="Tests\Feature\Playground\Crm\Api\Http\Controllers\Playground\LocationRouteTest" classname="Tests.Feature.Playground.Crm.Api.Http.Controllers.Playground.LocationRouteTest" assertions="5" time="0.211619"/>
        <testcase name="test_json_destroy_as_admin_and_succeed_with_force_delete" file="/app/vendor/gammamatrix/playground-test/src/Feature/Http/Controllers/Resource/Playground/DestroyJsonTrait.php" line="100" class="Tests\Feature\Playground\Crm\Api\Http\Controllers\Playground\LocationRouteTest" classname="Tests.Feature.Playground.Crm.Api.Http.Controllers.Playground.LocationRouteTest" assertions="4" time="0.197417"/>
        <testcase name="test_json_destroy_as_admin_and_succeed_with_no_content" file="/app/vendor/gammamatrix/playground-test/src/Feature/Http/Controllers/Resource/Playground/DestroyJsonTrait.php" line="132" class="Tests\Feature\Playground\Crm\Api\Http\Controllers\Playground\LocationRouteTest" classname="Tests.Feature.Playground.Crm.Api.Http.Controllers.Playground.LocationRouteTest" assertions="5" time="0.199037"/>
        <testcase name="test_json_destroy_as_admin_and_succeed_and_ignore_redirect" file="/app/vendor/gammamatrix/playground-test/src/Feature/Http/Controllers/Resource/Playground/DestroyJsonTrait.php" line="167" class="Tests\Feature\Playground\Crm\Api\Http\Controllers\Playground\LocationRouteTest" classname="Tests.Feature.Playground.Crm.Api.Http.Controllers.Playground.LocationRouteTest" assertions="5" time="0.201517"/>
        <testcase name="test_json_destroy_as_user_and_get_denied_and_no_force_delete_allowed" file="/app/vendor/gammamatrix/playground-test/src/Feature/Http/Controllers/Resource/Playground/DestroyJsonTrait.php" line="209" class="Tests\Feature\Playground\Crm\Api\Http\Controllers\Playground\LocationRouteTest" classname="Tests.Feature.Playground.Crm.Api.Http.Controllers.Playground.LocationRouteTest" assertions="3" time="0.197062"/>
        <testcase name="test_json_guest_cannot_get_edit_info" file="/app/vendor/gammamatrix/playground-test/src/Feature/Http/Controllers/Resource/Playground/EditJsonTrait.php" line="38" class="Tests\Feature\Playground\Crm\Api\Http\Controllers\Playground\LocationRouteTest" classname="Tests.Feature.Playground.Crm.Api.Http.Controllers.Playground.LocationRouteTest" assertions="1" time="0.191246"/>
        <testcase name="test_json_admin_can_get_edit_info" file="/app/vendor/gammamatrix/playground-test/src/Feature/Http/Controllers/Resource/Playground/EditJsonTrait.php" line="58" class="Tests\Feature\Playground\Crm\Api\Http\Controllers\Playground\LocationRouteTest" classname="Tests.Feature.Playground.Crm.Api.Http.Controllers.Playground.LocationRouteTest" assertions="4" time="0.209123"/>
        <testcase name="test_json_edit_as_admin_and_fail_validation_with_invalid_parameter" file="/app/vendor/gammamatrix/playground-test/src/Feature/Http/Controllers/Resource/Playground/EditJsonTrait.php" line="87" class="Tests\Feature\Playground\Crm\Api\Http\Controllers\Playground\LocationRouteTest" classname="Tests.Feature.Playground.Crm.Api.Http.Controllers.Playground.LocationRouteTest" assertions="4" time="0.208820"/>
        <testcase name="test_json_guest_cannot_get_index" file="/app/vendor/gammamatrix/playground-test/src/Feature/Http/Controllers/Resource/Playground/IndexJsonTrait.php" line="34" class="Tests\Feature\Playground\Crm\Api\Http\Controllers\Playground\LocationRouteTest" classname="Tests.Feature.Playground.Crm.Api.Http.Controllers.Playground.LocationRouteTest" assertions="1" time="0.187255"/>
        <testcase name="test_json_admin_can_get_index" file="/app/vendor/gammamatrix/playground-test/src/Feature/Http/Controllers/Resource/Playground/IndexJsonTrait.php" line="49" class="Tests\Feature\Playground\Crm\Api\Http\Controllers\Playground\LocationRouteTest" classname="Tests.Feature.Playground.Crm.Api.Http.Controllers.Playground.LocationRouteTest" assertions="101" time="0.223510"/>
        <testcase name="test_json_admin_can_get_index_with_filters" file="/app/vendor/gammamatrix/playground-test/src/Feature/Http/Controllers/Resource/Playground/IndexJsonTrait.php" line="85" class="Tests\Feature\Playground\Crm\Api\Http\Controllers\Playground\LocationRouteTest" classname="Tests.Feature.Playground.Crm.Api.Http.Controllers.Playground.LocationRouteTest" assertions="3" time="0.222219"/>
        <testcase name="test_json_guest_cannot_lock" file="/app/vendor/gammamatrix/playground-test/src/Feature/Http/Controllers/Resource/Playground/LockJsonTrait.php" line="36" class="Tests\Feature\Playground\Crm\Api\Http\Controllers\Playground\LocationRouteTest" classname="Tests.Feature.Playground.Crm.Api.Http.Controllers.Playground.LocationRouteTest" assertions="3" time="0.191084"/>
        <testcase name="test_json_lock_as_admin_and_succeed" file="/app/vendor/gammamatrix/playground-test/src/Feature/Http/Controllers/Resource/Playground/LockJsonTrait.php" line="66" class="Tests\Feature\Playground\Crm\Api\Http\Controllers\Playground\LocationRouteTest" classname="Tests.Feature.Playground.Crm.Api.Http.Controllers.Playground.LocationRouteTest" assertions="3" time="0.215553"/>
[...]
        <testcase name="test_json_guest_cannot_see_info" file="/app/vendor/gammamatrix/playground-test/src/Feature/Http/Controllers/Resource/Playground/ShowJsonTrait.php" line="29" class="Tests\Feature\Playground\Crm\Api\Http\Controllers\Playground\OrganizationRouteTest" classname="Tests.Feature.Playground.Crm.Api.Http.Controllers.Playground.OrganizationRouteTest" assertions="1" time="0.197210"/>
        <testcase name="test_json_show_info_for_admin" file="/app/vendor/gammamatrix/playground-test/src/Feature/Http/Controllers/Resource/Playground/ShowJsonTrait.php" line="49" class="Tests\Feature\Playground\Crm\Api\Http\Controllers\Playground\OrganizationRouteTest" classname="Tests.Feature.Playground.Crm.Api.Http.Controllers.Playground.OrganizationRouteTest" assertions="95" time="0.204833"/>
        <testcase name="test_json_guest_cannot_store" file="/app/vendor/gammamatrix/playground-test/src/Feature/Http/Controllers/Resource/Playground/StoreJsonTrait.php" line="43" class="Tests\Feature\Playground\Crm\Api\Http\Controllers\Playground\OrganizationRouteTest" classname="Tests.Feature.Playground.Crm.Api.Http.Controllers.Playground.OrganizationRouteTest" assertions="3" time="0.192738"/>
        <testcase name="test_json_store_as_admin_without_payload_and_fail_validation" file="/app/vendor/gammamatrix/playground-test/src/Feature/Http/Controllers/Resource/Playground/StoreJsonTrait.php" line="66" class="Tests\Feature\Playground\Crm\Api\Http\Controllers\Playground\OrganizationRouteTest" classname="Tests.Feature.Playground.Crm.Api.Http.Controllers.Playground.OrganizationRouteTest" assertions="5" time="0.202036"/>
        <testcase name="test_json_store_as_admin_and_succeed" file="/app/vendor/gammamatrix/playground-test/src/Feature/Http/Controllers/Resource/Playground/StoreJsonTrait.php" line="92" class="Tests\Feature\Playground\Crm\Api\Http\Controllers\Playground\OrganizationRouteTest" classname="Tests.Feature.Playground.Crm.Api.Http.Controllers.Playground.OrganizationRouteTest" assertions="3" time="0.230862"/>
        <testcase name="test_json_guest_cannot_unlock" file="/app/vendor/gammamatrix/playground-test/src/Feature/Http/Controllers/Resource/Playground/UnlockJsonTrait.php" line="36" class="Tests\Feature\Playground\Crm\Api\Http\Controllers\Playground\OrganizationRouteTest" classname="Tests.Feature.Playground.Crm.Api.Http.Controllers.Playground.OrganizationRouteTest" assertions="3" time="0.200728"/>
        <testcase name="test_json_unlock_as_admin_and_succeed" file="/app/vendor/gammamatrix/playground-test/src/Feature/Http/Controllers/Resource/Playground/UnlockJsonTrait.php" line="68" class="Tests\Feature\Playground\Crm\Api\Http\Controllers\Playground\OrganizationRouteTest" classname="Tests.Feature.Playground.Crm.Api.Http.Controllers.Playground.OrganizationRouteTest" assertions="96" time="0.219942"/>
        <testcase name="test_json_unlock_as_admin_and_succeed_with_no_redirect" file="/app/vendor/gammamatrix/playground-test/src/Feature/Http/Controllers/Resource/Playground/UnlockJsonTrait.php" line="104" class="Tests\Feature\Playground\Crm\Api\Http\Controllers\Playground\OrganizationRouteTest" classname="Tests.Feature.Playground.Crm.Api.Http.Controllers.Playground.OrganizationRouteTest" assertions="96" time="0.213149"/>
        <testcase name="test_json_unlock_as_user_and_get_denied" file="/app/vendor/gammamatrix/playground-test/src/Feature/Http/Controllers/Resource/Playground/UnlockJsonTrait.php" line="145" class="Tests\Feature\Playground\Crm\Api\Http\Controllers\Playground\OrganizationRouteTest" classname="Tests.Feature.Playground.Crm.Api.Http.Controllers.Playground.OrganizationRouteTest" assertions="3" time="0.201095"/>
        <testcase name="test_json_guest_cannot_update" file="/app/vendor/gammamatrix/playground-test/src/Feature/Http/Controllers/Resource/Playground/UpdateJsonTrait.php" line="45" class="Tests\Feature\Playground\Crm\Api\Http\Controllers\Playground\OrganizationRouteTest" classname="Tests.Feature.Playground.Crm.Api.Http.Controllers.Playground.OrganizationRouteTest" assertions="1" time="0.194287"/>
        <testcase name="test_json_update_as_admin_without_payload_and_fail_validation" file="/app/vendor/gammamatrix/playground-test/src/Feature/Http/Controllers/Resource/Playground/UpdateJsonTrait.php" line="65" class="Tests\Feature\Playground\Crm\Api\Http\Controllers\Playground\OrganizationRouteTest" classname="Tests.Feature.Playground.Crm.Api.Http.Controllers.Playground.OrganizationRouteTest" assertions="4" time="0.225106"/>
        <testcase name="test_json_admin_can_update" file="/app/vendor/gammamatrix/playground-test/src/Feature/Http/Controllers/Resource/Playground/UpdateJsonTrait.php" line="90" class="Tests\Feature\Playground\Crm\Api\Http\Controllers\Playground\OrganizationRouteTest" classname="Tests.Feature.Playground.Crm.Api.Http.Controllers.Playground.OrganizationRouteTest" assertions="98" time="0.255692"/>
      </testsuite>
      <testsuite name="Tests\Feature\Playground\Crm\Api\Http\Controllers\Playground\PeopleRouteTest" file="/app/tests/Feature/Http/Controllers/Playground/PeopleRouteTest.php" tests="35" assertions="949" errors="0" failures="0" skipped="0" time="7.214088">
        <testcase name="test_json_guest_cannot_get_create_info" file="/app/vendor/gammamatrix/playground-test/src/Feature/Http/Controllers/Resource/Playground/CreateJsonTrait.php" line="38" class="Tests\Feature\Playground\Crm\Api\Http\Controllers\Playground\PeopleRouteTest" classname="Tests.Feature.Playground.Crm.Api.Http.Controllers.Playground.PeopleRouteTest" assertions="1" time="0.205216"/>
        <testcase name="test_json_admin_can_get_create_info" file="/app/vendor/gammamatrix/playground-test/src/Feature/Http/Controllers/Resource/Playground/CreateJsonTrait.php" line="53" class="Tests\Feature\Playground\Crm\Api\Http\Controllers\Playground\PeopleRouteTest" classname="Tests.Feature.Playground.Crm.Api.Http.Controllers.Playground.PeopleRouteTest" assertions="94" time="0.202419"/>
        <testcase name="test_json_get_create_info_as_admin_with_invalid_parameter_and_fail_validation" file="/app/vendor/gammamatrix/playground-test/src/Feature/Http/Controllers/Resource/Playground/CreateJsonTrait.php" line="73" class="Tests\Feature\Playground\Crm\Api\Http\Controllers\Playground\PeopleRouteTest" classname="Tests.Feature.Playground.Crm.Api.Http.Controllers.Playground.PeopleRouteTest" assertions="4" time="0.202375"/>
        <testcase name="test_json_guest_cannot_destroy" file="/app/vendor/gammamatrix/playground-test/src/Feature/Http/Controllers/Resource/Playground/DestroyJsonTrait.php" line="31" class="Tests\Feature\Playground\Crm\Api\Http\Controllers\Playground\PeopleRouteTest" classname="Tests.Feature.Playground.Crm.Api.Http.Controllers.Playground.PeopleRouteTest" assertions="3" time="0.192711"/>
        <testcase name="test_json_destroy_as_admin_and_succeed" file="/app/vendor/gammamatrix/playground-test/src/Feature/Http/Controllers/Resource/Playground/DestroyJsonTrait.php" line="61" class="Tests\Feature\Playground\Crm\Api\Http\Controllers\Playground\PeopleRouteTest" classname="Tests.Feature.Playground.Crm.Api.Http.Controllers.Playground.PeopleRouteTest" assertions="5" time="0.198736"/>
        <testcase name="test_json_destroy_as_admin_and_succeed_with_force_delete" file="/app/vendor/gammamatrix/playground-test/src/Feature/Http/Controllers/Resource/Playground/DestroyJsonTrait.php" line="100" class="Tests\Feature\Playground\Crm\Api\Http\Controllers\Playground\PeopleRouteTest" classname="Tests.Feature.Playground.Crm.Api.Http.Controllers.Playground.PeopleRouteTest" assertions="4" time="0.196640"/>
        <testcase name="test_json_destroy_as_admin_and_succeed_with_no_content" file="/app/vendor/gammamatrix/playground-test/src/Feature/Http/Controllers/Resource/Playground/DestroyJsonTrait.php" line="132" class="Tests\Feature\Playground\Crm\Api\Http\Controllers\Playground\PeopleRouteTest" classname="Tests.Feature.Playground.Crm.Api.Http.Controllers.Playground.PeopleRouteTest" assertions="5" time="0.200014"/>
        <testcase name="test_json_destroy_as_admin_and_succeed_and_ignore_redirect" file="/app/vendor/gammamatrix/playground-test/src/Feature/Http/Controllers/Resource/Playground/DestroyJsonTrait.php" line="167" class="Tests\Feature\Playground\Crm\Api\Http\Controllers\Playground\PeopleRouteTest" classname="Tests.Feature.Playground.Crm.Api.Http.Controllers.Playground.PeopleRouteTest" assertions="5" time="0.212095"/>
        <testcase name="test_json_destroy_as_user_and_get_denied_and_no_force_delete_allowed" file="/app/vendor/gammamatrix/playground-test/src/Feature/Http/Controllers/Resource/Playground/DestroyJsonTrait.php" line="209" class="Tests\Feature\Playground\Crm\Api\Http\Controllers\Playground\PeopleRouteTest" classname="Tests.Feature.Playground.Crm.Api.Http.Controllers.Playground.PeopleRouteTest" assertions="3" time="0.197624"/>
        <testcase name="test_json_guest_cannot_get_edit_info" file="/app/vendor/gammamatrix/playground-test/src/Feature/Http/Controllers/Resource/Playground/EditJsonTrait.php" line="38" class="Tests\Feature\Playground\Crm\Api\Http\Controllers\Playground\PeopleRouteTest" classname="Tests.Feature.Playground.Crm.Api.Http.Controllers.Playground.PeopleRouteTest" assertions="1" time="0.185848"/>
        <testcase name="test_json_admin_can_get_edit_info" file="/app/vendor/gammamatrix/playground-test/src/Feature/Http/Controllers/Resource/Playground/EditJsonTrait.php" line="58" class="Tests\Feature\Playground\Crm\Api\Http\Controllers\Playground\PeopleRouteTest" classname="Tests.Feature.Playground.Crm.Api.Http.Controllers.Playground.PeopleRouteTest" assertions="4" time="0.210325"/>
        <testcase name="test_json_edit_as_admin_and_fail_validation_with_invalid_parameter" file="/app/vendor/gammamatrix/playground-test/src/Feature/Http/Controllers/Resource/Playground/EditJsonTrait.php" line="87" class="Tests\Feature\Playground\Crm\Api\Http\Controllers\Playground\PeopleRouteTest" classname="Tests.Feature.Playground.Crm.Api.Http.Controllers.Playground.PeopleRouteTest" assertions="4" time="0.209068"/>
        <testcase name="test_json_guest_cannot_get_index" file="/app/vendor/gammamatrix/playground-test/src/Feature/Http/Controllers/Resource/Playground/IndexJsonTrait.php" line="34" class="Tests\Feature\Playground\Crm\Api\Http\Controllers\Playground\PeopleRouteTest" classname="Tests.Feature.Playground.Crm.Api.Http.Controllers.Playground.PeopleRouteTest" assertions="1" time="0.200095"/>
        <testcase name="test_json_admin_can_get_index" file="/app/vendor/gammamatrix/playground-test/src/Feature/Http/Controllers/Resource/Playground/IndexJsonTrait.php" line="49" class="Tests\Feature\Playground\Crm\Api\Http\Controllers\Playground\PeopleRouteTest" classname="Tests.Feature.Playground.Crm.Api.Http.Controllers.Playground.PeopleRouteTest" assertions="101" time="0.212981"/>
        <testcase name="test_json_admin_can_get_index_with_filters" file="/app/vendor/gammamatrix/playground-test/src/Feature/Http/Controllers/Resource/Playground/IndexJsonTrait.php" line="85" class="Tests\Feature\Playground\Crm\Api\Http\Controllers\Playground\PeopleRouteTest" classname="Tests.Feature.Playground.Crm.Api.Http.Controllers.Playground.PeopleRouteTest" assertions="3" time="0.212371"/>
        <testcase name="test_json_guest_cannot_lock" file="/app/vendor/gammamatrix/playground-test/src/Feature/Http/Controllers/Resource/Playground/LockJsonTrait.php" line="36" class="Tests\Feature\Playground\Crm\Api\Http\Controllers\Playground\PeopleRouteTest" classname="Tests.Feature.Playground.Crm.Api.Http.Controllers.Playground.PeopleRouteTest" assertions="3" time="0.190374"/>
        <testcase name="test_json_lock_as_admin_and_succeed" file="/app/vendor/gammamatrix/playground-test/src/Feature/Http/Controllers/Resource/Playground/LockJsonTrait.php" line="66" class="Tests\Feature\Playground\Crm\Api\Http\Controllers\Playground\PeopleRouteTest" classname="Tests.Feature.Playground.Crm.Api.Http.Controllers.Playground.PeopleRouteTest" assertions="3" time="0.208409"/>
        <testcase name="test_json_lock_as_admin_and_succeed_with_no_redirect" file="/app/vendor/gammamatrix/playground-test/src/Feature/Http/Controllers/Resource/Playground/LockJsonTrait.php" line="98" class="Tests\Feature\Playground\Crm\Api\Http\Controllers\Playground\PeopleRouteTest" classname="Tests.Feature.Playground.Crm.Api.Http.Controllers.Playground.PeopleRouteTest" assertions="96" time="0.216180"/>
        <testcase name="test_json_lock_as_user_and_get_denied" file="/app/vendor/gammamatrix/playground-test/src/Feature/Http/Controllers/Resource/Playground/LockJsonTrait.php" line="143" class="Tests\Feature\Playground\Crm\Api\Http\Controllers\Playground\PeopleRouteTest" classname="Tests.Feature.Playground.Crm.Api.Http.Controllers.Playground.PeopleRouteTest" assertions="3" time="0.199437"/>
        <testcase name="test_json_guest_cannot_restore" file="/app/vendor/gammamatrix/playground-test/src/Feature/Http/Controllers/Resource/Playground/RestoreJsonTrait.php" line="32" class="Tests\Feature\Playground\Crm\Api\Http\Controllers\Playground\PeopleRouteTest" classname="Tests.Feature.Playground.Crm.Api.Http.Controllers.Playground.PeopleRouteTest" assertions="3" time="0.190797"/>
        <testcase name="test_json_restore_as_admin_and_succeed" file="/app/vendor/gammamatrix/playground-test/src/Feature/Http/Controllers/Resource/Playground/RestoreJsonTrait.php" line="64" class="Tests\Feature\Playground\Crm\Api\Http\Controllers\Playground\PeopleRouteTest" classname="Tests.Feature.Playground.Crm.Api.Http.Controllers.Playground.PeopleRouteTest" assertions="96" time="0.217083"/>
        <testcase name="test_json_restore_as_admin_and_succeed_with_no_redirect" file="/app/vendor/gammamatrix/playground-test/src/Feature/Http/Controllers/Resource/Playground/RestoreJsonTrait.php" line="100" class="Tests\Feature\Playground\Crm\Api\Http\Controllers\Playground\PeopleRouteTest" classname="Tests.Feature.Playground.Crm.Api.Http.Controllers.Playground.PeopleRouteTest" assertions="96" time="0.211356"/>
        <testcase name="test_json_restore_as_user_and_get_denied" file="/app/vendor/gammamatrix/playground-test/src/Feature/Http/Controllers/Resource/Playground/RestoreJsonTrait.php" line="143" class="Tests\Feature\Playground\Crm\Api\Http\Controllers\Playground\PeopleRouteTest" classname="Tests.Feature.Playground.Crm.Api.Http.Controllers.Playground.PeopleRouteTest" assertions="3" time="0.213414"/>
        <testcase name="test_json_guest_cannot_see_info" file="/app/vendor/gammamatrix/playground-test/src/Feature/Http/Controllers/Resource/Playground/ShowJsonTrait.php" line="29" class="Tests\Feature\Playground\Crm\Api\Http\Controllers\Playground\PeopleRouteTest" classname="Tests.Feature.Playground.Crm.Api.Http.Controllers.Playground.PeopleRouteTest" assertions="1" time="0.188501"/>
        <testcase name="test_json_show_info_for_admin" file="/app/vendor/gammamatrix/playground-test/src/Feature/Http/Controllers/Resource/Playground/ShowJsonTrait.php" line="49" class="Tests\Feature\Playground\Crm\Api\Http\Controllers\Playground\PeopleRouteTest" classname="Tests.Feature.Playground.Crm.Api.Http.Controllers.Playground.PeopleRouteTest" assertions="95" time="0.205497"/>
        <testcase name="test_json_guest_cannot_store" file="/app/vendor/gammamatrix/playground-test/src/Feature/Http/Controllers/Resource/Playground/StoreJsonTrait.php" line="43" class="Tests\Feature\Playground\Crm\Api\Http\Controllers\Playground\PeopleRouteTest" classname="Tests.Feature.Playground.Crm.Api.Http.Controllers.Playground.PeopleRouteTest" assertions="3" time="0.189496"/>
        <testcase name="test_json_store_as_admin_without_payload_and_fail_validation" file="/app/vendor/gammamatrix/playground-test/src/Feature/Http/Controllers/Resource/Playground/StoreJsonTrait.php" line="66" class="Tests\Feature\Playground\Crm\Api\Http\Controllers\Playground\PeopleRouteTest" classname="Tests.Feature.Playground.Crm.Api.Http.Controllers.Playground.PeopleRouteTest" assertions="5" time="0.202346"/>
        <testcase name="test_json_store_as_admin_and_succeed" file="/app/vendor/gammamatrix/playground-test/src/Feature/Http/Controllers/Resource/Playground/StoreJsonTrait.php" line="92" class="Tests\Feature\Playground\Crm\Api\Http\Controllers\Playground\PeopleRouteTest" classname="Tests.Feature.Playground.Crm.Api.Http.Controllers.Playground.PeopleRouteTest" assertions="3" time="0.242446"/>
        <testcase name="test_json_guest_cannot_unlock" file="/app/vendor/gammamatrix/playground-test/src/Feature/Http/Controllers/Resource/Playground/UnlockJsonTrait.php" line="36" class="Tests\Feature\Playground\Crm\Api\Http\Controllers\Playground\PeopleRouteTest" classname="Tests.Feature.Playground.Crm.Api.Http.Controllers.Playground.PeopleRouteTest" assertions="3" time="0.190884"/>
        <testcase name="test_json_unlock_as_admin_and_succeed" file="/app/vendor/gammamatrix/playground-test/src/Feature/Http/Controllers/Resource/Playground/UnlockJsonTrait.php" line="68" class="Tests\Feature\Playground\Crm\Api\Http\Controllers\Playground\PeopleRouteTest" classname="Tests.Feature.Playground.Crm.Api.Http.Controllers.Playground.PeopleRouteTest" assertions="96" time="0.220397"/>
        <testcase name="test_json_unlock_as_admin_and_succeed_with_no_redirect" file="/app/vendor/gammamatrix/playground-test/src/Feature/Http/Controllers/Resource/Playground/UnlockJsonTrait.php" line="104" class="Tests\Feature\Playground\Crm\Api\Http\Controllers\Playground\PeopleRouteTest" classname="Tests.Feature.Playground.Crm.Api.Http.Controllers.Playground.PeopleRouteTest" assertions="96" time="0.213584"/>
        <testcase name="test_json_unlock_as_user_and_get_denied" file="/app/vendor/gammamatrix/playground-test/src/Feature/Http/Controllers/Resource/Playground/UnlockJsonTrait.php" line="145" class="Tests\Feature\Playground\Crm\Api\Http\Controllers\Playground\PeopleRouteTest" classname="Tests.Feature.Playground.Crm.Api.Http.Controllers.Playground.PeopleRouteTest" assertions="3" time="0.204191"/>
        <testcase name="test_json_guest_cannot_update" file="/app/vendor/gammamatrix/playground-test/src/Feature/Http/Controllers/Resource/Playground/UpdateJsonTrait.php" line="45" class="Tests\Feature\Playground\Crm\Api\Http\Controllers\Playground\PeopleRouteTest" classname="Tests.Feature.Playground.Crm.Api.Http.Controllers.Playground.PeopleRouteTest" assertions="1" time="0.202002"/>
        <testcase name="test_json_update_as_admin_without_payload_and_fail_validation" file="/app/vendor/gammamatrix/playground-test/src/Feature/Http/Controllers/Resource/Playground/UpdateJsonTrait.php" line="65" class="Tests\Feature\Playground\Crm\Api\Http\Controllers\Playground\PeopleRouteTest" classname="Tests.Feature.Playground.Crm.Api.Http.Controllers.Playground.PeopleRouteTest" assertions="4" time="0.211583"/>
        <testcase name="test_json_admin_can_update" file="/app/vendor/gammamatrix/playground-test/src/Feature/Http/Controllers/Resource/Playground/UpdateJsonTrait.php" line="90" class="Tests\Feature\Playground\Crm\Api\Http\Controllers\Playground\PeopleRouteTest" classname="Tests.Feature.Playground.Crm.Api.Http.Controllers.Playground.PeopleRouteTest" assertions="98" time="0.257591"/>
      </testsuite>
      <testsuite name="Tests\Feature\Playground\Crm\Api\Http\Requests\FormRequest\InstanceTest" file="/app/tests/Feature/Http/Requests/FormRequest/InstanceTest.php" tests="1" assertions="1" errors="0" failures="0" skipped="0" time="0.176216">
        <testcase name="test_FormRequest_authorize_with_admin" file="/app/tests/Feature/Http/Requests/FormRequest/InstanceTest.php" line="21" class="Tests\Feature\Playground\Crm\Api\Http\Requests\FormRequest\InstanceTest" classname="Tests.Feature.Playground.Crm.Api.Http.Requests.FormRequest.InstanceTest" assertions="1" time="0.176216"/>
      </testsuite>
    </testsuite>
  </testsuite>
</testsuites>
