<?xml version="1.0" encoding="UTF-8"?>
<testsuites>
  <testsuite name="/app/phpunit-ci.xml" tests="241" assertions="5017" errors="0" failures="0" skipped="0" time="43.834717">
    <testsuite name="Unit" tests="64" assertions="69" errors="0" failures="0" skipped="0" time="2.494901">
      <testsuite name="Tests\Unit\Playground\Crm\Api\Http\Requests\Client\CreateRequestTest" file="/app/tests/Unit/Http/Requests/Client/CreateRequestTest.php" tests="1" assertions="1" errors="0" failures="0" skipped="0" time="0.173545">
        <testcase name="test_request_instance" file="/app/vendor/gammamatrix/playground-test/src/Unit/Http/Requests/RequestCase.php" line="42" class="Tests\Unit\Playground\Crm\Api\Http\Requests\Client\CreateRequestTest" classname="Tests.Unit.Playground.Crm.Api.Http.Requests.Client.CreateRequestTest" assertions="1" time="0.173545"/>
      </testsuite>
      <testsuite name="Tests\Unit\Playground\Crm\Api\Http\Requests\Client\DestroyRequestTest" file="/app/tests/Unit/Http/Requests/Client/DestroyRequestTest.php" tests="1" assertions="1" errors="0" failures="0" skipped="0" time="0.037463">
        <testcase name="test_request_instance" file="/app/vendor/gammamatrix/playground-test/src/Unit/Http/Requests/RequestCase.php" line="42" class="Tests\Unit\Playground\Crm\Api\Http\Requests\Client\DestroyRequestTest" classname="Tests.Unit.Playground.Crm.Api.Http.Requests.Client.DestroyRequestTest" assertions="1" time="0.037463"/>
      </testsuite>
      <testsuite name="Tests\Unit\Playground\Crm\Api\Http\Requests\Client\EditRequestTest" file="/app/tests/Unit/Http/Requests/Client/EditRequestTest.php" tests="1" assertions="1" errors="0" failures="0" skipped="0" time="0.038240">
        <testcase name="test_request_instance" file="/app/vendor/gammamatrix/playground-test/src/Unit/Http/Requests/RequestCase.php" line="42" class="Tests\Unit\Playground\Crm\Api\Http\Requests\Client\EditRequestTest" classname="Tests.Unit.Playground.Crm.Api.Http.Requests.Client.EditRequestTest" assertions="1" time="0.038240"/>
      </testsuite>
      <testsuite name="Tests\Unit\Playground\Crm\Api\Http\Requests\Client\IndexRequestTest" file="/app/tests/Unit/Http/Requests/Client/IndexRequestTest.php" tests="1" assertions="1" errors="0" failures="0" skipped="0" time="0.042370">
        <testcase name="test_request_instance" file="/app/vendor/gammamatrix/playground-test/src/Unit/Http/Requests/RequestCase.php" line="42" class="Tests\Unit\Playground\Crm\Api\Http\Requests\Client\IndexRequestTest" classname="Tests.Unit.Playground.Crm.Api.Http.Requests.Client.IndexRequestTest" assertions="1" time="0.042370"/>
      </testsuite>
      <testsuite name="Tests\Unit\Playground\Crm\Api\Http\Requests\Client\LockRequestTest" file="/app/tests/Unit/Http/Requests/Client/LockRequestTest.php" tests="1" assertions="1" errors="0" failures="0" skipped="0" time="0.041294">
        <testcase name="test_request_instance" file="/app/vendor/gammamatrix/playground-test/src/Unit/Http/Requests/RequestCase.php" line="42" class="Tests\Unit\Playground\Crm\Api\Http\Requests\Client\LockRequestTest" classname="Tests.Unit.Playground.Crm.Api.Http.Requests.Client.LockRequestTest" assertions="1" time="0.041294"/>
      </testsuite>
      <testsuite name="Tests\Unit\Playground\Crm\Api\Http\Requests\Client\RestoreRequestTest" file="/app/tests/Unit/Http/Requests/Client/RestoreRequestTest.php" tests="1" assertions="1" errors="0" failures="0" skipped="0" time="0.036526">
        <testcase name="test_request_instance" file="/app/vendor/gammamatrix/playground-test/src/Unit/Http/Requests/RequestCase.php" line="42" class="Tests\Unit\Playground\Crm\Api\Http\Requests\Client\RestoreRequestTest" classname="Tests.Unit.Playground.Crm.Api.Http.Requests.Client.RestoreRequestTest" assertions="1" time="0.036526"/>
      </testsuite>
      <testsuite name="Tests\Unit\Playground\Crm\Api\Http\Requests\Client\ShowRequestTest" file="/app/tests/Unit/Http/Requests/Client/ShowRequestTest.php" tests="1" assertions="1" errors="0" failures="0" skipped="0" time="0.036471">
        <testcase name="test_request_instance" file="/app/vendor/gammamatrix/playground-test/src/Unit/Http/Requests/RequestCase.php" line="42" class="Tests\Unit\Playground\Crm\Api\Http\Requests\Client\ShowRequestTest" classname="Tests.Unit.Playground.Crm.Api.Http.Requests.Client.ShowRequestTest" assertions="1" time="0.036471"/>
      </testsuite>
      <testsuite name="Tests\Unit\Playground\Crm\Api\Http\Requests\Client\StoreRequestTest" file="/app/tests/Unit/Http/Requests/Client/StoreRequestTest.php" tests="1" assertions="1" errors="0" failures="0" skipped="0" time="0.037609">
        <testcase name="test_request_instance" file="/app/vendor/gammamatrix/playground-test/src/Unit/Http/Requests/RequestCase.php" line="42" class="Tests\Unit\Playground\Crm\Api\Http\Requests\Client\StoreRequestTest" classname="Tests.Unit.Playground.Crm.Api.Http.Requests.Client.StoreRequestTest" assertions="1" time="0.037609"/>
      </testsuite>
      <testsuite name="Tests\Unit\Playground\Crm\Api\Http\Requests\Client\UnlockRequestTest" file="/app/tests/Unit/Http/Requests/Client/UnlockRequestTest.php" tests="1" assertions="1" errors="0" failures="0" skipped="0" time="0.036183">
        <testcase name="test_request_instance" file="/app/vendor/gammamatrix/playground-test/src/Unit/Http/Requests/RequestCase.php" line="42" class="Tests\Unit\Playground\Crm\Api\Http\Requests\Client\UnlockRequestTest" classname="Tests.Unit.Playground.Crm.Api.Http.Requests.Client.UnlockRequestTest" assertions="1" time="0.036183"/>
      </testsuite>
      <testsuite name="Tests\Unit\Playground\Crm\Api\Http\Requests\Client\UpdateRequestTest" file="/app/tests/Unit/Http/Requests/Client/UpdateRequestTest.php" tests="1" assertions="1" errors="0" failures="0" skipped="0" time="0.036357">
        <testcase name="test_request_instance" file="/app/vendor/gammamatrix/playground-test/src/Unit/Http/Requests/RequestCase.php" line="42" class="Tests\Unit\Playground\Crm\Api\Http\Requests\Client\UpdateRequestTest" classname="Tests.Unit.Playground.Crm.Api.Http.Requests.Client.UpdateRequestTest" assertions="1" time="0.036357"/>
      </testsuite>
      <testsuite name="Tests\Unit\Playground\Crm\Api\Http\Requests\Contact\CreateRequestTest" file="/app/tests/Unit/Http/Requests/Contact/CreateRequestTest.php" tests="1" assertions="1" errors="0" failures="0" skipped="0" time="0.037088">
        <testcase name="test_request_instance" file="/app/vendor/gammamatrix/playground-test/src/Unit/Http/Requests/RequestCase.php" line="42" class="Tests\Unit\Playground\Crm\Api\Http\Requests\Contact\CreateRequestTest" classname="Tests.Unit.Playground.Crm.Api.Http.Requests.Contact.CreateRequestTest" assertions="1" time="0.037088"/>
      </testsuite>
      <testsuite name="Tests\Unit\Playground\Crm\Api\Http\Requests\Contact\DestroyRequestTest" file="/app/tests/Unit/Http/Requests/Contact/DestroyRequestTest.php" tests="1" assertions="1" errors="0" failures="0" skipped="0" time="0.037389">
        <testcase name="test_request_instance" file="/app/vendor/gammamatrix/playground-test/src/Unit/Http/Requests/RequestCase.php" line="42" class="Tests\Unit\Playground\Crm\Api\Http\Requests\Contact\DestroyRequestTest" classname="Tests.Unit.Playground.Crm.Api.Http.Requests.Contact.DestroyRequestTest" assertions="1" time="0.037389"/>
      </testsuite>
      <testsuite name="Tests\Unit\Playground\Crm\Api\Http\Requests\Contact\EditRequestTest" file="/app/tests/Unit/Http/Requests/Contact/EditRequestTest.php" tests="1" assertions="1" errors="0" failures="0" skipped="0" time="0.040539">
        <testcase name="test_request_instance" file="/app/vendor/gammamatrix/playground-test/src/Unit/Http/Requests/RequestCase.php" line="42" class="Tests\Unit\Playground\Crm\Api\Http\Requests\Contact\EditRequestTest" classname="Tests.Unit.Playground.Crm.Api.Http.Requests.Contact.EditRequestTest" assertions="1" time="0.040539"/>
      </testsuite>
      <testsuite name="Tests\Unit\Playground\Crm\Api\Http\Requests\Contact\IndexRequestTest" file="/app/tests/Unit/Http/Requests/Contact/IndexRequestTest.php" tests="1" assertions="1" errors="0" failures="0" skipped="0" time="0.035822">
        <testcase name="test_request_instance" file="/app/vendor/gammamatrix/playground-test/src/Unit/Http/Requests/RequestCase.php" line="42" class="Tests\Unit\Playground\Crm\Api\Http\Requests\Contact\IndexRequestTest" classname="Tests.Unit.Playground.Crm.Api.Http.Requests.Contact.IndexRequestTest" assertions="1" time="0.035822"/>
      </testsuite>
      <testsuite name="Tests\Unit\Playground\Crm\Api\Http\Requests\Contact\LockRequestTest" file="/app/tests/Unit/Http/Requests/Contact/LockRequestTest.php" tests="1" assertions="1" errors="0" failures="0" skipped="0" time="0.035580">
        <testcase name="test_request_instance" file="/app/vendor/gammamatrix/playground-test/src/Unit/Http/Requests/RequestCase.php" line="42" class="Tests\Unit\Playground\Crm\Api\Http\Requests\Contact\LockRequestTest" classname="Tests.Unit.Playground.Crm.Api.Http.Requests.Contact.LockRequestTest" assertions="1" time="0.035580"/>
      </testsuite>
      <testsuite name="Tests\Unit\Playground\Crm\Api\Http\Requests\Contact\RestoreRequestTest" file="/app/tests/Unit/Http/Requests/Contact/RestoreRequestTest.php" tests="1" assertions="1" errors="0" failures="0" skipped="0" time="0.035646">
        <testcase name="test_request_instance" file="/app/vendor/gammamatrix/playground-test/src/Unit/Http/Requests/RequestCase.php" line="42" class="Tests\Unit\Playground\Crm\Api\Http\Requests\Contact\RestoreRequestTest" classname="Tests.Unit.Playground.Crm.Api.Http.Requests.Contact.RestoreRequestTest" assertions="1" time="0.035646"/>
      </testsuite>
      <testsuite name="Tests\Unit\Playground\Crm\Api\Http\Requests\Contact\ShowRequestTest" file="/app/tests/Unit/Http/Requests/Contact/ShowRequestTest.php" tests="1" assertions="1" errors="0" failures="0" skipped="0" time="0.036253">
        <testcase name="test_request_instance" file="/app/vendor/gammamatrix/playground-test/src/Unit/Http/Requests/RequestCase.php" line="42" class="Tests\Unit\Playground\Crm\Api\Http\Requests\Contact\ShowRequestTest" classname="Tests.Unit.Playground.Crm.Api.Http.Requests.Contact.ShowRequestTest" assertions="1" time="0.036253"/>
      </testsuite>
      <testsuite name="Tests\Unit\Playground\Crm\Api\Http\Requests\Contact\StoreRequestTest" file="/app/tests/Unit/Http/Requests/Contact/StoreRequestTest.php" tests="1" assertions="1" errors="0" failures="0" skipped="0" time="0.036928">
        <testcase name="test_request_instance" file="/app/vendor/gammamatrix/playground-test/src/Unit/Http/Requests/RequestCase.php" line="42" class="Tests\Unit\Playground\Crm\Api\Http\Requests\Contact\StoreRequestTest" classname="Tests.Unit.Playground.Crm.Api.Http.Requests.Contact.StoreRequestTest" assertions="1" time="0.036928"/>
      </testsuite>
      <testsuite name="Tests\Unit\Playground\Crm\Api\Http\Requests\Contact\UnlockRequestTest" file="/app/tests/Unit/Http/Requests/Contact/UnlockRequestTest.php" tests="1" assertions="1" errors="0" failures="0" skipped="0" time="0.038358">
        <testcase name="test_request_instance" file="/app/vendor/gammamatrix/playground-test/src/Unit/Http/Requests/RequestCase.php" line="42" class="Tests\Unit\Playground\Crm\Api\Http\Requests\Contact\UnlockRequestTest" classname="Tests.Unit.Playground.Crm.Api.Http.Requests.Contact.UnlockRequestTest" assertions="1" time="0.038358"/>
      </testsuite>
      <testsuite name="Tests\Unit\Playground\Crm\Api\Http\Requests\Contact\UpdateRequestTest" file="/app/tests/Unit/Http/Requests/Contact/UpdateRequestTest.php" tests="1" assertions="1" errors="0" failures="0" skipped="0" time="0.037071">
        <testcase name="test_request_instance" file="/app/vendor/gammamatrix/playground-test/src/Unit/Http/Requests/RequestCase.php" line="42" class="Tests\Unit\Playground\Crm\Api\Http\Requests\Contact\UpdateRequestTest" classname="Tests.Unit.Playground.Crm.Api.Http.Requests.Contact.UpdateRequestTest" assertions="1" time="0.037071"/>
      </testsuite>
      <testsuite name="Tests\Unit\Playground\Crm\Api\Http\Requests\FormRequest\InstanceTest" file="/app/tests/Unit/Http/Requests/FormRequest/InstanceTest.php" tests="5" assertions="6" errors="0" failures="0" skipped="0" time="0.210503">
        <testcase name="test_form_request_authorize_without_user" file="/app/tests/Unit/Http/Requests/FormRequest/InstanceTest.php" line="23" class="Tests\Unit\Playground\Crm\Api\Http\Requests\FormRequest\InstanceTest" classname="Tests.Unit.Playground.Crm.Api.Http.Requests.FormRequest.InstanceTest" assertions="1" time="0.036274"/>
        <testcase name="test_rules_is_empty_by_default" file="/app/tests/Unit/Http/Requests/FormRequest/InstanceTest.php" line="30" class="Tests\Unit\Playground\Crm\Api\Http\Requests\FormRequest\InstanceTest" classname="Tests.Unit.Playground.Crm.Api.Http.Requests.FormRequest.InstanceTest" assertions="2" time="0.035632"/>
        <testcase name="test_user_has_admin_privileges_without_user" file="/app/tests/Unit/Http/Requests/FormRequest/InstanceTest.php" line="38" class="Tests\Unit\Playground\Crm\Api\Http\Requests\FormRequest\InstanceTest" classname="Tests.Unit.Playground.Crm.Api.Http.Requests.FormRequest.InstanceTest" assertions="1" time="0.037532"/>
        <testcase name="test_user_has_admin_privileges_with_admin" file="/app/tests/Unit/Http/Requests/FormRequest/InstanceTest.php" line="45" class="Tests\Unit\Playground\Crm\Api\Http\Requests\FormRequest\InstanceTest" classname="Tests.Unit.Playground.Crm.Api.Http.Requests.FormRequest.InstanceTest" assertions="1" time="0.058582"/>
        <testcase name="test_user_has_admin_privileges_with_default_laravel_user" file="/app/tests/Unit/Http/Requests/FormRequest/InstanceTest.php" line="57" class="Tests\Unit\Playground\Crm\Api\Http\Requests\FormRequest\InstanceTest" classname="Tests.Unit.Playground.Crm.Api.Http.Requests.FormRequest.InstanceTest" assertions="1" time="0.042483"/>
      </testsuite>
      <testsuite name="Tests\Unit\Playground\Crm\Api\Http\Requests\Location\CreateRequestTest" file="/app/tests/Unit/Http/Requests/Location/CreateRequestTest.php" tests="1" assertions="1" errors="0" failures="0" skipped="0" time="0.036176">
        <testcase name="test_request_instance" file="/app/vendor/gammamatrix/playground-test/src/Unit/Http/Requests/RequestCase.php" line="42" class="Tests\Unit\Playground\Crm\Api\Http\Requests\Location\CreateRequestTest" classname="Tests.Unit.Playground.Crm.Api.Http.Requests.Location.CreateRequestTest" assertions="1" time="0.036176"/>
      </testsuite>
      <testsuite name="Tests\Unit\Playground\Crm\Api\Http\Requests\Location\DestroyRequestTest" file="/app/tests/Unit/Http/Requests/Location/DestroyRequestTest.php" tests="1" assertions="1" errors="0" failures="0" skipped="0" time="0.036717">
        <testcase name="test_request_instance" file="/app/vendor/gammamatrix/playground-test/src/Unit/Http/Requests/RequestCase.php" line="42" class="Tests\Unit\Playground\Crm\Api\Http\Requests\Location\DestroyRequestTest" classname="Tests.Unit.Playground.Crm.Api.Http.Requests.Location.DestroyRequestTest" assertions="1" time="0.036717"/>
      </testsuite>
      <testsuite name="Tests\Unit\Playground\Crm\Api\Http\Requests\Location\EditRequestTest" file="/app/tests/Unit/Http/Requests/Location/EditRequestTest.php" tests="1" assertions="1" errors="0" failures="0" skipped="0" time="0.036374">
        <testcase name="test_request_instance" file="/app/vendor/gammamatrix/playground-test/src/Unit/Http/Requests/RequestCase.php" line="42" class="Tests\Unit\Playground\Crm\Api\Http\Requests\Location\EditRequestTest" classname="Tests.Unit.Playground.Crm.Api.Http.Requests.Location.EditRequestTest" assertions="1" time="0.036374"/>
      </testsuite>
      <testsuite name="Tests\Unit\Playground\Crm\Api\Http\Requests\Location\IndexRequestTest" file="/app/tests/Unit/Http/Requests/Location/IndexRequestTest.php" tests="1" assertions="1" errors="0" failures="0" skipped="0" time="0.035397">
        <testcase name="test_request_instance" file="/app/vendor/gammamatrix/playground-test/src/Unit/Http/Requests/RequestCase.php" line="42" class="Tests\Unit\Playground\Crm\Api\Http\Requests\Location\IndexRequestTest" classname="Tests.Unit.Playground.Crm.Api.Http.Requests.Location.IndexRequestTest" assertions="1" time="0.035397"/>
      </testsuite>
      <testsuite name="Tests\Unit\Playground\Crm\Api\Http\Requests\Location\LockRequestTest" file="/app/tests/Unit/Http/Requests/Location/LockRequestTest.php" tests="1" assertions="1" errors="0" failures="0" skipped="0" time="0.035106">
        <testcase name="test_request_instance" file="/app/vendor/gammamatrix/playground-test/src/Unit/Http/Requests/RequestCase.php" line="42" class="Tests\Unit\Playground\Crm\Api\Http\Requests\Location\LockRequestTest" classname="Tests.Unit.Playground.Crm.Api.Http.Requests.Location.LockRequestTest" assertions="1" time="0.035106"/>
      </testsuite>
      <testsuite name="Tests\Unit\Playground\Crm\Api\Http\Requests\Location\RestoreRequestTest" file="/app/tests/Unit/Http/Requests/Location/RestoreRequestTest.php" tests="1" assertions="1" errors="0" failures="0" skipped="0" time="0.034101">
        <testcase name="test_request_instance" file="/app/vendor/gammamatrix/playground-test/src/Unit/Http/Requests/RequestCase.php" line="42" class="Tests\Unit\Playground\Crm\Api\Http\Requests\Location\RestoreRequestTest" classname="Tests.Unit.Playground.Crm.Api.Http.Requests.Location.RestoreRequestTest" assertions="1" time="0.034101"/>
      </testsuite>
      <testsuite name="Tests\Unit\Playground\Crm\Api\Http\Requests\Location\ShowRequestTest" file="/app/tests/Unit/Http/Requests/Location/ShowRequestTest.php" tests="1" assertions="1" errors="0" failures="0" skipped="0" time="0.034813">
        <testcase name="test_request_instance" file="/app/vendor/gammamatrix/playground-test/src/Unit/Http/Requests/RequestCase.php" line="42" class="Tests\Unit\Playground\Crm\Api\Http\Requests\Location\ShowRequestTest" classname="Tests.Unit.Playground.Crm.Api.Http.Requests.Location.ShowRequestTest" assertions="1" time="0.034813"/>
      </testsuite>
      <testsuite name="Tests\Unit\Playground\Crm\Api\Http\Requests\Location\StoreRequestTest" file="/app/tests/Unit/Http/Requests/Location/StoreRequestTest.php" tests="1" assertions="1" errors="0" failures="0" skipped="0" time="0.034524">
        <testcase name="test_request_instance" file="/app/vendor/gammamatrix/playground-test/src/Unit/Http/Requests/RequestCase.php" line="42" class="Tests\Unit\Playground\Crm\Api\Http\Requests\Location\StoreRequestTest" classname="Tests.Unit.Playground.Crm.Api.Http.Requests.Location.StoreRequestTest" assertions="1" time="0.034524"/>
      </testsuite>
      <testsuite name="Tests\Unit\Playground\Crm\Api\Http\Requests\Location\UnlockRequestTest" file="/app/tests/Unit/Http/Requests/Location/UnlockRequestTest.php" tests="1" assertions="1" errors="0" failures="0" skipped="0" time="0.035241">
        <testcase name="test_request_instance" file="/app/vendor/gammamatrix/playground-test/src/Unit/Http/Requests/RequestCase.php" line="42" class="Tests\Unit\Playground\Crm\Api\Http\Requests\Location\UnlockRequestTest" classname="Tests.Unit.Playground.Crm.Api.Http.Requests.Location.UnlockRequestTest" assertions="1" time="0.035241"/>
      </testsuite>
      <testsuite name="Tests\Unit\Playground\Crm\Api\Http\Requests\Location\UpdateRequestTest" file="/app/tests/Unit/Http/Requests/Location/UpdateRequestTest.php" tests="1" assertions="1" errors="0" failures="0" skipped="0" time="0.034259">
        <testcase name="test_request_instance" file="/app/vendor/gammamatrix/playground-test/src/Unit/Http/Requests/RequestCase.php" line="42" class="Tests\Unit\Playground\Crm\Api\Http\Requests\Location\UpdateRequestTest" classname="Tests.Unit.Playground.Crm.Api.Http.Requests.Location.UpdateRequestTest" assertions="1" time="0.034259"/>
      </testsuite>
      <testsuite name="Tests\Unit\Playground\Crm\Api\Http\Requests\Organization\CreateRequestTest" file="/app/tests/Unit/Http/Requests/Organization/CreateRequestTest.php" tests="1" assertions="1" errors="0" failures="0" skipped="0" time="0.034099">
        <testcase name="test_request_instance" file="/app/vendor/gammamatrix/playground-test/src/Unit/Http/Requests/RequestCase.php" line="42" class="Tests\Unit\Playground\Crm\Api\Http\Requests\Organization\CreateRequestTest" classname="Tests.Unit.Playground.Crm.Api.Http.Requests.Organization.CreateRequestTest" assertions="1" time="0.034099"/>
      </testsuite>
      <testsuite name="Tests\Unit\Playground\Crm\Api\Http\Requests\Organization\DestroyRequestTest" file="/app/tests/Unit/Http/Requests/Organization/DestroyRequestTest.php" tests="1" assertions="1" errors="0" failures="0" skipped="0" time="0.034231">
        <testcase name="test_request_instance" file="/app/vendor/gammamatrix/playground-test/src/Unit/Http/Requests/RequestCase.php" line="42" class="Tests\Unit\Playground\Crm\Api\Http\Requests\Organization\DestroyRequestTest" classname="Tests.Unit.Playground.Crm.Api.Http.Requests.Organization.DestroyRequestTest" assertions="1" time="0.034231"/>
      </testsuite>
      <testsuite name="Tests\Unit\Playground\Crm\Api\Http\Requests\Organization\EditRequestTest" file="/app/tests/Unit/Http/Requests/Organization/EditRequestTest.php" tests="1" assertions="1" errors="0" failures="0" skipped="0" time="0.034090">
        <testcase name="test_request_instance" file="/app/vendor/gammamatrix/playground-test/src/Unit/Http/Requests/RequestCase.php" line="42" class="Tests\Unit\Playground\Crm\Api\Http\Requests\Organization\EditRequestTest" classname="Tests.Unit.Playground.Crm.Api.Http.Requests.Organization.EditRequestTest" assertions="1" time="0.034090"/>
      </testsuite>
      <testsuite name="Tests\Unit\Playground\Crm\Api\Http\Requests\Organization\IndexRequestTest" file="/app/tests/Unit/Http/Requests/Organization/IndexRequestTest.php" tests="1" assertions="1" errors="0" failures="0" skipped="0" time="0.034388">
        <testcase name="test_request_instance" file="/app/vendor/gammamatrix/playground-test/src/Unit/Http/Requests/RequestCase.php" line="42" class="Tests\Unit\Playground\Crm\Api\Http\Requests\Organization\IndexRequestTest" classname="Tests.Unit.Playground.Crm.Api.Http.Requests.Organization.IndexRequestTest" assertions="1" time="0.034388"/>
      </testsuite>
      <testsuite name="Tests\Unit\Playground\Crm\Api\Http\Requests\Organization\LockRequestTest" file="/app/tests/Unit/Http/Requests/Organization/LockRequestTest.php" tests="1" assertions="1" errors="0" failures="0" skipped="0" time="0.034645">
        <testcase name="test_request_instance" file="/app/vendor/gammamatrix/playground-test/src/Unit/Http/Requests/RequestCase.php" line="42" class="Tests\Unit\Playground\Crm\Api\Http\Requests\Organization\LockRequestTest" classname="Tests.Unit.Playground.Crm.Api.Http.Requests.Organization.LockRequestTest" assertions="1" time="0.034645"/>
      </testsuite>
      <testsuite name="Tests\Unit\Playground\Crm\Api\Http\Requests\Organization\RestoreRequestTest" file="/app/tests/Unit/Http/Requests/Organization/RestoreRequestTest.php" tests="1" assertions="1" errors="0" failures="0" skipped="0" time="0.036696">
        <testcase name="test_request_instance" file="/app/vendor/gammamatrix/playground-test/src/Unit/Http/Requests/RequestCase.php" line="42" class="Tests\Unit\Playground\Crm\Api\Http\Requests\Organization\RestoreRequestTest" classname="Tests.Unit.Playground.Crm.Api.Http.Requests.Organization.RestoreRequestTest" assertions="1" time="0.036696"/>
      </testsuite>
      <testsuite name="Tests\Unit\Playground\Crm\Api\Http\Requests\Organization\ShowRequestTest" file="/app/tests/Unit/Http/Requests/Organization/ShowRequestTest.php" tests="1" assertions="1" errors="0" failures="0" skipped="0" time="0.036064">
        <testcase name="test_request_instance" file="/app/vendor/gammamatrix/playground-test/src/Unit/Http/Requests/RequestCase.php" line="42" class="Tests\Unit\Playground\Crm\Api\Http\Requests\Organization\ShowRequestTest" classname="Tests.Unit.Playground.Crm.Api.Http.Requests.Organization.ShowRequestTest" assertions="1" time="0.036064"/>
      </testsuite>
      <testsuite name="Tests\Unit\Playground\Crm\Api\Http\Requests\Organization\StoreRequestTest" file="/app/tests/Unit/Http/Requests/Organization/StoreRequestTest.php" tests="1" assertions="1" errors="0" failures="0" skipped="0" time="0.035877">
        <testcase name="test_request_instance" file="/app/vendor/gammamatrix/playground-test/src/Unit/Http/Requests/RequestCase.php" line="42" class="Tests\Unit\Playground\Crm\Api\Http\Requests\Organization\StoreRequestTest" classname="Tests.Unit.Playground.Crm.Api.Http.Requests.Organization.StoreRequestTest" assertions="1" time="0.035877"/>
      </testsuite>
      <testsuite name="Tests\Unit\Playground\Crm\Api\Http\Requests\Organization\UnlockRequestTest" file="/app/tests/Unit/Http/Requests/Organization/UnlockRequestTest.php" tests="1" assertions="1" errors="0" failures="0" skipped="0" time="0.035529">
        <testcase name="test_request_instance" file="/app/vendor/gammamatrix/playground-test/src/Unit/Http/Requests/RequestCase.php" line="42" class="Tests\Unit\Playground\Crm\Api\Http\Requests\Organization\UnlockRequestTest" classname="Tests.Unit.Playground.Crm.Api.Http.Requests.Organization.UnlockRequestTest" assertions="1" time="0.035529"/>
      </testsuite>
      <testsuite name="Tests\Unit\Playground\Crm\Api\Http\Requests\Organization\UpdateRequestTest" file="/app/tests/Unit/Http/Requests/Organization/UpdateRequestTest.php" tests="1" assertions="1" errors="0" failures="0" skipped="0" time="0.034911">
        <testcase name="test_request_instance" file="/app/vendor/gammamatrix/playground-test/src/Unit/Http/Requests/RequestCase.php" line="42" class="Tests\Unit\Playground\Crm\Api\Http\Requests\Organization\UpdateRequestTest" classname="Tests.Unit.Playground.Crm.Api.Http.Requests.Organization.UpdateRequestTest" assertions="1" time="0.034911"/>
      </testsuite>
      <testsuite name="Tests\Unit\Playground\Crm\Api\Http\Requests\People\CreateRequestTest" file="/app/tests/Unit/Http/Requests/People/CreateRequestTest.php" tests="1" assertions="1" errors="0" failures="0" skipped="0" time="0.034943">
        <testcase name="test_request_instance" file="/app/vendor/gammamatrix/playground-test/src/Unit/Http/Requests/RequestCase.php" line="42" class="Tests\Unit\Playground\Crm\Api\Http\Requests\People\CreateRequestTest" classname="Tests.Unit.Playground.Crm.Api.Http.Requests.People.CreateRequestTest" assertions="1" time="0.034943"/>
      </testsuite>
      <testsuite name="Tests\Unit\Playground\Crm\Api\Http\Requests\People\DestroyRequestTest" file="/app/tests/Unit/Http/Requests/People/DestroyRequestTest.php" tests="1" assertions="1" errors="0" failures="0" skipped="0" time="0.035086">
        <testcase name="test_request_instance" file="/app/vendor/gammamatrix/playground-test/src/Unit/Http/Requests/RequestCase.php" line="42" class="Tests\Unit\Playground\Crm\Api\Http\Requests\People\DestroyRequestTest" classname="Tests.Unit.Playground.Crm.Api.Http.Requests.People.DestroyRequestTest" assertions="1" time="0.035086"/>
      </testsuite>
      <testsuite name="Tests\Unit\Playground\Crm\Api\Http\Requests\People\EditRequestTest" file="/app/tests/Unit/Http/Requests/People/EditRequestTest.php" tests="1" assertions="1" errors="0" failures="0" skipped="0" time="0.035810">
        <testcase name="test_request_instance" file="/app/vendor/gammamatrix/playground-test/src/Unit/Http/Requests/RequestCase.php" line="42" class="Tests\Unit\Playground\Crm\Api\Http\Requests\People\EditRequestTest" classname="Tests.Unit.Playground.Crm.Api.Http.Requests.People.EditRequestTest" assertions="1" time="0.035810"/>
      </testsuite>
      <testsuite name="Tests\Unit\Playground\Crm\Api\Http\Requests\People\IndexRequestTest" file="/app/tests/Unit/Http/Requests/People/IndexRequestTest.php" tests="1" assertions="1" errors="0" failures="0" skipped="0" time="0.036123">
        <testcase name="test_request_instance" file="/app/vendor/gammamatrix/playground-test/src/Unit/Http/Requests/RequestCase.php" line="42" class="Tests\Unit\Playground\Crm\Api\Http\Requests\People\IndexRequestTest" classname="Tests.Unit.Playground.Crm.Api.Http.Requests.People.IndexRequestTest" assertions="1" time="0.036123"/>
      </testsuite>
      <testsuite name="Tests\Unit\Playground\Crm\Api\Http\Requests\People\LockRequestTest" file="/app/tests/Unit/Http/Requests/People/LockRequestTest.php" tests="1" assertions="1" errors="0" failures="0" skipped="0" time="0.036520">
        <testcase name="test_request_instance" file="/app/vendor/gammamatrix/playground-test/src/Unit/Http/Requests/RequestCase.php" line="42" class="Tests\Unit\Playground\Crm\Api\Http\Requests\People\LockRequestTest" classname="Tests.Unit.Playground.Crm.Api.Http.Requests.People.LockRequestTest" assertions="1" time="0.036520"/>
      </testsuite>
      <testsuite name="Tests\Unit\Playground\Crm\Api\Http\Requests\People\RestoreRequestTest" file="/app/tests/Unit/Http/Requests/People/RestoreRequestTest.php" tests="1" assertions="1" errors="0" failures="0" skipped="0" time="0.035955">
        <testcase name="test_request_instance" file="/app/vendor/gammamatrix/playground-test/src/Unit/Http/Requests/RequestCase.php" line="42" class="Tests\Unit\Playground\Crm\Api\Http\Requests\People\RestoreRequestTest" classname="Tests.Unit.Playground.Crm.Api.Http.Requests.People.RestoreRequestTest" assertions="1" time="0.035955"/>
      </testsuite>
      <testsuite name="Tests\Unit\Playground\Crm\Api\Http\Requests\People\ShowRequestTest" file="/app/tests/Unit/Http/Requests/People/ShowRequestTest.php" tests="1" assertions="1" errors="0" failures="0" skipped="0" time="0.037767">
        <testcase name="test_request_instance" file="/app/vendor/gammamatrix/playground-test/src/Unit/Http/Requests/RequestCase.php" line="42" class="Tests\Unit\Playground\Crm\Api\Http\Requests\People\ShowRequestTest" classname="Tests.Unit.Playground.Crm.Api.Http.Requests.People.ShowRequestTest" assertions="1" time="0.037767"/>
      </testsuite>
      <testsuite name="Tests\Unit\Playground\Crm\Api\Http\Requests\People\StoreRequestTest" file="/app/tests/Unit/Http/Requests/People/StoreRequestTest.php" tests="1" assertions="1" errors="0" failures="0" skipped="0" time="0.035897">
        <testcase name="test_request_instance" file="/app/vendor/gammamatrix/playground-test/src/Unit/Http/Requests/RequestCase.php" line="42" class="Tests\Unit\Playground\Crm\Api\Http\Requests\People\StoreRequestTest" classname="Tests.Unit.Playground.Crm.Api.Http.Requests.People.StoreRequestTest" assertions="1" time="0.035897"/>
      </testsuite>
      <testsuite name="Tests\Unit\Playground\Crm\Api\Http\Requests\People\UnlockRequestTest" file="/app/tests/Unit/Http/Requests/People/UnlockRequestTest.php" tests="1" assertions="1" errors="0" failures="0" skipped="0" time="0.035430">
        <testcase name="test_request_instance" file="/app/vendor/gammamatrix/playground-test/src/Unit/Http/Requests/RequestCase.php" line="42" class="Tests\Unit\Playground\Crm\Api\Http\Requests\People\UnlockRequestTest" classname="Tests.Unit.Playground.Crm.Api.Http.Requests.People.UnlockRequestTest" assertions="1" time="0.035430"/>
      </testsuite>
      <testsuite name="Tests\Unit\Playground\Crm\Api\Http\Requests\People\UpdateRequestTest" file="/app/tests/Unit/Http/Requests/People/UpdateRequestTest.php" tests="1" assertions="1" errors="0" failures="0" skipped="0" time="0.037431">
        <testcase name="test_request_instance" file="/app/vendor/gammamatrix/playground-test/src/Unit/Http/Requests/RequestCase.php" line="42" class="Tests\Unit\Playground\Crm\Api\Http\Requests\People\UpdateRequestTest" classname="Tests.Unit.Playground.Crm.Api.Http.Requests.People.UpdateRequestTest" assertions="1" time="0.037431"/>
      </testsuite>
      <testsuite name="Tests\Unit\Playground\Crm\Api\Policies\ClientPolicy\PolicyTest" file="/app/tests/Unit/Policies/ClientPolicy/PolicyTest.php" tests="1" assertions="1" errors="0" failures="0" skipped="0" time="0.046830">
        <testcase name="test_policy_instance" file="/app/tests/Unit/Policies/ClientPolicy/PolicyTest.php" line="21" class="Tests\Unit\Playground\Crm\Api\Policies\ClientPolicy\PolicyTest" classname="Tests.Unit.Playground.Crm.Api.Policies.ClientPolicy.PolicyTest" assertions="1" time="0.046830"/>
      </testsuite>
      <testsuite name="Tests\Unit\Playground\Crm\Api\Policies\ContactPolicy\PolicyTest" file="/app/tests/Unit/Policies/ContactPolicy/PolicyTest.php" tests="1" assertions="1" errors="0" failures="0" skipped="0" time="0.037948">
        <testcase name="test_policy_instance" file="/app/tests/Unit/Policies/ContactPolicy/PolicyTest.php" line="21" class="Tests\Unit\Playground\Crm\Api\Policies\ContactPolicy\PolicyTest" classname="Tests.Unit.Playground.Crm.Api.Policies.ContactPolicy.PolicyTest" assertions="1" time="0.037948"/>
      </testsuite>
      <testsuite name="Tests\Unit\Playground\Crm\Api\Policies\LocationPolicy\PolicyTest" file="/app/tests/Unit/Policies/LocationPolicy/PolicyTest.php" tests="1" assertions="1" errors="0" failures="0" skipped="0" time="0.035141">
        <testcase name="test_policy_instance" file="/app/tests/Unit/Policies/LocationPolicy/PolicyTest.php" line="21" class="Tests\Unit\Playground\Crm\Api\Policies\LocationPolicy\PolicyTest" classname="Tests.Unit.Playground.Crm.Api.Policies.LocationPolicy.PolicyTest" assertions="1" time="0.035141"/>
      </testsuite>
      <testsuite name="Tests\Unit\Playground\Crm\Api\Policies\OrganizationPolicy\PolicyTest" file="/app/tests/Unit/Policies/OrganizationPolicy/PolicyTest.php" tests="1" assertions="1" errors="0" failures="0" skipped="0" time="0.034676">
        <testcase name="test_policy_instance" file="/app/tests/Unit/Policies/OrganizationPolicy/PolicyTest.php" line="21" class="Tests\Unit\Playground\Crm\Api\Policies\OrganizationPolicy\PolicyTest" classname="Tests.Unit.Playground.Crm.Api.Policies.OrganizationPolicy.PolicyTest" assertions="1" time="0.034676"/>
      </testsuite>
      <testsuite name="Tests\Unit\Playground\Crm\Api\Policies\PeoplePolicy\PolicyTest" file="/app/tests/Unit/Policies/PeoplePolicy/PolicyTest.php" tests="1" assertions="1" errors="0" failures="0" skipped="0" time="0.035451">
        <testcase name="test_policy_instance" file="/app/tests/Unit/Policies/PeoplePolicy/PolicyTest.php" line="21" class="Tests\Unit\Playground\Crm\Api\Policies\PeoplePolicy\PolicyTest" classname="Tests.Unit.Playground.Crm.Api.Policies.PeoplePolicy.PolicyTest" assertions="1" time="0.035451"/>
      </testsuite>
      <testsuite name="Tests\Unit\Playground\Crm\Api\ServiceProvider\InstanceTest" file="/app/tests/Unit/ServiceProvider/InstanceTest.php" tests="4" assertions="8" errors="0" failures="0" skipped="0" time="0.143418">
        <testcase name="test_version_matches" file="/app/tests/Unit/ServiceProvider/InstanceTest.php" line="22" class="Tests\Unit\Playground\Crm\Api\ServiceProvider\InstanceTest" classname="Tests.Unit.Playground.Crm.Api.ServiceProvider.InstanceTest" assertions="3" time="0.035816"/>
        <testcase name="test_set_policies_with_empty_array" file="/app/tests/Unit/ServiceProvider/InstanceTest.php" line="32" class="Tests\Unit\Playground\Crm\Api\ServiceProvider\InstanceTest" classname="Tests.Unit.Playground.Crm.Api.ServiceProvider.InstanceTest" assertions="1" time="0.035066"/>
        <testcase name="test_set_policies_with_invalid_model" file="/app/tests/Unit/ServiceProvider/InstanceTest.php" line="46" class="Tests\Unit\Playground\Crm\Api\ServiceProvider\InstanceTest" classname="Tests.Unit.Playground.Crm.Api.ServiceProvider.InstanceTest" assertions="2" time="0.036521"/>
        <testcase name="test_set_policies_with_invalid_policy" file="/app/tests/Unit/ServiceProvider/InstanceTest.php" line="77" class="Tests\Unit\Playground\Crm\Api\ServiceProvider\InstanceTest" classname="Tests.Unit.Playground.Crm.Api.ServiceProvider.InstanceTest" assertions="2" time="0.036015"/>
      </testsuite>
    </testsuite>
    <testsuite name="Feature" tests="177" assertions="4948" errors="0" failures="0" skipped="0" time="41.339816">
      <testsuite name="Tests\Feature\Playground\Crm\Api\Console\Commands\About\CommandTest" file="/app/tests/Feature/Console/Commands/About/CommandTest.php" tests="1" assertions="2" errors="0" failures="0" skipped="0" time="0.387970">
        <testcase name="test_command_about_displays_package_information_and_succeed" file="/app/tests/Feature/Console/Commands/About/CommandTest.php" line="23" class="Tests\Feature\Playground\Crm\Api\Console\Commands\About\CommandTest" classname="Tests.Feature.Playground.Crm.Api.Console.Commands.About.CommandTest" assertions="2" time="0.387970"/>
      </testsuite>
      <testsuite name="Tests\Feature\Playground\Crm\Api\Http\Controllers\Playground\ClientRouteTest" file="/app/tests/Feature/Http/Controllers/Playground/ClientRouteTest.php" tests="35" assertions="989" errors="0" failures="0" skipped="0" time="8.203519">
        <testcase name="test_json_guest_cannot_get_create_info" file="/app/vendor/gammamatrix/playground-test/src/Feature/Http/Controllers/Resource/Playground/CreateJsonTrait.php" line="39" class="Tests\Feature\Playground\Crm\Api\Http\Controllers\Playground\ClientRouteTest" classname="Tests.Feature.Playground.Crm.Api.Http.Controllers.Playground.ClientRouteTest" assertions="1" time="0.222095"/>
        <testcase name="test_json_admin_can_get_create_info" file="/app/vendor/gammamatrix/playground-test/src/Feature/Http/Controllers/Resource/Playground/CreateJsonTrait.php" line="54" class="Tests\Feature\Playground\Crm\Api\Http\Controllers\Playground\ClientRouteTest" classname="Tests.Feature.Playground.Crm.Api.Http.Controllers.Playground.ClientRouteTest" assertions="99" time="0.251037"/>
        <testcase name="test_json_get_create_info_as_admin_with_invalid_parameter_and_fail_validation" file="/app/vendor/gammamatrix/playground-test/src/Feature/Http/Controllers/Resource/Playground/CreateJsonTrait.php" line="74" class="Tests\Feature\Playground\Crm\Api\Http\Controllers\Playground\ClientRouteTest" classname="Tests.Feature.Playground.Crm.Api.Http.Controllers.Playground.ClientRouteTest" assertions="4" time="0.221222"/>
        <testcase name="test_json_guest_cannot_destroy" file="/app/vendor/gammamatrix/playground-test/src/Feature/Http/Controllers/Resource/Playground/DestroyJsonTrait.php" line="32" class="Tests\Feature\Playground\Crm\Api\Http\Controllers\Playground\ClientRouteTest" classname="Tests.Feature.Playground.Crm.Api.Http.Controllers.Playground.ClientRouteTest" assertions="3" time="0.213741"/>
        <testcase name="test_json_destroy_as_admin_and_succeed" file="/app/vendor/gammamatrix/playground-test/src/Feature/Http/Controllers/Resource/Playground/DestroyJsonTrait.php" line="62" class="Tests\Feature\Playground\Crm\Api\Http\Controllers\Playground\ClientRouteTest" classname="Tests.Feature.Playground.Crm.Api.Http.Controllers.Playground.ClientRouteTest" assertions="5" time="0.239664"/>
        <testcase name="test_json_destroy_as_admin_and_succeed_with_force_delete" file="/app/vendor/gammamatrix/playground-test/src/Feature/Http/Controllers/Resource/Playground/DestroyJsonTrait.php" line="101" class="Tests\Feature\Playground\Crm\Api\Http\Controllers\Playground\ClientRouteTest" classname="Tests.Feature.Playground.Crm.Api.Http.Controllers.Playground.ClientRouteTest" assertions="4" time="0.224122"/>
        <testcase name="test_json_destroy_as_admin_and_succeed_with_no_content" file="/app/vendor/gammamatrix/playground-test/src/Feature/Http/Controllers/Resource/Playground/DestroyJsonTrait.php" line="133" class="Tests\Feature\Playground\Crm\Api\Http\Controllers\Playground\ClientRouteTest" classname="Tests.Feature.Playground.Crm.Api.Http.Controllers.Playground.ClientRouteTest" assertions="5" time="0.225338"/>
        <testcase name="test_json_destroy_as_admin_and_succeed_and_ignore_redirect" file="/app/vendor/gammamatrix/playground-test/src/Feature/Http/Controllers/Resource/Playground/DestroyJsonTrait.php" line="168" class="Tests\Feature\Playground\Crm\Api\Http\Controllers\Playground\ClientRouteTest" classname="Tests.Feature.Playground.Crm.Api.Http.Controllers.Playground.ClientRouteTest" assertions="5" time="0.225997"/>
        <testcase name="test_json_destroy_as_user_and_get_denied_and_no_force_delete_allowed" file="/app/vendor/gammamatrix/playground-test/src/Feature/Http/Controllers/Resource/Playground/DestroyJsonTrait.php" line="210" class="Tests\Feature\Playground\Crm\Api\Http\Controllers\Playground\ClientRouteTest" classname="Tests.Feature.Playground.Crm.Api.Http.Controllers.Playground.ClientRouteTest" assertions="3" time="0.225389"/>
        <testcase name="test_json_guest_cannot_get_edit_info" file="/app/vendor/gammamatrix/playground-test/src/Feature/Http/Controllers/Resource/Playground/EditJsonTrait.php" line="39" class="Tests\Feature\Playground\Crm\Api\Http\Controllers\Playground\ClientRouteTest" classname="Tests.Feature.Playground.Crm.Api.Http.Controllers.Playground.ClientRouteTest" assertions="1" time="0.209135"/>
        <testcase name="test_json_admin_can_get_edit_info" file="/app/vendor/gammamatrix/playground-test/src/Feature/Http/Controllers/Resource/Playground/EditJsonTrait.php" line="59" class="Tests\Feature\Playground\Crm\Api\Http\Controllers\Playground\ClientRouteTest" classname="Tests.Feature.Playground.Crm.Api.Http.Controllers.Playground.ClientRouteTest" assertions="4" time="0.246065"/>
        <testcase name="test_json_edit_as_admin_and_fail_validation_with_invalid_parameter" file="/app/vendor/gammamatrix/playground-test/src/Feature/Http/Controllers/Resource/Playground/EditJsonTrait.php" line="88" class="Tests\Feature\Playground\Crm\Api\Http\Controllers\Playground\ClientRouteTest" classname="Tests.Feature.Playground.Crm.Api.Http.Controllers.Playground.ClientRouteTest" assertions="4" time="0.235574"/>
        <testcase name="test_json_guest_cannot_get_index" file="/app/vendor/gammamatrix/playground-test/src/Feature/Http/Controllers/Resource/Playground/IndexJsonTrait.php" line="35" class="Tests\Feature\Playground\Crm\Api\Http\Controllers\Playground\ClientRouteTest" classname="Tests.Feature.Playground.Crm.Api.Http.Controllers.Playground.ClientRouteTest" assertions="1" time="0.213048"/>
        <testcase name="test_json_admin_can_get_index" file="/app/vendor/gammamatrix/playground-test/src/Feature/Http/Controllers/Resource/Playground/IndexJsonTrait.php" line="50" class="Tests\Feature\Playground\Crm\Api\Http\Controllers\Playground\ClientRouteTest" classname="Tests.Feature.Playground.Crm.Api.Http.Controllers.Playground.ClientRouteTest" assertions="103" time="0.242104"/>
        <testcase name="test_json_admin_can_get_index_with_filters" file="/app/vendor/gammamatrix/playground-test/src/Feature/Http/Controllers/Resource/Playground/IndexJsonTrait.php" line="86" class="Tests\Feature\Playground\Crm\Api\Http\Controllers\Playground\ClientRouteTest" classname="Tests.Feature.Playground.Crm.Api.Http.Controllers.Playground.ClientRouteTest" assertions="3" time="0.240034"/>
        <testcase name="test_json_guest_cannot_lock" file="/app/vendor/gammamatrix/playground-test/src/Feature/Http/Controllers/Resource/Playground/LockJsonTrait.php" line="37" class="Tests\Feature\Playground\Crm\Api\Http\Controllers\Playground\ClientRouteTest" classname="Tests.Feature.Playground.Crm.Api.Http.Controllers.Playground.ClientRouteTest" assertions="3" time="0.216334"/>
        <testcase name="test_json_lock_as_admin_and_succeed" file="/app/vendor/gammamatrix/playground-test/src/Feature/Http/Controllers/Resource/Playground/LockJsonTrait.php" line="67" class="Tests\Feature\Playground\Crm\Api\Http\Controllers\Playground\ClientRouteTest" classname="Tests.Feature.Playground.Crm.Api.Http.Controllers.Playground.ClientRouteTest" assertions="3" time="0.239253"/>
        <testcase name="test_json_lock_as_admin_and_succeed_with_no_redirect" file="/app/vendor/gammamatrix/playground-test/src/Feature/Http/Controllers/Resource/Playground/LockJsonTrait.php" line="99" class="Tests\Feature\Playground\Crm\Api\Http\Controllers\Playground\ClientRouteTest" classname="Tests.Feature.Playground.Crm.Api.Http.Controllers.Playground.ClientRouteTest" assertions="101" time="0.236703"/>
        <testcase name="test_json_lock_as_user_and_get_denied" file="/app/vendor/gammamatrix/playground-test/src/Feature/Http/Controllers/Resource/Playground/LockJsonTrait.php" line="144" class="Tests\Feature\Playground\Crm\Api\Http\Controllers\Playground\ClientRouteTest" classname="Tests.Feature.Playground.Crm.Api.Http.Controllers.Playground.ClientRouteTest" assertions="3" time="0.237161"/>
        <testcase name="test_json_guest_cannot_restore" file="/app/vendor/gammamatrix/playground-test/src/Feature/Http/Controllers/Resource/Playground/RestoreJsonTrait.php" line="33" class="Tests\Feature\Playground\Crm\Api\Http\Controllers\Playground\ClientRouteTest" classname="Tests.Feature.Playground.Crm.Api.Http.Controllers.Playground.ClientRouteTest" assertions="3" time="0.221522"/>
        <testcase name="test_json_restore_as_admin_and_succeed" file="/app/vendor/gammamatrix/playground-test/src/Feature/Http/Controllers/Resource/Playground/RestoreJsonTrait.php" line="65" class="Tests\Feature\Playground\Crm\Api\Http\Controllers\Playground\ClientRouteTest" classname="Tests.Feature.Playground.Crm.Api.Http.Controllers.Playground.ClientRouteTest" assertions="101" time="0.239698"/>
        <testcase name="test_json_restore_as_admin_and_succeed_with_no_redirect" file="/app/vendor/gammamatrix/playground-test/src/Feature/Http/Controllers/Resource/Playground/RestoreJsonTrait.php" line="101" class="Tests\Feature\Playground\Crm\Api\Http\Controllers\Playground\ClientRouteTest" classname="Tests.Feature.Playground.Crm.Api.Http.Controllers.Playground.ClientRouteTest" assertions="101" time="0.249641"/>
        <testcase name="test_json_restore_as_user_and_get_denied" file="/app/vendor/gammamatrix/playground-test/src/Feature/Http/Controllers/Resource/Playground/RestoreJsonTrait.php" line="144" class="Tests\Feature\Playground\Crm\Api\Http\Controllers\Playground\ClientRouteTest" classname="Tests.Feature.Playground.Crm.Api.Http.Controllers.Playground.ClientRouteTest" assertions="3" time="0.228749"/>
        <testcase name="test_json_guest_cannot_see_info" file="/app/vendor/gammamatrix/playground-test/src/Feature/Http/Controllers/Resource/Playground/ShowJsonTrait.php" line="30" class="Tests\Feature\Playground\Crm\Api\Http\Controllers\Playground\ClientRouteTest" classname="Tests.Feature.Playground.Crm.Api.Http.Controllers.Playground.ClientRouteTest" assertions="1" time="0.220359"/>
        <testcase name="test_json_show_info_for_admin" file="/app/vendor/gammamatrix/playground-test/src/Feature/Http/Controllers/Resource/Playground/ShowJsonTrait.php" line="50" class="Tests\Feature\Playground\Crm\Api\Http\Controllers\Playground\ClientRouteTest" classname="Tests.Feature.Playground.Crm.Api.Http.Controllers.Playground.ClientRouteTest" assertions="100" time="0.237173"/>
        <testcase name="test_json_guest_cannot_store" file="/app/vendor/gammamatrix/playground-test/src/Feature/Http/Controllers/Resource/Playground/StoreJsonTrait.php" line="44" class="Tests\Feature\Playground\Crm\Api\Http\Controllers\Playground\ClientRouteTest" classname="Tests.Feature.Playground.Crm.Api.Http.Controllers.Playground.ClientRouteTest" assertions="3" time="0.213926"/>
        <testcase name="test_json_store_as_admin_without_payload_and_fail_validation" file="/app/vendor/gammamatrix/playground-test/src/Feature/Http/Controllers/Resource/Playground/StoreJsonTrait.php" line="67" class="Tests\Feature\Playground\Crm\Api\Http\Controllers\Playground\ClientRouteTest" classname="Tests.Feature.Playground.Crm.Api.Http.Controllers.Playground.ClientRouteTest" assertions="5" time="0.229456"/>
        <testcase name="test_json_store_as_admin_and_succeed" file="/app/vendor/gammamatrix/playground-test/src/Feature/Http/Controllers/Resource/Playground/StoreJsonTrait.php" line="93" class="Tests\Feature\Playground\Crm\Api\Http\Controllers\Playground\ClientRouteTest" classname="Tests.Feature.Playground.Crm.Api.Http.Controllers.Playground.ClientRouteTest" assertions="3" time="0.293341"/>
        <testcase name="test_json_guest_cannot_unlock" file="/app/vendor/gammamatrix/playground-test/src/Feature/Http/Controllers/Resource/Playground/UnlockJsonTrait.php" line="37" class="Tests\Feature\Playground\Crm\Api\Http\Controllers\Playground\ClientRouteTest" classname="Tests.Feature.Playground.Crm.Api.Http.Controllers.Playground.ClientRouteTest" assertions="3" time="0.219361"/>
        <testcase name="test_json_unlock_as_admin_and_succeed" file="/app/vendor/gammamatrix/playground-test/src/Feature/Http/Controllers/Resource/Playground/UnlockJsonTrait.php" line="69" class="Tests\Feature\Playground\Crm\Api\Http\Controllers\Playground\ClientRouteTest" classname="Tests.Feature.Playground.Crm.Api.Http.Controllers.Playground.ClientRouteTest" assertions="101" time="0.243054"/>
        <testcase name="test_json_unlock_as_admin_and_succeed_with_no_redirect" file="/app/vendor/gammamatrix/playground-test/src/Feature/Http/Controllers/Resource/Playground/UnlockJsonTrait.php" line="105" class="Tests\Feature\Playground\Crm\Api\Http\Controllers\Playground\ClientRouteTest" classname="Tests.Feature.Playground.Crm.Api.Http.Controllers.Playground.ClientRouteTest" assertions="101" time="0.251182"/>
        <testcase name="test_json_unlock_as_user_and_get_denied" file="/app/vendor/gammamatrix/playground-test/src/Feature/Http/Controllers/Resource/Playground/UnlockJsonTrait.php" line="146" class="Tests\Feature\Playground\Crm\Api\Http\Controllers\Playground\ClientRouteTest" classname="Tests.Feature.Playground.Crm.Api.Http.Controllers.Playground.ClientRouteTest" assertions="3" time="0.233088"/>
        <testcase name="test_json_guest_cannot_update" file="/app/vendor/gammamatrix/playground-test/src/Feature/Http/Controllers/Resource/Playground/UpdateJsonTrait.php" line="46" class="Tests\Feature\Playground\Crm\Api\Http\Controllers\Playground\ClientRouteTest" classname="Tests.Feature.Playground.Crm.Api.Http.Controllers.Playground.ClientRouteTest" assertions="1" time="0.218569"/>
        <testcase name="test_json_update_as_admin_without_payload_and_passes_validation" file="/app/vendor/gammamatrix/playground-test/src/Feature/Http/Controllers/Resource/Playground/UpdateJsonTrait.php" line="66" class="Tests\Feature\Playground\Crm\Api\Http\Controllers\Playground\ClientRouteTest" classname="Tests.Feature.Playground.Crm.Api.Http.Controllers.Playground.ClientRouteTest" assertions="2" time="0.250142"/>
        <testcase name="test_json_admin_can_update" file="/app/vendor/gammamatrix/playground-test/src/Feature/Http/Controllers/Resource/Playground/UpdateJsonTrait.php" line="114" class="Tests\Feature\Playground\Crm\Api\Http\Controllers\Playground\ClientRouteTest" classname="Tests.Feature.Playground.Crm.Api.Http.Controllers.Playground.ClientRouteTest" assertions="103" time="0.290239"/>
      </testsuite>
      <testsuite name="Tests\Feature\Playground\Crm\Api\Http\Controllers\Playground\ContactRouteTest" file="/app/tests/Feature/Http/Controllers/Playground/ContactRouteTest.php" tests="35" assertions="989" errors="0" failures="0" skipped="0" time="8.133088">
        <testcase name="test_json_guest_cannot_get_create_info" file="/app/vendor/gammamatrix/playground-test/src/Feature/Http/Controllers/Resource/Playground/CreateJsonTrait.php" line="39" class="Tests\Feature\Playground\Crm\Api\Http\Controllers\Playground\ContactRouteTest" classname="Tests.Feature.Playground.Crm.Api.Http.Controllers.Playground.ContactRouteTest" assertions="1" time="0.206962"/>
        <testcase name="test_json_admin_can_get_create_info" file="/app/vendor/gammamatrix/playground-test/src/Feature/Http/Controllers/Resource/Playground/CreateJsonTrait.php" line="54" class="Tests\Feature\Playground\Crm\Api\Http\Controllers\Playground\ContactRouteTest" classname="Tests.Feature.Playground.Crm.Api.Http.Controllers.Playground.ContactRouteTest" assertions="99" time="0.227224"/>
        <testcase name="test_json_get_create_info_as_admin_with_invalid_parameter_and_fail_validation" file="/app/vendor/gammamatrix/playground-test/src/Feature/Http/Controllers/Resource/Playground/CreateJsonTrait.php" line="74" class="Tests\Feature\Playground\Crm\Api\Http\Controllers\Playground\ContactRouteTest" classname="Tests.Feature.Playground.Crm.Api.Http.Controllers.Playground.ContactRouteTest" assertions="4" time="0.223374"/>
        <testcase name="test_json_guest_cannot_destroy" file="/app/vendor/gammamatrix/playground-test/src/Feature/Http/Controllers/Resource/Playground/DestroyJsonTrait.php" line="32" class="Tests\Feature\Playground\Crm\Api\Http\Controllers\Playground\ContactRouteTest" classname="Tests.Feature.Playground.Crm.Api.Http.Controllers.Playground.ContactRouteTest" assertions="3" time="0.211492"/>
        <testcase name="test_json_destroy_as_admin_and_succeed" file="/app/vendor/gammamatrix/playground-test/src/Feature/Http/Controllers/Resource/Playground/DestroyJsonTrait.php" line="62" class="Tests\Feature\Playground\Crm\Api\Http\Controllers\Playground\ContactRouteTest" classname="Tests.Feature.Playground.Crm.Api.Http.Controllers.Playground.ContactRouteTest" assertions="5" time="0.225965"/>
        <testcase name="test_json_destroy_as_admin_and_succeed_with_force_delete" file="/app/vendor/gammamatrix/playground-test/src/Feature/Http/Controllers/Resource/Playground/DestroyJsonTrait.php" line="101" class="Tests\Feature\Playground\Crm\Api\Http\Controllers\Playground\ContactRouteTest" classname="Tests.Feature.Playground.Crm.Api.Http.Controllers.Playground.ContactRouteTest" assertions="4" time="0.224725"/>
        <testcase name="test_json_destroy_as_admin_and_succeed_with_no_content" file="/app/vendor/gammamatrix/playground-test/src/Feature/Http/Controllers/Resource/Playground/DestroyJsonTrait.php" line="133" class="Tests\Feature\Playground\Crm\Api\Http\Controllers\Playground\ContactRouteTest" classname="Tests.Feature.Playground.Crm.Api.Http.Controllers.Playground.ContactRouteTest" assertions="5" time="0.229418"/>
        <testcase name="test_json_destroy_as_admin_and_succeed_and_ignore_redirect" file="/app/vendor/gammamatrix/playground-test/src/Feature/Http/Controllers/Resource/Playground/DestroyJsonTrait.php" line="168" class="Tests\Feature\Playground\Crm\Api\Http\Controllers\Playground\ContactRouteTest" classname="Tests.Feature.Playground.Crm.Api.Http.Controllers.Playground.ContactRouteTest" assertions="5" time="0.226049"/>
        <testcase name="test_json_destroy_as_user_and_get_denied_and_no_force_delete_allowed" file="/app/vendor/gammamatrix/playground-test/src/Feature/Http/Controllers/Resource/Playground/DestroyJsonTrait.php" line="210" class="Tests\Feature\Playground\Crm\Api\Http\Controllers\Playground\ContactRouteTest" classname="Tests.Feature.Playground.Crm.Api.Http.Controllers.Playground.ContactRouteTest" assertions="3" time="0.231928"/>
        <testcase name="test_json_guest_cannot_get_edit_info" file="/app/vendor/gammamatrix/playground-test/src/Feature/Http/Controllers/Resource/Playground/EditJsonTrait.php" line="39" class="Tests\Feature\Playground\Crm\Api\Http\Controllers\Playground\ContactRouteTest" classname="Tests.Feature.Playground.Crm.Api.Http.Controllers.Playground.ContactRouteTest" assertions="1" time="0.211998"/>
        <testcase name="test_json_admin_can_get_edit_info" file="/app/vendor/gammamatrix/playground-test/src/Feature/Http/Controllers/Resource/Playground/EditJsonTrait.php" line="59" class="Tests\Feature\Playground\Crm\Api\Http\Controllers\Playground\ContactRouteTest" classname="Tests.Feature.Playground.Crm.Api.Http.Controllers.Playground.ContactRouteTest" assertions="4" time="0.239852"/>
        <testcase name="test_json_edit_as_admin_and_fail_validation_with_invalid_parameter" file="/app/vendor/gammamatrix/playground-test/src/Feature/Http/Controllers/Resource/Playground/EditJsonTrait.php" line="88" class="Tests\Feature\Playground\Crm\Api\Http\Controllers\Playground\ContactRouteTest" classname="Tests.Feature.Playground.Crm.Api.Http.Controllers.Playground.ContactRouteTest" assertions="4" time="0.233260"/>
        <testcase name="test_json_guest_cannot_get_index" file="/app/vendor/gammamatrix/playground-test/src/Feature/Http/Controllers/Resource/Playground/IndexJsonTrait.php" line="35" class="Tests\Feature\Playground\Crm\Api\Http\Controllers\Playground\ContactRouteTest" classname="Tests.Feature.Playground.Crm.Api.Http.Controllers.Playground.ContactRouteTest" assertions="1" time="0.216863"/>
        <testcase name="test_json_admin_can_get_index" file="/app/vendor/gammamatrix/playground-test/src/Feature/Http/Controllers/Resource/Playground/IndexJsonTrait.php" line="50" class="Tests\Feature\Playground\Crm\Api\Http\Controllers\Playground\ContactRouteTest" classname="Tests.Feature.Playground.Crm.Api.Http.Controllers.Playground.ContactRouteTest" assertions="103" time="0.239212"/>
        <testcase name="test_json_admin_can_get_index_with_filters" file="/app/vendor/gammamatrix/playground-test/src/Feature/Http/Controllers/Resource/Playground/IndexJsonTrait.php" line="86" class="Tests\Feature\Playground\Crm\Api\Http\Controllers\Playground\ContactRouteTest" classname="Tests.Feature.Playground.Crm.Api.Http.Controllers.Playground.ContactRouteTest" assertions="3" time="0.240522"/>
        <testcase name="test_json_guest_cannot_lock" file="/app/vendor/gammamatrix/playground-test/src/Feature/Http/Controllers/Resource/Playground/LockJsonTrait.php" line="37" class="Tests\Feature\Playground\Crm\Api\Http\Controllers\Playground\ContactRouteTest" classname="Tests.Feature.Playground.Crm.Api.Http.Controllers.Playground.ContactRouteTest" assertions="3" time="0.215316"/>
        <testcase name="test_json_lock_as_admin_and_succeed" file="/app/vendor/gammamatrix/playground-test/src/Feature/Http/Controllers/Resource/Playground/LockJsonTrait.php" line="67" class="Tests\Feature\Playground\Crm\Api\Http\Controllers\Playground\ContactRouteTest" classname="Tests.Feature.Playground.Crm.Api.Http.Controllers.Playground.ContactRouteTest" assertions="3" time="0.243182"/>
        <testcase name="test_json_lock_as_admin_and_succeed_with_no_redirect" file="/app/vendor/gammamatrix/playground-test/src/Feature/Http/Controllers/Resource/Playground/LockJsonTrait.php" line="99" class="Tests\Feature\Playground\Crm\Api\Http\Controllers\Playground\ContactRouteTest" classname="Tests.Feature.Playground.Crm.Api.Http.Controllers.Playground.ContactRouteTest" assertions="101" time="0.243156"/>
        <testcase name="test_json_lock_as_user_and_get_denied" file="/app/vendor/gammamatrix/playground-test/src/Feature/Http/Controllers/Resource/Playground/LockJsonTrait.php" line="144" class="Tests\Feature\Playground\Crm\Api\Http\Controllers\Playground\ContactRouteTest" classname="Tests.Feature.Playground.Crm.Api.Http.Controllers.Playground.ContactRouteTest" assertions="3" time="0.229852"/>
        <testcase name="test_json_guest_cannot_restore" file="/app/vendor/gammamatrix/playground-test/src/Feature/Http/Controllers/Resource/Playground/RestoreJsonTrait.php" line="33" class="Tests\Feature\Playground\Crm\Api\Http\Controllers\Playground\ContactRouteTest" classname="Tests.Feature.Playground.Crm.Api.Http.Controllers.Playground.ContactRouteTest" assertions="3" time="0.220561"/>
        <testcase name="test_json_restore_as_admin_and_succeed" file="/app/vendor/gammamatrix/playground-test/src/Feature/Http/Controllers/Resource/Playground/RestoreJsonTrait.php" line="65" class="Tests\Feature\Playground\Crm\Api\Http\Controllers\Playground\ContactRouteTest" classname="Tests.Feature.Playground.Crm.Api.Http.Controllers.Playground.ContactRouteTest" assertions="101" time="0.245095"/>
        <testcase name="test_json_restore_as_admin_and_succeed_with_no_redirect" file="/app/vendor/gammamatrix/playground-test/src/Feature/Http/Controllers/Resource/Playground/RestoreJsonTrait.php" line="101" class="Tests\Feature\Playground\Crm\Api\Http\Controllers\Playground\ContactRouteTest" classname="Tests.Feature.Playground.Crm.Api.Http.Controllers.Playground.ContactRouteTest" assertions="101" time="0.242912"/>
        <testcase name="test_json_restore_as_user_and_get_denied" file="/app/vendor/gammamatrix/playground-test/src/Feature/Http/Controllers/Resource/Playground/RestoreJsonTrait.php" line="144" class="Tests\Feature\Playground\Crm\Api\Http\Controllers\Playground\ContactRouteTest" classname="Tests.Feature.Playground.Crm.Api.Http.Controllers.Playground.ContactRouteTest" assertions="3" time="0.231105"/>
        <testcase name="test_json_guest_cannot_see_info" file="/app/vendor/gammamatrix/playground-test/src/Feature/Http/Controllers/Resource/Playground/ShowJsonTrait.php" line="30" class="Tests\Feature\Playground\Crm\Api\Http\Controllers\Playground\ContactRouteTest" classname="Tests.Feature.Playground.Crm.Api.Http.Controllers.Playground.ContactRouteTest" assertions="1" time="0.216022"/>
        <testcase name="test_json_show_info_for_admin" file="/app/vendor/gammamatrix/playground-test/src/Feature/Http/Controllers/Resource/Playground/ShowJsonTrait.php" line="50" class="Tests\Feature\Playground\Crm\Api\Http\Controllers\Playground\ContactRouteTest" classname="Tests.Feature.Playground.Crm.Api.Http.Controllers.Playground.ContactRouteTest" assertions="100" time="0.237186"/>
        <testcase name="test_json_guest_cannot_store" file="/app/vendor/gammamatrix/playground-test/src/Feature/Http/Controllers/Resource/Playground/StoreJsonTrait.php" line="44" class="Tests\Feature\Playground\Crm\Api\Http\Controllers\Playground\ContactRouteTest" classname="Tests.Feature.Playground.Crm.Api.Http.Controllers.Playground.ContactRouteTest" assertions="3" time="0.218557"/>
        <testcase name="test_json_store_as_admin_without_payload_and_fail_validation" file="/app/vendor/gammamatrix/playground-test/src/Feature/Http/Controllers/Resource/Playground/StoreJsonTrait.php" line="67" class="Tests\Feature\Playground\Crm\Api\Http\Controllers\Playground\ContactRouteTest" classname="Tests.Feature.Playground.Crm.Api.Http.Controllers.Playground.ContactRouteTest" assertions="5" time="0.230218"/>
        <testcase name="test_json_store_as_admin_and_succeed" file="/app/vendor/gammamatrix/playground-test/src/Feature/Http/Controllers/Resource/Playground/StoreJsonTrait.php" line="93" class="Tests\Feature\Playground\Crm\Api\Http\Controllers\Playground\ContactRouteTest" classname="Tests.Feature.Playground.Crm.Api.Http.Controllers.Playground.ContactRouteTest" assertions="3" time="0.264187"/>
        <testcase name="test_json_guest_cannot_unlock" file="/app/vendor/gammamatrix/playground-test/src/Feature/Http/Controllers/Resource/Playground/UnlockJsonTrait.php" line="37" class="Tests\Feature\Playground\Crm\Api\Http\Controllers\Playground\ContactRouteTest" classname="Tests.Feature.Playground.Crm.Api.Http.Controllers.Playground.ContactRouteTest" assertions="3" time="0.219106"/>
        <testcase name="test_json_unlock_as_admin_and_succeed" file="/app/vendor/gammamatrix/playground-test/src/Feature/Http/Controllers/Resource/Playground/UnlockJsonTrait.php" line="69" class="Tests\Feature\Playground\Crm\Api\Http\Controllers\Playground\ContactRouteTest" classname="Tests.Feature.Playground.Crm.Api.Http.Controllers.Playground.ContactRouteTest" assertions="101" time="0.243980"/>
        <testcase name="test_json_unlock_as_admin_and_succeed_with_no_redirect" file="/app/vendor/gammamatrix/playground-test/src/Feature/Http/Controllers/Resource/Playground/UnlockJsonTrait.php" line="105" class="Tests\Feature\Playground\Crm\Api\Http\Controllers\Playground\ContactRouteTest" classname="Tests.Feature.Playground.Crm.Api.Http.Controllers.Playground.ContactRouteTest" assertions="101" time="0.252398"/>
        <testcase name="test_json_unlock_as_user_and_get_denied" file="/app/vendor/gammamatrix/playground-test/src/Feature/Http/Controllers/Resource/Playground/UnlockJsonTrait.php" line="146" class="Tests\Feature\Playground\Crm\Api\Http\Controllers\Playground\ContactRouteTest" classname="Tests.Feature.Playground.Crm.Api.Http.Controllers.Playground.ContactRouteTest" assertions="3" time="0.232543"/>
        <testcase name="test_json_guest_cannot_update" file="/app/vendor/gammamatrix/playground-test/src/Feature/Http/Controllers/Resource/Playground/UpdateJsonTrait.php" line="46" class="Tests\Feature\Playground\Crm\Api\Http\Controllers\Playground\ContactRouteTest" classname="Tests.Feature.Playground.Crm.Api.Http.Controllers.Playground.ContactRouteTest" assertions="1" time="0.216554"/>
        <testcase name="test_json_update_as_admin_without_payload_and_passes_validation" file="/app/vendor/gammamatrix/playground-test/src/Feature/Http/Controllers/Resource/Playground/UpdateJsonTrait.php" line="66" class="Tests\Feature\Playground\Crm\Api\Http\Controllers\Playground\ContactRouteTest" classname="Tests.Feature.Playground.Crm.Api.Http.Controllers.Playground.ContactRouteTest" assertions="2" time="0.254298"/>
        <testcase name="test_json_admin_can_update" file="/app/vendor/gammamatrix/playground-test/src/Feature/Http/Controllers/Resource/Playground/UpdateJsonTrait.php" line="114" class="Tests\Feature\Playground\Crm\Api\Http\Controllers\Playground\ContactRouteTest" classname="Tests.Feature.Playground.Crm.Api.Http.Controllers.Playground.ContactRouteTest" assertions="103" time="0.288016"/>
      </testsuite>
      <testsuite name="Tests\Feature\Playground\Crm\Api\Http\Controllers\Playground\LocationRouteTest" file="/app/tests/Feature/Http/Controllers/Playground/LocationRouteTest.php" tests="35" assertions="989" errors="0" failures="0" skipped="0" time="8.108671">
        <testcase name="test_json_guest_cannot_get_create_info" file="/app/vendor/gammamatrix/playground-test/src/Feature/Http/Controllers/Resource/Playground/CreateJsonTrait.php" line="39" class="Tests\Feature\Playground\Crm\Api\Http\Controllers\Playground\LocationRouteTest" classname="Tests.Feature.Playground.Crm.Api.Http.Controllers.Playground.LocationRouteTest" assertions="1" time="0.199316"/>
        <testcase name="test_json_admin_can_get_create_info" file="/app/vendor/gammamatrix/playground-test/src/Feature/Http/Controllers/Resource/Playground/CreateJsonTrait.php" line="54" class="Tests\Feature\Playground\Crm\Api\Http\Controllers\Playground\LocationRouteTest" classname="Tests.Feature.Playground.Crm.Api.Http.Controllers.Playground.LocationRouteTest" assertions="99" time="0.226642"/>
        <testcase name="test_json_get_create_info_as_admin_with_invalid_parameter_and_fail_validation" file="/app/vendor/gammamatrix/playground-test/src/Feature/Http/Controllers/Resource/Playground/CreateJsonTrait.php" line="74" class="Tests\Feature\Playground\Crm\Api\Http\Controllers\Playground\LocationRouteTest" classname="Tests.Feature.Playground.Crm.Api.Http.Controllers.Playground.LocationRouteTest" assertions="4" time="0.223130"/>
        <testcase name="test_json_guest_cannot_destroy" file="/app/vendor/gammamatrix/playground-test/src/Feature/Http/Controllers/Resource/Playground/DestroyJsonTrait.php" line="32" class="Tests\Feature\Playground\Crm\Api\Http\Controllers\Playground\LocationRouteTest" classname="Tests.Feature.Playground.Crm.Api.Http.Controllers.Playground.LocationRouteTest" assertions="3" time="0.210123"/>
        <testcase name="test_json_destroy_as_admin_and_succeed" file="/app/vendor/gammamatrix/playground-test/src/Feature/Http/Controllers/Resource/Playground/DestroyJsonTrait.php" line="62" class="Tests\Feature\Playground\Crm\Api\Http\Controllers\Playground\LocationRouteTest" classname="Tests.Feature.Playground.Crm.Api.Http.Controllers.Playground.LocationRouteTest" assertions="5" time="0.226244"/>
        <testcase name="test_json_destroy_as_admin_and_succeed_with_force_delete" file="/app/vendor/gammamatrix/playground-test/src/Feature/Http/Controllers/Resource/Playground/DestroyJsonTrait.php" line="101" class="Tests\Feature\Playground\Crm\Api\Http\Controllers\Playground\LocationRouteTest" classname="Tests.Feature.Playground.Crm.Api.Http.Controllers.Playground.LocationRouteTest" assertions="4" time="0.225850"/>
        <testcase name="test_json_destroy_as_admin_and_succeed_with_no_content" file="/app/vendor/gammamatrix/playground-test/src/Feature/Http/Controllers/Resource/Playground/DestroyJsonTrait.php" line="133" class="Tests\Feature\Playground\Crm\Api\Http\Controllers\Playground\LocationRouteTest" classname="Tests.Feature.Playground.Crm.Api.Http.Controllers.Playground.LocationRouteTest" assertions="5" time="0.231378"/>
        <testcase name="test_json_destroy_as_admin_and_succeed_and_ignore_redirect" file="/app/vendor/gammamatrix/playground-test/src/Feature/Http/Controllers/Resource/Playground/DestroyJsonTrait.php" line="168" class="Tests\Feature\Playground\Crm\Api\Http\Controllers\Playground\LocationRouteTest" classname="Tests.Feature.Playground.Crm.Api.Http.Controllers.Playground.LocationRouteTest" assertions="5" time="0.227741"/>
        <testcase name="test_json_destroy_as_user_and_get_denied_and_no_force_delete_allowed" file="/app/vendor/gammamatrix/playground-test/src/Feature/Http/Controllers/Resource/Playground/DestroyJsonTrait.php" line="210" class="Tests\Feature\Playground\Crm\Api\Http\Controllers\Playground\LocationRouteTest" classname="Tests.Feature.Playground.Crm.Api.Http.Controllers.Playground.LocationRouteTest" assertions="3" time="0.237523"/>
        <testcase name="test_json_guest_cannot_get_edit_info" file="/app/vendor/gammamatrix/playground-test/src/Feature/Http/Controllers/Resource/Playground/EditJsonTrait.php" line="39" class="Tests\Feature\Playground\Crm\Api\Http\Controllers\Playground\LocationRouteTest" classname="Tests.Feature.Playground.Crm.Api.Http.Controllers.Playground.LocationRouteTest" assertions="1" time="0.215365"/>
        <testcase name="test_json_admin_can_get_edit_info" file="/app/vendor/gammamatrix/playground-test/src/Feature/Http/Controllers/Resource/Playground/EditJsonTrait.php" line="59" class="Tests\Feature\Playground\Crm\Api\Http\Controllers\Playground\LocationRouteTest" classname="Tests.Feature.Playground.Crm.Api.Http.Controllers.Playground.LocationRouteTest" assertions="4" time="0.238587"/>
        <testcase name="test_json_edit_as_admin_and_fail_validation_with_invalid_parameter" file="/app/vendor/gammamatrix/playground-test/src/Feature/Http/Controllers/Resource/Playground/EditJsonTrait.php" line="88" class="Tests\Feature\Playground\Crm\Api\Http\Controllers\Playground\LocationRouteTest" classname="Tests.Feature.Playground.Crm.Api.Http.Controllers.Playground.LocationRouteTest" assertions="4" time="0.236742"/>
        <testcase name="test_json_guest_cannot_get_index" file="/app/vendor/gammamatrix/playground-test/src/Feature/Http/Controllers/Resource/Playground/IndexJsonTrait.php" line="35" class="Tests\Feature\Playground\Crm\Api\Http\Controllers\Playground\LocationRouteTest" classname="Tests.Feature.Playground.Crm.Api.Http.Controllers.Playground.LocationRouteTest" assertions="1" time="0.213713"/>
        <testcase name="test_json_admin_can_get_index" file="/app/vendor/gammamatrix/playground-test/src/Feature/Http/Controllers/Resource/Playground/IndexJsonTrait.php" line="50" class="Tests\Feature\Playground\Crm\Api\Http\Controllers\Playground\LocationRouteTest" classname="Tests.Feature.Playground.Crm.Api.Http.Controllers.Playground.LocationRouteTest" assertions="103" time="0.240439"/>
        <testcase name="test_json_admin_can_get_index_with_filters" file="/app/vendor/gammamatrix/playground-test/src/Feature/Http/Controllers/Resource/Playground/IndexJsonTrait.php" line="86" class="Tests\Feature\Playground\Crm\Api\Http\Controllers\Playground\LocationRouteTest" classname="Tests.Feature.Playground.Crm.Api.Http.Controllers.Playground.LocationRouteTest" assertions="3" time="0.245412"/>
        <testcase name="test_json_guest_cannot_lock" file="/app/vendor/gammamatrix/playground-test/src/Feature/Http/Controllers/Resource/Playground/LockJsonTrait.php" line="37" class="Tests\Feature\Playground\Crm\Api\Http\Controllers\Playground\LocationRouteTest" classname="Tests.Feature.Playground.Crm.Api.Http.Controllers.Playground.LocationRouteTest" assertions="3" time="0.213966"/>
        <testcase name="test_json_lock_as_admin_and_succeed" file="/app/vendor/gammamatrix/playground-test/src/Feature/Http/Controllers/Resource/Playground/LockJsonTrait.php" line="67" class="Tests\Feature\Playground\Crm\Api\Http\Controllers\Playground\LocationRouteTest" classname="Tests.Feature.Playground.Crm.Api.Http.Controllers.Playground.LocationRouteTest" assertions="3" time="0.238760"/>
        <testcase name="test_json_lock_as_admin_and_succeed_with_no_redirect" file="/app/vendor/gammamatrix/playground-test/src/Feature/Http/Controllers/Resource/Playground/LockJsonTrait.php" line="99" class="Tests\Feature\Playground\Crm\Api\Http\Controllers\Playground\LocationRouteTest" classname="Tests.Feature.Playground.Crm.Api.Http.Controllers.Playground.LocationRouteTest" assertions="101" time="0.237710"/>
        <testcase name="test_json_lock_as_user_and_get_denied" file="/app/vendor/gammamatrix/playground-test/src/Feature/Http/Controllers/Resource/Playground/LockJsonTrait.php" line="144" class="Tests\Feature\Playground\Crm\Api\Http\Controllers\Playground\LocationRouteTest" classname="Tests.Feature.Playground.Crm.Api.Http.Controllers.Playground.LocationRouteTest" assertions="3" time="0.225307"/>
        <testcase name="test_json_guest_cannot_restore" file="/app/vendor/gammamatrix/playground-test/src/Feature/Http/Controllers/Resource/Playground/RestoreJsonTrait.php" line="33" class="Tests\Feature\Playground\Crm\Api\Http\Controllers\Playground\LocationRouteTest" classname="Tests.Feature.Playground.Crm.Api.Http.Controllers.Playground.LocationRouteTest" assertions="3" time="0.231377"/>
        <testcase name="test_json_restore_as_admin_and_succeed" file="/app/vendor/gammamatrix/playground-test/src/Feature/Http/Controllers/Resource/Playground/RestoreJsonTrait.php" line="65" class="Tests\Feature\Playground\Crm\Api\Http\Controllers\Playground\LocationRouteTest" classname="Tests.Feature.Playground.Crm.Api.Http.Controllers.Playground.LocationRouteTest" assertions="101" time="0.238287"/>
        <testcase name="test_json_restore_as_admin_and_succeed_with_no_redirect" file="/app/vendor/gammamatrix/playground-test/src/Feature/Http/Controllers/Resource/Playground/RestoreJsonTrait.php" line="101" class="Tests\Feature\Playground\Crm\Api\Http\Controllers\Playground\LocationRouteTest" classname="Tests.Feature.Playground.Crm.Api.Http.Controllers.Playground.LocationRouteTest" assertions="101" time="0.241077"/>
        <testcase name="test_json_restore_as_user_and_get_denied" file="/app/vendor/gammamatrix/playground-test/src/Feature/Http/Controllers/Resource/Playground/RestoreJsonTrait.php" line="144" class="Tests\Feature\Playground\Crm\Api\Http\Controllers\Playground\LocationRouteTest" classname="Tests.Feature.Playground.Crm.Api.Http.Controllers.Playground.LocationRouteTest" assertions="3" time="0.235500"/>
        <testcase name="test_json_guest_cannot_see_info" file="/app/vendor/gammamatrix/playground-test/src/Feature/Http/Controllers/Resource/Playground/ShowJsonTrait.php" line="30" class="Tests\Feature\Playground\Crm\Api\Http\Controllers\Playground\LocationRouteTest" classname="Tests.Feature.Playground.Crm.Api.Http.Controllers.Playground.LocationRouteTest" assertions="1" time="0.220305"/>
        <testcase name="test_json_show_info_for_admin" file="/app/vendor/gammamatrix/playground-test/src/Feature/Http/Controllers/Resource/Playground/ShowJsonTrait.php" line="50" class="Tests\Feature\Playground\Crm\Api\Http\Controllers\Playground\LocationRouteTest" classname="Tests.Feature.Playground.Crm.Api.Http.Controllers.Playground.LocationRouteTest" assertions="100" time="0.231755"/>
        <testcase name="test_json_guest_cannot_store" file="/app/vendor/gammamatrix/playground-test/src/Feature/Http/Controllers/Resource/Playground/StoreJsonTrait.php" line="44" class="Tests\Feature\Playground\Crm\Api\Http\Controllers\Playground\LocationRouteTest" classname="Tests.Feature.Playground.Crm.Api.Http.Controllers.Playground.LocationRouteTest" assertions="3" time="0.211376"/>
        <testcase name="test_json_store_as_admin_without_payload_and_fail_validation" file="/app/vendor/gammamatrix/playground-test/src/Feature/Http/Controllers/Resource/Playground/StoreJsonTrait.php" line="67" class="Tests\Feature\Playground\Crm\Api\Http\Controllers\Playground\LocationRouteTest" classname="Tests.Feature.Playground.Crm.Api.Http.Controllers.Playground.LocationRouteTest" assertions="5" time="0.225939"/>
        <testcase name="test_json_store_as_admin_and_succeed" file="/app/vendor/gammamatrix/playground-test/src/Feature/Http/Controllers/Resource/Playground/StoreJsonTrait.php" line="93" class="Tests\Feature\Playground\Crm\Api\Http\Controllers\Playground\LocationRouteTest" classname="Tests.Feature.Playground.Crm.Api.Http.Controllers.Playground.LocationRouteTest" assertions="3" time="0.257951"/>
        <testcase name="test_json_guest_cannot_unlock" file="/app/vendor/gammamatrix/playground-test/src/Feature/Http/Controllers/Resource/Playground/UnlockJsonTrait.php" line="37" class="Tests\Feature\Playground\Crm\Api\Http\Controllers\Playground\LocationRouteTest" classname="Tests.Feature.Playground.Crm.Api.Http.Controllers.Playground.LocationRouteTest" assertions="3" time="0.216656"/>
        <testcase name="test_json_unlock_as_admin_and_succeed" file="/app/vendor/gammamatrix/playground-test/src/Feature/Http/Controllers/Resource/Playground/UnlockJsonTrait.php" line="69" class="Tests\Feature\Playground\Crm\Api\Http\Controllers\Playground\LocationRouteTest" classname="Tests.Feature.Playground.Crm.Api.Http.Controllers.Playground.LocationRouteTest" assertions="101" time="0.239446"/>
        <testcase name="test_json_unlock_as_admin_and_succeed_with_no_redirect" file="/app/vendor/gammamatrix/playground-test/src/Feature/Http/Controllers/Resource/Playground/UnlockJsonTrait.php" line="105" class="Tests\Feature\Playground\Crm\Api\Http\Controllers\Playground\LocationRouteTest" classname="Tests.Feature.Playground.Crm.Api.Http.Controllers.Playground.LocationRouteTest" assertions="101" time="0.250543"/>
        <testcase name="test_json_unlock_as_user_and_get_denied" file="/app/vendor/gammamatrix/playground-test/src/Feature/Http/Controllers/Resource/Playground/UnlockJsonTrait.php" line="146" class="Tests\Feature\Playground\Crm\Api\Http\Controllers\Playground\LocationRouteTest" classname="Tests.Feature.Playground.Crm.Api.Http.Controllers.Playground.LocationRouteTest" assertions="3" time="0.232911"/>
        <testcase name="test_json_guest_cannot_update" file="/app/vendor/gammamatrix/playground-test/src/Feature/Http/Controllers/Resource/Playground/UpdateJsonTrait.php" line="46" class="Tests\Feature\Playground\Crm\Api\Http\Controllers\Playground\LocationRouteTest" classname="Tests.Feature.Playground.Crm.Api.Http.Controllers.Playground.LocationRouteTest" assertions="1" time="0.220647"/>
        <testcase name="test_json_update_as_admin_without_payload_and_passes_validation" file="/app/vendor/gammamatrix/playground-test/src/Feature/Http/Controllers/Resource/Playground/UpdateJsonTrait.php" line="66" class="Tests\Feature\Playground\Crm\Api\Http\Controllers\Playground\LocationRouteTest" classname="Tests.Feature.Playground.Crm.Api.Http.Controllers.Playground.LocationRouteTest" assertions="2" time="0.251462"/>
        <testcase name="test_json_admin_can_update" file="/app/vendor/gammamatrix/playground-test/src/Feature/Http/Controllers/Resource/Playground/UpdateJsonTrait.php" line="114" class="Tests\Feature\Playground\Crm\Api\Http\Controllers\Playground\LocationRouteTest" classname="Tests.Feature.Playground.Crm.Api.Http.Controllers.Playground.LocationRouteTest" assertions="103" time="0.289491"/>
[...]
        <testcase name="test_json_guest_cannot_see_info" file="/app/vendor/gammamatrix/playground-test/src/Feature/Http/Controllers/Resource/Playground/ShowJsonTrait.php" line="30" class="Tests\Feature\Playground\Crm\Api\Http\Controllers\Playground\OrganizationRouteTest" classname="Tests.Feature.Playground.Crm.Api.Http.Controllers.Playground.OrganizationRouteTest" assertions="1" time="0.218261"/>
        <testcase name="test_json_show_info_for_admin" file="/app/vendor/gammamatrix/playground-test/src/Feature/Http/Controllers/Resource/Playground/ShowJsonTrait.php" line="50" class="Tests\Feature\Playground\Crm\Api\Http\Controllers\Playground\OrganizationRouteTest" classname="Tests.Feature.Playground.Crm.Api.Http.Controllers.Playground.OrganizationRouteTest" assertions="100" time="0.234766"/>
        <testcase name="test_json_guest_cannot_store" file="/app/vendor/gammamatrix/playground-test/src/Feature/Http/Controllers/Resource/Playground/StoreJsonTrait.php" line="44" class="Tests\Feature\Playground\Crm\Api\Http\Controllers\Playground\OrganizationRouteTest" classname="Tests.Feature.Playground.Crm.Api.Http.Controllers.Playground.OrganizationRouteTest" assertions="3" time="0.212820"/>
        <testcase name="test_json_store_as_admin_without_payload_and_fail_validation" file="/app/vendor/gammamatrix/playground-test/src/Feature/Http/Controllers/Resource/Playground/StoreJsonTrait.php" line="67" class="Tests\Feature\Playground\Crm\Api\Http\Controllers\Playground\OrganizationRouteTest" classname="Tests.Feature.Playground.Crm.Api.Http.Controllers.Playground.OrganizationRouteTest" assertions="5" time="0.227401"/>
        <testcase name="test_json_store_as_admin_and_succeed" file="/app/vendor/gammamatrix/playground-test/src/Feature/Http/Controllers/Resource/Playground/StoreJsonTrait.php" line="93" class="Tests\Feature\Playground\Crm\Api\Http\Controllers\Playground\OrganizationRouteTest" classname="Tests.Feature.Playground.Crm.Api.Http.Controllers.Playground.OrganizationRouteTest" assertions="3" time="0.272454"/>
        <testcase name="test_json_guest_cannot_unlock" file="/app/vendor/gammamatrix/playground-test/src/Feature/Http/Controllers/Resource/Playground/UnlockJsonTrait.php" line="37" class="Tests\Feature\Playground\Crm\Api\Http\Controllers\Playground\OrganizationRouteTest" classname="Tests.Feature.Playground.Crm.Api.Http.Controllers.Playground.OrganizationRouteTest" assertions="3" time="0.219848"/>
        <testcase name="test_json_unlock_as_admin_and_succeed" file="/app/vendor/gammamatrix/playground-test/src/Feature/Http/Controllers/Resource/Playground/UnlockJsonTrait.php" line="69" class="Tests\Feature\Playground\Crm\Api\Http\Controllers\Playground\OrganizationRouteTest" classname="Tests.Feature.Playground.Crm.Api.Http.Controllers.Playground.OrganizationRouteTest" assertions="101" time="0.243465"/>
        <testcase name="test_json_unlock_as_admin_and_succeed_with_no_redirect" file="/app/vendor/gammamatrix/playground-test/src/Feature/Http/Controllers/Resource/Playground/UnlockJsonTrait.php" line="105" class="Tests\Feature\Playground\Crm\Api\Http\Controllers\Playground\OrganizationRouteTest" classname="Tests.Feature.Playground.Crm.Api.Http.Controllers.Playground.OrganizationRouteTest" assertions="101" time="0.244351"/>
        <testcase name="test_json_unlock_as_user_and_get_denied" file="/app/vendor/gammamatrix/playground-test/src/Feature/Http/Controllers/Resource/Playground/UnlockJsonTrait.php" line="146" class="Tests\Feature\Playground\Crm\Api\Http\Controllers\Playground\OrganizationRouteTest" classname="Tests.Feature.Playground.Crm.Api.Http.Controllers.Playground.OrganizationRouteTest" assertions="3" time="0.230887"/>
        <testcase name="test_json_guest_cannot_update" file="/app/vendor/gammamatrix/playground-test/src/Feature/Http/Controllers/Resource/Playground/UpdateJsonTrait.php" line="46" class="Tests\Feature\Playground\Crm\Api\Http\Controllers\Playground\OrganizationRouteTest" classname="Tests.Feature.Playground.Crm.Api.Http.Controllers.Playground.OrganizationRouteTest" assertions="1" time="0.220878"/>
        <testcase name="test_json_update_as_admin_without_payload_and_passes_validation" file="/app/vendor/gammamatrix/playground-test/src/Feature/Http/Controllers/Resource/Playground/UpdateJsonTrait.php" line="66" class="Tests\Feature\Playground\Crm\Api\Http\Controllers\Playground\OrganizationRouteTest" classname="Tests.Feature.Playground.Crm.Api.Http.Controllers.Playground.OrganizationRouteTest" assertions="2" time="0.249989"/>
        <testcase name="test_json_admin_can_update" file="/app/vendor/gammamatrix/playground-test/src/Feature/Http/Controllers/Resource/Playground/UpdateJsonTrait.php" line="114" class="Tests\Feature\Playground\Crm\Api\Http\Controllers\Playground\OrganizationRouteTest" classname="Tests.Feature.Playground.Crm.Api.Http.Controllers.Playground.OrganizationRouteTest" assertions="103" time="0.288127"/>
      </testsuite>
      <testsuite name="Tests\Feature\Playground\Crm\Api\Http\Controllers\Playground\PeopleRouteTest" file="/app/tests/Feature/Http/Controllers/Playground/PeopleRouteTest.php" tests="35" assertions="989" errors="0" failures="0" skipped="0" time="8.188777">
        <testcase name="test_json_guest_cannot_get_create_info" file="/app/vendor/gammamatrix/playground-test/src/Feature/Http/Controllers/Resource/Playground/CreateJsonTrait.php" line="39" class="Tests\Feature\Playground\Crm\Api\Http\Controllers\Playground\PeopleRouteTest" classname="Tests.Feature.Playground.Crm.Api.Http.Controllers.Playground.PeopleRouteTest" assertions="1" time="0.208045"/>
        <testcase name="test_json_admin_can_get_create_info" file="/app/vendor/gammamatrix/playground-test/src/Feature/Http/Controllers/Resource/Playground/CreateJsonTrait.php" line="54" class="Tests\Feature\Playground\Crm\Api\Http\Controllers\Playground\PeopleRouteTest" classname="Tests.Feature.Playground.Crm.Api.Http.Controllers.Playground.PeopleRouteTest" assertions="99" time="0.229427"/>
        <testcase name="test_json_get_create_info_as_admin_with_invalid_parameter_and_fail_validation" file="/app/vendor/gammamatrix/playground-test/src/Feature/Http/Controllers/Resource/Playground/CreateJsonTrait.php" line="74" class="Tests\Feature\Playground\Crm\Api\Http\Controllers\Playground\PeopleRouteTest" classname="Tests.Feature.Playground.Crm.Api.Http.Controllers.Playground.PeopleRouteTest" assertions="4" time="0.219229"/>
        <testcase name="test_json_guest_cannot_destroy" file="/app/vendor/gammamatrix/playground-test/src/Feature/Http/Controllers/Resource/Playground/DestroyJsonTrait.php" line="32" class="Tests\Feature\Playground\Crm\Api\Http\Controllers\Playground\PeopleRouteTest" classname="Tests.Feature.Playground.Crm.Api.Http.Controllers.Playground.PeopleRouteTest" assertions="3" time="0.209023"/>
        <testcase name="test_json_destroy_as_admin_and_succeed" file="/app/vendor/gammamatrix/playground-test/src/Feature/Http/Controllers/Resource/Playground/DestroyJsonTrait.php" line="62" class="Tests\Feature\Playground\Crm\Api\Http\Controllers\Playground\PeopleRouteTest" classname="Tests.Feature.Playground.Crm.Api.Http.Controllers.Playground.PeopleRouteTest" assertions="5" time="0.224799"/>
        <testcase name="test_json_destroy_as_admin_and_succeed_with_force_delete" file="/app/vendor/gammamatrix/playground-test/src/Feature/Http/Controllers/Resource/Playground/DestroyJsonTrait.php" line="101" class="Tests\Feature\Playground\Crm\Api\Http\Controllers\Playground\PeopleRouteTest" classname="Tests.Feature.Playground.Crm.Api.Http.Controllers.Playground.PeopleRouteTest" assertions="4" time="0.224746"/>
        <testcase name="test_json_destroy_as_admin_and_succeed_with_no_content" file="/app/vendor/gammamatrix/playground-test/src/Feature/Http/Controllers/Resource/Playground/DestroyJsonTrait.php" line="133" class="Tests\Feature\Playground\Crm\Api\Http\Controllers\Playground\PeopleRouteTest" classname="Tests.Feature.Playground.Crm.Api.Http.Controllers.Playground.PeopleRouteTest" assertions="5" time="0.226336"/>
        <testcase name="test_json_destroy_as_admin_and_succeed_and_ignore_redirect" file="/app/vendor/gammamatrix/playground-test/src/Feature/Http/Controllers/Resource/Playground/DestroyJsonTrait.php" line="168" class="Tests\Feature\Playground\Crm\Api\Http\Controllers\Playground\PeopleRouteTest" classname="Tests.Feature.Playground.Crm.Api.Http.Controllers.Playground.PeopleRouteTest" assertions="5" time="0.227967"/>
        <testcase name="test_json_destroy_as_user_and_get_denied_and_no_force_delete_allowed" file="/app/vendor/gammamatrix/playground-test/src/Feature/Http/Controllers/Resource/Playground/DestroyJsonTrait.php" line="210" class="Tests\Feature\Playground\Crm\Api\Http\Controllers\Playground\PeopleRouteTest" classname="Tests.Feature.Playground.Crm.Api.Http.Controllers.Playground.PeopleRouteTest" assertions="3" time="0.239296"/>
        <testcase name="test_json_guest_cannot_get_edit_info" file="/app/vendor/gammamatrix/playground-test/src/Feature/Http/Controllers/Resource/Playground/EditJsonTrait.php" line="39" class="Tests\Feature\Playground\Crm\Api\Http\Controllers\Playground\PeopleRouteTest" classname="Tests.Feature.Playground.Crm.Api.Http.Controllers.Playground.PeopleRouteTest" assertions="1" time="0.211899"/>
        <testcase name="test_json_admin_can_get_edit_info" file="/app/vendor/gammamatrix/playground-test/src/Feature/Http/Controllers/Resource/Playground/EditJsonTrait.php" line="59" class="Tests\Feature\Playground\Crm\Api\Http\Controllers\Playground\PeopleRouteTest" classname="Tests.Feature.Playground.Crm.Api.Http.Controllers.Playground.PeopleRouteTest" assertions="4" time="0.239335"/>
        <testcase name="test_json_edit_as_admin_and_fail_validation_with_invalid_parameter" file="/app/vendor/gammamatrix/playground-test/src/Feature/Http/Controllers/Resource/Playground/EditJsonTrait.php" line="88" class="Tests\Feature\Playground\Crm\Api\Http\Controllers\Playground\PeopleRouteTest" classname="Tests.Feature.Playground.Crm.Api.Http.Controllers.Playground.PeopleRouteTest" assertions="4" time="0.236836"/>
        <testcase name="test_json_guest_cannot_get_index" file="/app/vendor/gammamatrix/playground-test/src/Feature/Http/Controllers/Resource/Playground/IndexJsonTrait.php" line="35" class="Tests\Feature\Playground\Crm\Api\Http\Controllers\Playground\PeopleRouteTest" classname="Tests.Feature.Playground.Crm.Api.Http.Controllers.Playground.PeopleRouteTest" assertions="1" time="0.217574"/>
        <testcase name="test_json_admin_can_get_index" file="/app/vendor/gammamatrix/playground-test/src/Feature/Http/Controllers/Resource/Playground/IndexJsonTrait.php" line="50" class="Tests\Feature\Playground\Crm\Api\Http\Controllers\Playground\PeopleRouteTest" classname="Tests.Feature.Playground.Crm.Api.Http.Controllers.Playground.PeopleRouteTest" assertions="103" time="0.239059"/>
        <testcase name="test_json_admin_can_get_index_with_filters" file="/app/vendor/gammamatrix/playground-test/src/Feature/Http/Controllers/Resource/Playground/IndexJsonTrait.php" line="86" class="Tests\Feature\Playground\Crm\Api\Http\Controllers\Playground\PeopleRouteTest" classname="Tests.Feature.Playground.Crm.Api.Http.Controllers.Playground.PeopleRouteTest" assertions="3" time="0.241877"/>
        <testcase name="test_json_guest_cannot_lock" file="/app/vendor/gammamatrix/playground-test/src/Feature/Http/Controllers/Resource/Playground/LockJsonTrait.php" line="37" class="Tests\Feature\Playground\Crm\Api\Http\Controllers\Playground\PeopleRouteTest" classname="Tests.Feature.Playground.Crm.Api.Http.Controllers.Playground.PeopleRouteTest" assertions="3" time="0.213218"/>
        <testcase name="test_json_lock_as_admin_and_succeed" file="/app/vendor/gammamatrix/playground-test/src/Feature/Http/Controllers/Resource/Playground/LockJsonTrait.php" line="67" class="Tests\Feature\Playground\Crm\Api\Http\Controllers\Playground\PeopleRouteTest" classname="Tests.Feature.Playground.Crm.Api.Http.Controllers.Playground.PeopleRouteTest" assertions="3" time="0.249645"/>
        <testcase name="test_json_lock_as_admin_and_succeed_with_no_redirect" file="/app/vendor/gammamatrix/playground-test/src/Feature/Http/Controllers/Resource/Playground/LockJsonTrait.php" line="99" class="Tests\Feature\Playground\Crm\Api\Http\Controllers\Playground\PeopleRouteTest" classname="Tests.Feature.Playground.Crm.Api.Http.Controllers.Playground.PeopleRouteTest" assertions="101" time="0.236942"/>
        <testcase name="test_json_lock_as_user_and_get_denied" file="/app/vendor/gammamatrix/playground-test/src/Feature/Http/Controllers/Resource/Playground/LockJsonTrait.php" line="144" class="Tests\Feature\Playground\Crm\Api\Http\Controllers\Playground\PeopleRouteTest" classname="Tests.Feature.Playground.Crm.Api.Http.Controllers.Playground.PeopleRouteTest" assertions="3" time="0.225862"/>
        <testcase name="test_json_guest_cannot_restore" file="/app/vendor/gammamatrix/playground-test/src/Feature/Http/Controllers/Resource/Playground/RestoreJsonTrait.php" line="33" class="Tests\Feature\Playground\Crm\Api\Http\Controllers\Playground\PeopleRouteTest" classname="Tests.Feature.Playground.Crm.Api.Http.Controllers.Playground.PeopleRouteTest" assertions="3" time="0.214941"/>
        <testcase name="test_json_restore_as_admin_and_succeed" file="/app/vendor/gammamatrix/playground-test/src/Feature/Http/Controllers/Resource/Playground/RestoreJsonTrait.php" line="65" class="Tests\Feature\Playground\Crm\Api\Http\Controllers\Playground\PeopleRouteTest" classname="Tests.Feature.Playground.Crm.Api.Http.Controllers.Playground.PeopleRouteTest" assertions="101" time="0.239548"/>
        <testcase name="test_json_restore_as_admin_and_succeed_with_no_redirect" file="/app/vendor/gammamatrix/playground-test/src/Feature/Http/Controllers/Resource/Playground/RestoreJsonTrait.php" line="101" class="Tests\Feature\Playground\Crm\Api\Http\Controllers\Playground\PeopleRouteTest" classname="Tests.Feature.Playground.Crm.Api.Http.Controllers.Playground.PeopleRouteTest" assertions="101" time="0.241069"/>
        <testcase name="test_json_restore_as_user_and_get_denied" file="/app/vendor/gammamatrix/playground-test/src/Feature/Http/Controllers/Resource/Playground/RestoreJsonTrait.php" line="144" class="Tests\Feature\Playground\Crm\Api\Http\Controllers\Playground\PeopleRouteTest" classname="Tests.Feature.Playground.Crm.Api.Http.Controllers.Playground.PeopleRouteTest" assertions="3" time="0.230775"/>
        <testcase name="test_json_guest_cannot_see_info" file="/app/vendor/gammamatrix/playground-test/src/Feature/Http/Controllers/Resource/Playground/ShowJsonTrait.php" line="30" class="Tests\Feature\Playground\Crm\Api\Http\Controllers\Playground\PeopleRouteTest" classname="Tests.Feature.Playground.Crm.Api.Http.Controllers.Playground.PeopleRouteTest" assertions="1" time="0.224061"/>
        <testcase name="test_json_show_info_for_admin" file="/app/vendor/gammamatrix/playground-test/src/Feature/Http/Controllers/Resource/Playground/ShowJsonTrait.php" line="50" class="Tests\Feature\Playground\Crm\Api\Http\Controllers\Playground\PeopleRouteTest" classname="Tests.Feature.Playground.Crm.Api.Http.Controllers.Playground.PeopleRouteTest" assertions="100" time="0.241321"/>
        <testcase name="test_json_guest_cannot_store" file="/app/vendor/gammamatrix/playground-test/src/Feature/Http/Controllers/Resource/Playground/StoreJsonTrait.php" line="44" class="Tests\Feature\Playground\Crm\Api\Http\Controllers\Playground\PeopleRouteTest" classname="Tests.Feature.Playground.Crm.Api.Http.Controllers.Playground.PeopleRouteTest" assertions="3" time="0.212697"/>
        <testcase name="test_json_store_as_admin_without_payload_and_fail_validation" file="/app/vendor/gammamatrix/playground-test/src/Feature/Http/Controllers/Resource/Playground/StoreJsonTrait.php" line="67" class="Tests\Feature\Playground\Crm\Api\Http\Controllers\Playground\PeopleRouteTest" classname="Tests.Feature.Playground.Crm.Api.Http.Controllers.Playground.PeopleRouteTest" assertions="5" time="0.229583"/>
        <testcase name="test_json_store_as_admin_and_succeed" file="/app/vendor/gammamatrix/playground-test/src/Feature/Http/Controllers/Resource/Playground/StoreJsonTrait.php" line="93" class="Tests\Feature\Playground\Crm\Api\Http\Controllers\Playground\PeopleRouteTest" classname="Tests.Feature.Playground.Crm.Api.Http.Controllers.Playground.PeopleRouteTest" assertions="3" time="0.272444"/>
        <testcase name="test_json_guest_cannot_unlock" file="/app/vendor/gammamatrix/playground-test/src/Feature/Http/Controllers/Resource/Playground/UnlockJsonTrait.php" line="37" class="Tests\Feature\Playground\Crm\Api\Http\Controllers\Playground\PeopleRouteTest" classname="Tests.Feature.Playground.Crm.Api.Http.Controllers.Playground.PeopleRouteTest" assertions="3" time="0.224044"/>
        <testcase name="test_json_unlock_as_admin_and_succeed" file="/app/vendor/gammamatrix/playground-test/src/Feature/Http/Controllers/Resource/Playground/UnlockJsonTrait.php" line="69" class="Tests\Feature\Playground\Crm\Api\Http\Controllers\Playground\PeopleRouteTest" classname="Tests.Feature.Playground.Crm.Api.Http.Controllers.Playground.PeopleRouteTest" assertions="101" time="0.246937"/>
        <testcase name="test_json_unlock_as_admin_and_succeed_with_no_redirect" file="/app/vendor/gammamatrix/playground-test/src/Feature/Http/Controllers/Resource/Playground/UnlockJsonTrait.php" line="105" class="Tests\Feature\Playground\Crm\Api\Http\Controllers\Playground\PeopleRouteTest" classname="Tests.Feature.Playground.Crm.Api.Http.Controllers.Playground.PeopleRouteTest" assertions="101" time="0.249229"/>
        <testcase name="test_json_unlock_as_user_and_get_denied" file="/app/vendor/gammamatrix/playground-test/src/Feature/Http/Controllers/Resource/Playground/UnlockJsonTrait.php" line="146" class="Tests\Feature\Playground\Crm\Api\Http\Controllers\Playground\PeopleRouteTest" classname="Tests.Feature.Playground.Crm.Api.Http.Controllers.Playground.PeopleRouteTest" assertions="3" time="0.237094"/>
        <testcase name="test_json_guest_cannot_update" file="/app/vendor/gammamatrix/playground-test/src/Feature/Http/Controllers/Resource/Playground/UpdateJsonTrait.php" line="46" class="Tests\Feature\Playground\Crm\Api\Http\Controllers\Playground\PeopleRouteTest" classname="Tests.Feature.Playground.Crm.Api.Http.Controllers.Playground.PeopleRouteTest" assertions="1" time="0.227428"/>
        <testcase name="test_json_update_as_admin_without_payload_and_passes_validation" file="/app/vendor/gammamatrix/playground-test/src/Feature/Http/Controllers/Resource/Playground/UpdateJsonTrait.php" line="66" class="Tests\Feature\Playground\Crm\Api\Http\Controllers\Playground\PeopleRouteTest" classname="Tests.Feature.Playground.Crm.Api.Http.Controllers.Playground.PeopleRouteTest" assertions="2" time="0.262912"/>
        <testcase name="test_json_admin_can_update" file="/app/vendor/gammamatrix/playground-test/src/Feature/Http/Controllers/Resource/Playground/UpdateJsonTrait.php" line="114" class="Tests\Feature\Playground\Crm\Api\Http\Controllers\Playground\PeopleRouteTest" classname="Tests.Feature.Playground.Crm.Api.Http.Controllers.Playground.PeopleRouteTest" assertions="103" time="0.313579"/>
      </testsuite>
      <testsuite name="Tests\Feature\Playground\Crm\Api\Http\Requests\FormRequest\InstanceTest" file="/app/tests/Feature/Http/Requests/FormRequest/InstanceTest.php" tests="1" assertions="1" errors="0" failures="0" skipped="0" time="0.200344">
        <testcase name="test_form_request_authorize_with_admin" file="/app/tests/Feature/Http/Requests/FormRequest/InstanceTest.php" line="23" class="Tests\Feature\Playground\Crm\Api\Http\Requests\FormRequest\InstanceTest" classname="Tests.Feature.Playground.Crm.Api.Http.Requests.FormRequest.InstanceTest" assertions="1" time="0.200344"/>
      </testsuite>
    </testsuite>
  </testsuite>
</testsuites>
